[2023-06-10T10:28:01.098Z] [INFO] [MerchantConfig795800671] : "************************ LOGGING START ************************"
[2023-06-10T10:28:01.106Z] [INFO] [ApiClient507067716] : "Authentication Type : http_signature"
[2023-06-10T10:28:01.106Z] [INFO] [ApiClient507067716] : "Request Type : POST"
[2023-06-10T10:28:01.108Z] [INFO] [ApiClient507067716] : "signatureHeader : keyid=\"08c94330-f618-42a3-b09d-e1e43be5efda\", algorithm=\"HmacSHA256\", headers=\"host date (request-target) digest v-c-merchant-id\", signature=\"7wi4nxg8S1sotKykbn1gmdCyetkRbxpQtVWux/mQrAo=\""
[2023-06-10T10:28:01.108Z] [INFO] [ApiClient507067716] : "digest : SHA-256=gRTZAleqw5fC8oXPobjSDX0kYN+EKRvLccUndOgUtnM="
[2023-06-10T10:28:01.108Z] [INFO] [ApiClient507067716] : "v-c-merchant-id : testrest"
[2023-06-10T10:28:01.108Z] [INFO] [ApiClient507067716] : "date : Sat, 10 Jun 2023 10:28:01 GMT"
[2023-06-10T10:28:01.109Z] [INFO] [ApiClient507067716] : "host : apitest.cybersource.com"
[2023-06-10T10:28:01.109Z] [INFO] [ApiClient507067716] : "signature : keyid=\"08c94330-f618-42a3-b09d-e1e43be5efda\", algorithm=\"HmacSHA256\", headers=\"host date (request-target) digest v-c-merchant-id\", signature=\"7wi4nxg8S1sotKykbn1gmdCyetkRbxpQtVWux/mQrAo=\""
[2023-06-10T10:28:01.109Z] [INFO] [ApiClient507067716] : "User-Agent : Mozilla/5.0"
[2023-06-10T10:28:01.109Z] [INFO] [ApiClient507067716] : "************************  LOGGING END  ************************"
[2023-06-10T16:03:41.097Z] [INFO] [MerchantConfig759935347] : "************************ LOGGING START ************************"
[2023-06-10T16:03:41.105Z] [INFO] [ApiClient751813378] : "Authentication Type : http_signature"
[2023-06-10T16:03:41.105Z] [INFO] [ApiClient751813378] : "Request Type : POST"
[2023-06-10T16:03:41.106Z] [INFO] [ApiClient751813378] : "signatureHeader : keyid=\"08c94330-f618-42a3-b09d-e1e43be5efda\", algorithm=\"HmacSHA256\", headers=\"host date (request-target) digest v-c-merchant-id\", signature=\"Caa1Awm6LwxjiZCnfcJ4V2wOBFvgSddfHExZ+Vgkh5U=\""
[2023-06-10T16:03:41.107Z] [INFO] [ApiClient751813378] : "digest : SHA-256=dOTE9w0mkUN7a/GPkTYc12IhUQQ+TY/bfeuhJL/fL1s="
[2023-06-10T16:03:41.107Z] [INFO] [ApiClient751813378] : "v-c-merchant-id : testrest"
[2023-06-10T16:03:41.107Z] [INFO] [ApiClient751813378] : "date : Sat, 10 Jun 2023 16:03:41 GMT"
[2023-06-10T16:03:41.107Z] [INFO] [ApiClient751813378] : "host : apitest.cybersource.com"
[2023-06-10T16:03:41.108Z] [INFO] [ApiClient751813378] : "signature : keyid=\"08c94330-f618-42a3-b09d-e1e43be5efda\", algorithm=\"HmacSHA256\", headers=\"host date (request-target) digest v-c-merchant-id\", signature=\"Caa1Awm6LwxjiZCnfcJ4V2wOBFvgSddfHExZ+Vgkh5U=\""
[2023-06-10T16:03:41.108Z] [INFO] [ApiClient751813378] : "User-Agent : Mozilla/5.0"
[2023-06-10T16:03:41.108Z] [INFO] [ApiClient751813378] : "************************  LOGGING END  ************************"
[2023-06-10T16:05:01.415Z] [INFO] [MerchantConfig891421318] : "************************ LOGGING START ************************"
[2023-06-10T16:05:01.417Z] [INFO] [ApiClient914259181] : "Authentication Type : http_signature"
[2023-06-10T16:05:01.418Z] [INFO] [ApiClient914259181] : "Request Type : POST"
[2023-06-10T16:05:01.418Z] [INFO] [ApiClient914259181] : "signatureHeader : keyid=\"08c94330-f618-42a3-b09d-e1e43be5efda\", algorithm=\"HmacSHA256\", headers=\"host date (request-target) digest v-c-merchant-id\", signature=\"CEY5u47qA96EHe5C12ZlBFNP5xoFxpH1bbyp2dyd2kM=\""
[2023-06-10T16:05:01.418Z] [INFO] [ApiClient914259181] : "digest : SHA-256=dOTE9w0mkUN7a/GPkTYc12IhUQQ+TY/bfeuhJL/fL1s="
[2023-06-10T16:05:01.418Z] [INFO] [ApiClient914259181] : "v-c-merchant-id : testrest"
[2023-06-10T16:05:01.418Z] [INFO] [ApiClient914259181] : "date : Sat, 10 Jun 2023 16:05:01 GMT"
[2023-06-10T16:05:01.418Z] [INFO] [ApiClient914259181] : "host : apitest.cybersource.com"
[2023-06-10T16:05:01.418Z] [INFO] [ApiClient914259181] : "signature : keyid=\"08c94330-f618-42a3-b09d-e1e43be5efda\", algorithm=\"HmacSHA256\", headers=\"host date (request-target) digest v-c-merchant-id\", signature=\"CEY5u47qA96EHe5C12ZlBFNP5xoFxpH1bbyp2dyd2kM=\""
[2023-06-10T16:05:01.419Z] [INFO] [ApiClient914259181] : "User-Agent : Mozilla/5.0"
[2023-06-10T16:05:01.419Z] [INFO] [ApiClient914259181] : "************************  LOGGING END  ************************"
[2023-06-10T16:06:11.220Z] [INFO] [MerchantConfig575067874] : "************************ LOGGING START ************************"
[2023-06-10T16:06:11.225Z] [INFO] [ApiClient345053634] : "Authentication Type : http_signature"
[2023-06-10T16:06:11.226Z] [INFO] [ApiClient345053634] : "Request Type : POST"
[2023-06-10T16:06:11.226Z] [INFO] [ApiClient345053634] : "signatureHeader : keyid=\"08c94330-f618-42a3-b09d-e1e43be5efda\", algorithm=\"HmacSHA256\", headers=\"host date (request-target) digest v-c-merchant-id\", signature=\"005B7/ql47anQ7ujlRbcDVQBTlmMIF+WyBuxR2S7c0Q=\""
[2023-06-10T16:06:11.227Z] [INFO] [ApiClient345053634] : "digest : SHA-256=dOTE9w0mkUN7a/GPkTYc12IhUQQ+TY/bfeuhJL/fL1s="
[2023-06-10T16:06:11.227Z] [INFO] [ApiClient345053634] : "v-c-merchant-id : testrest"
[2023-06-10T16:06:11.227Z] [INFO] [ApiClient345053634] : "date : Sat, 10 Jun 2023 16:06:11 GMT"
[2023-06-10T16:06:11.227Z] [INFO] [ApiClient345053634] : "host : apitest.cybersource.com"
[2023-06-10T16:06:11.227Z] [INFO] [ApiClient345053634] : "signature : keyid=\"08c94330-f618-42a3-b09d-e1e43be5efda\", algorithm=\"HmacSHA256\", headers=\"host date (request-target) digest v-c-merchant-id\", signature=\"005B7/ql47anQ7ujlRbcDVQBTlmMIF+WyBuxR2S7c0Q=\""
[2023-06-10T16:06:11.227Z] [INFO] [ApiClient345053634] : "User-Agent : Mozilla/5.0"
[2023-06-10T16:06:11.227Z] [INFO] [ApiClient345053634] : "************************  LOGGING END  ************************"
[2023-06-10T16:09:13.961Z] [INFO] [MerchantConfig722592316] : "************************ LOGGING START ************************"
[2023-06-10T16:09:13.963Z] [INFO] [ApiClient770529430] : "Authentication Type : http_signature"
[2023-06-10T16:09:13.964Z] [INFO] [ApiClient770529430] : "Request Type : POST"
[2023-06-10T16:09:13.964Z] [INFO] [ApiClient770529430] : "signatureHeader : keyid=\"08c94330-f618-42a3-b09d-e1e43be5efda\", algorithm=\"HmacSHA256\", headers=\"host date (request-target) digest v-c-merchant-id\", signature=\"TwWnvU7UOqeo4F4MMzsY+7B6G1rV8aSRVLKvMi8le78=\""
[2023-06-10T16:09:13.965Z] [INFO] [ApiClient770529430] : "digest : SHA-256=dOTE9w0mkUN7a/GPkTYc12IhUQQ+TY/bfeuhJL/fL1s="
[2023-06-10T16:09:13.965Z] [INFO] [ApiClient770529430] : "v-c-merchant-id : testrest"
[2023-06-10T16:09:13.965Z] [INFO] [ApiClient770529430] : "date : Sat, 10 Jun 2023 16:09:13 GMT"
[2023-06-10T16:09:13.966Z] [INFO] [ApiClient770529430] : "host : apitest.cybersource.com"
[2023-06-10T16:09:13.966Z] [INFO] [ApiClient770529430] : "signature : keyid=\"08c94330-f618-42a3-b09d-e1e43be5efda\", algorithm=\"HmacSHA256\", headers=\"host date (request-target) digest v-c-merchant-id\", signature=\"TwWnvU7UOqeo4F4MMzsY+7B6G1rV8aSRVLKvMi8le78=\""
[2023-06-10T16:09:13.966Z] [INFO] [ApiClient770529430] : "User-Agent : Mozilla/5.0"
[2023-06-10T16:09:13.966Z] [INFO] [ApiClient770529430] : "************************  LOGGING END  ************************"
[2023-06-10T16:12:08.211Z] [INFO] [MerchantConfig689643748] : "************************ LOGGING START ************************"
[2023-06-10T16:12:08.217Z] [INFO] [ApiClient906013090] : "Authentication Type : http_signature"
[2023-06-10T16:12:08.217Z] [INFO] [ApiClient906013090] : "Request Type : POST"
[2023-06-10T16:12:08.218Z] [INFO] [ApiClient906013090] : "signatureHeader : keyid=\"08c94330-f618-42a3-b09d-e1e43be5efda\", algorithm=\"HmacSHA256\", headers=\"host date (request-target) digest v-c-merchant-id\", signature=\"6dtLQN4znGGBv/mbSonLqPqESZTEJzkv7g1yDDtehug=\""
[2023-06-10T16:12:08.218Z] [INFO] [ApiClient906013090] : "digest : SHA-256=dOTE9w0mkUN7a/GPkTYc12IhUQQ+TY/bfeuhJL/fL1s="
[2023-06-10T16:12:08.219Z] [INFO] [ApiClient906013090] : "v-c-merchant-id : testrest"
[2023-06-10T16:12:08.219Z] [INFO] [ApiClient906013090] : "date : Sat, 10 Jun 2023 16:12:08 GMT"
[2023-06-10T16:12:08.219Z] [INFO] [ApiClient906013090] : "host : apitest.cybersource.com"
[2023-06-10T16:12:08.219Z] [INFO] [ApiClient906013090] : "signature : keyid=\"08c94330-f618-42a3-b09d-e1e43be5efda\", algorithm=\"HmacSHA256\", headers=\"host date (request-target) digest v-c-merchant-id\", signature=\"6dtLQN4znGGBv/mbSonLqPqESZTEJzkv7g1yDDtehug=\""
[2023-06-10T16:12:08.219Z] [INFO] [ApiClient906013090] : "User-Agent : Mozilla/5.0"
[2023-06-10T16:12:08.219Z] [INFO] [ApiClient906013090] : "************************  LOGGING END  ************************"
[2023-06-10T16:12:22.667Z] [INFO] [MerchantConfig580705537] : "************************ LOGGING START ************************"
[2023-06-10T16:12:22.671Z] [INFO] [ApiClient203606837] : "Authentication Type : http_signature"
[2023-06-10T16:12:22.671Z] [INFO] [ApiClient203606837] : "Request Type : POST"
[2023-06-10T16:12:22.672Z] [INFO] [ApiClient203606837] : "signatureHeader : keyid=\"08c94330-f618-42a3-b09d-e1e43be5efda\", algorithm=\"HmacSHA256\", headers=\"host date (request-target) digest v-c-merchant-id\", signature=\"DWVP/BuszjJcOsxLHZiwVFodhV9HbMdUdSk3DFhFNmM=\""
[2023-06-10T16:12:22.672Z] [INFO] [ApiClient203606837] : "digest : SHA-256=dOTE9w0mkUN7a/GPkTYc12IhUQQ+TY/bfeuhJL/fL1s="
[2023-06-10T16:12:22.672Z] [INFO] [ApiClient203606837] : "v-c-merchant-id : testrest"
[2023-06-10T16:12:22.672Z] [INFO] [ApiClient203606837] : "date : Sat, 10 Jun 2023 16:12:22 GMT"
[2023-06-10T16:12:22.672Z] [INFO] [ApiClient203606837] : "host : apitest.cybersource.com"
[2023-06-10T16:12:22.672Z] [INFO] [ApiClient203606837] : "signature : keyid=\"08c94330-f618-42a3-b09d-e1e43be5efda\", algorithm=\"HmacSHA256\", headers=\"host date (request-target) digest v-c-merchant-id\", signature=\"DWVP/BuszjJcOsxLHZiwVFodhV9HbMdUdSk3DFhFNmM=\""
[2023-06-10T16:12:22.672Z] [INFO] [ApiClient203606837] : "User-Agent : Mozilla/5.0"
[2023-06-10T16:12:22.673Z] [INFO] [ApiClient203606837] : "************************  LOGGING END  ************************"
[2023-06-10T16:14:41.459Z] [INFO] [MerchantConfig262821735] : "************************ LOGGING START ************************"
[2023-06-10T16:14:41.465Z] [INFO] [ApiClient650627984] : "Authentication Type : http_signature"
[2023-06-10T16:14:41.465Z] [INFO] [ApiClient650627984] : "Request Type : POST"
[2023-06-10T16:14:41.470Z] [INFO] [ApiClient650627984] : "signatureHeader : keyid=\"08c94330-f618-42a3-b09d-e1e43be5efda\", algorithm=\"HmacSHA256\", headers=\"host date (request-target) digest v-c-merchant-id\", signature=\"BBkOz7FiajUaubovxdPkv+g13AaEdUC53EUjPIdfKmw=\""
[2023-06-10T16:14:41.470Z] [INFO] [ApiClient650627984] : "digest : SHA-256=dOTE9w0mkUN7a/GPkTYc12IhUQQ+TY/bfeuhJL/fL1s="
[2023-06-10T16:14:41.470Z] [INFO] [ApiClient650627984] : "v-c-merchant-id : testrest"
[2023-06-10T16:14:41.471Z] [INFO] [ApiClient650627984] : "date : Sat, 10 Jun 2023 16:14:41 GMT"
[2023-06-10T16:14:41.472Z] [INFO] [ApiClient650627984] : "host : apitest.cybersource.com"
[2023-06-10T16:14:41.472Z] [INFO] [ApiClient650627984] : "signature : keyid=\"08c94330-f618-42a3-b09d-e1e43be5efda\", algorithm=\"HmacSHA256\", headers=\"host date (request-target) digest v-c-merchant-id\", signature=\"BBkOz7FiajUaubovxdPkv+g13AaEdUC53EUjPIdfKmw=\""
[2023-06-10T16:14:41.472Z] [INFO] [ApiClient650627984] : "User-Agent : Mozilla/5.0"
[2023-06-10T16:14:41.472Z] [INFO] [ApiClient650627984] : "************************  LOGGING END  ************************"
[2023-06-10T16:16:37.319Z] [INFO] [ApiClient203377427] : "Authentication Type : http_signature"
[2023-06-10T16:16:37.319Z] [INFO] [ApiClient203377427] : "Request Type : POST"
[2023-06-10T16:16:37.319Z] [INFO] [ApiClient203377427] : "signatureHeader : keyid=\"08c94330-f618-42a3-b09d-e1e43be5efda\", algorithm=\"HmacSHA256\", headers=\"host date (request-target) digest v-c-merchant-id\", signature=\"5p/l+L5lFaiBII4CkrtWDcb5tF6Y4BpZTKcjjO4Ijag=\""
[2023-06-10T16:16:37.320Z] [INFO] [ApiClient203377427] : "digest : SHA-256=iLe31sVeDDCV9VN2mM9xqI4Ki2p/pfPQulw3cgh7IEE="
[2023-06-10T16:16:37.320Z] [INFO] [ApiClient203377427] : "v-c-merchant-id : testrest"
[2023-06-10T16:16:37.312Z] [INFO] [MerchantConfig289155636] : "************************ LOGGING START ************************"
[2023-06-10T16:16:37.321Z] [INFO] [ApiClient203377427] : "date : Sat, 10 Jun 2023 16:16:37 GMT"
[2023-06-10T16:16:37.321Z] [INFO] [ApiClient203377427] : "host : apitest.cybersource.com"
[2023-06-10T16:16:37.321Z] [INFO] [ApiClient203377427] : "signature : keyid=\"08c94330-f618-42a3-b09d-e1e43be5efda\", algorithm=\"HmacSHA256\", headers=\"host date (request-target) digest v-c-merchant-id\", signature=\"5p/l+L5lFaiBII4CkrtWDcb5tF6Y4BpZTKcjjO4Ijag=\""
[2023-06-10T16:16:37.322Z] [INFO] [ApiClient203377427] : "User-Agent : Mozilla/5.0"
[2023-06-10T16:16:37.322Z] [INFO] [ApiClient203377427] : "************************  LOGGING END  ************************"
[2023-06-10T16:17:52.565Z] [INFO] [MerchantConfig470162328] : "************************ LOGGING START ************************"
[2023-06-10T16:17:52.568Z] [INFO] [ApiClient648324753] : "Authentication Type : http_signature"
[2023-06-10T16:17:52.569Z] [INFO] [ApiClient648324753] : "Request Type : POST"
[2023-06-10T16:17:52.569Z] [INFO] [ApiClient648324753] : "signatureHeader : keyid=\"08c94330-f618-42a3-b09d-e1e43be5efda\", algorithm=\"HmacSHA256\", headers=\"host date (request-target) digest v-c-merchant-id\", signature=\"rbAkjnF7B382cGqSCQRynwe6MFYY5vO0Wn05DqSXymc=\""
[2023-06-10T16:17:52.570Z] [INFO] [ApiClient648324753] : "digest : SHA-256=dOTE9w0mkUN7a/GPkTYc12IhUQQ+TY/bfeuhJL/fL1s="
[2023-06-10T16:17:52.570Z] [INFO] [ApiClient648324753] : "v-c-merchant-id : testrest"
[2023-06-10T16:17:52.570Z] [INFO] [ApiClient648324753] : "date : Sat, 10 Jun 2023 16:17:52 GMT"
[2023-06-10T16:17:52.570Z] [INFO] [ApiClient648324753] : "host : apitest.cybersource.com"
[2023-06-10T16:17:52.571Z] [INFO] [ApiClient648324753] : "signature : keyid=\"08c94330-f618-42a3-b09d-e1e43be5efda\", algorithm=\"HmacSHA256\", headers=\"host date (request-target) digest v-c-merchant-id\", signature=\"rbAkjnF7B382cGqSCQRynwe6MFYY5vO0Wn05DqSXymc=\""
[2023-06-10T16:17:52.571Z] [INFO] [ApiClient648324753] : "User-Agent : Mozilla/5.0"
[2023-06-10T16:17:52.571Z] [INFO] [ApiClient648324753] : "************************  LOGGING END  ************************"
[2023-06-10T16:38:41.617Z] [INFO] [MerchantConfig735397054] : "************************ LOGGING START ************************"
[2023-06-10T16:38:41.621Z] [INFO] [ApiClient798300863] : "Authentication Type : http_signature"
[2023-06-10T16:38:41.621Z] [INFO] [ApiClient798300863] : "Request Type : POST"
[2023-06-10T16:38:41.622Z] [INFO] [ApiClient798300863] : "signatureHeader : keyid=\"08c94330-f618-42a3-b09d-e1e43be5efda\", algorithm=\"HmacSHA256\", headers=\"host date (request-target) digest v-c-merchant-id\", signature=\"yuSb+X63xtEY+eX9fykZ+BZaqhwZc98r2l0rZrLq8Rs=\""
[2023-06-10T16:38:41.622Z] [INFO] [ApiClient798300863] : "digest : SHA-256=Pk1Zcho/S355oVzCt4+zT1FXHESvtl0X7KtAsBUEWzs="
[2023-06-10T16:38:41.622Z] [INFO] [ApiClient798300863] : "v-c-merchant-id : testrest"
[2023-06-10T16:38:41.622Z] [INFO] [ApiClient798300863] : "date : Sat, 10 Jun 2023 16:38:41 GMT"
[2023-06-10T16:38:41.623Z] [INFO] [ApiClient798300863] : "host : apitest.cybersource.com"
[2023-06-10T16:38:41.623Z] [INFO] [ApiClient798300863] : "signature : keyid=\"08c94330-f618-42a3-b09d-e1e43be5efda\", algorithm=\"HmacSHA256\", headers=\"host date (request-target) digest v-c-merchant-id\", signature=\"yuSb+X63xtEY+eX9fykZ+BZaqhwZc98r2l0rZrLq8Rs=\""
[2023-06-10T16:38:41.623Z] [INFO] [ApiClient798300863] : "User-Agent : Mozilla/5.0"
[2023-06-10T16:38:41.623Z] [INFO] [ApiClient798300863] : "************************  LOGGING END  ************************"
