[2023-07-29T05:21:07.447Z] [INFO] [MerchantConfig558214335] : "************************ LOGGING START ************************"
[2023-07-29T05:21:07.455Z] [INFO] [ApiClient496503778] : "Authentication Type : http_signature"
[2023-07-29T05:21:07.456Z] [INFO] [ApiClient496503778] : "Request Type : POST"
[2023-07-29T05:21:07.462Z] [INFO] [ApiClient496503778] : "signatureHeader : keyid=\"08c94330-f618-42a3-b09d-e1e43be5efda\", algorithm=\"HmacSHA256\", headers=\"host date (request-target) digest v-c-merchant-id\", signature=\"DIMW4CdYuVI8ow18/m8dBGNmMis/HEom/1BVbwTehvM=\""
[2023-07-29T05:21:07.463Z] [INFO] [ApiClient496503778] : "digest : SHA-256=+ufPM6vj7vM3tPrGFPVmdHzzRtnaKbURnQVT8AortW0="
[2023-07-29T05:21:07.463Z] [INFO] [ApiClient496503778] : "v-c-merchant-id : testrest"
[2023-07-29T05:21:07.463Z] [INFO] [ApiClient496503778] : "date : Sat, 29 Jul 2023 05:21:07 GMT"
[2023-07-29T05:21:07.463Z] [INFO] [ApiClient496503778] : "host : apitest.cybersource.com"
[2023-07-29T05:21:07.464Z] [INFO] [ApiClient496503778] : "signature : keyid=\"08c94330-f618-42a3-b09d-e1e43be5efda\", algorithm=\"HmacSHA256\", headers=\"host date (request-target) digest v-c-merchant-id\", signature=\"DIMW4CdYuVI8ow18/m8dBGNmMis/HEom/1BVbwTehvM=\""
[2023-07-29T05:21:07.464Z] [INFO] [ApiClient496503778] : "User-Agent : Mozilla/5.0"
[2023-07-29T05:21:07.464Z] [INFO] [ApiClient496503778] : "************************  LOGGING END  ************************"
[2023-07-29T05:22:10.067Z] [INFO] [MerchantConfig429642211] : "************************ LOGGING START ************************"
[2023-07-29T05:22:10.070Z] [INFO] [ApiClient441743357] : "Authentication Type : http_signature"
[2023-07-29T05:22:10.070Z] [INFO] [ApiClient441743357] : "Request Type : POST"
[2023-07-29T05:22:10.070Z] [INFO] [ApiClient441743357] : "signatureHeader : keyid=\"08c94330-f618-42a3-b09d-e1e43be5efda\", algorithm=\"HmacSHA256\", headers=\"host date (request-target) digest v-c-merchant-id\", signature=\"ar+ZYmS8uth+G/dI+GZ+JaJ7iQ3oMhzYmg+cp0Y/WaI=\""
[2023-07-29T05:22:10.071Z] [INFO] [ApiClient441743357] : "digest : SHA-256=RFW1h8ND8g5vQmnAI9O6BXLyRkVJ2EVaIkgc9nvEXIM="
[2023-07-29T05:22:10.071Z] [INFO] [ApiClient441743357] : "v-c-merchant-id : testrest"
[2023-07-29T05:22:10.072Z] [INFO] [ApiClient441743357] : "date : Sat, 29 Jul 2023 05:22:10 GMT"
[2023-07-29T05:22:10.072Z] [INFO] [ApiClient441743357] : "host : apitest.cybersource.com"
[2023-07-29T05:22:10.072Z] [INFO] [ApiClient441743357] : "signature : keyid=\"08c94330-f618-42a3-b09d-e1e43be5efda\", algorithm=\"HmacSHA256\", headers=\"host date (request-target) digest v-c-merchant-id\", signature=\"ar+ZYmS8uth+G/dI+GZ+JaJ7iQ3oMhzYmg+cp0Y/WaI=\""
[2023-07-29T05:22:10.072Z] [INFO] [ApiClient441743357] : "User-Agent : Mozilla/5.0"
[2023-07-29T05:22:10.073Z] [INFO] [ApiClient441743357] : "************************  LOGGING END  ************************"
[2023-07-29T05:24:13.174Z] [INFO] [ApiClient648623838] : "Authentication Type : http_signature"
[2023-07-29T05:24:13.174Z] [INFO] [ApiClient648623838] : "Request Type : POST"
[2023-07-29T05:24:13.175Z] [INFO] [ApiClient648623838] : "signatureHeader : keyid=\"08c94330-f618-42a3-b09d-e1e43be5efda\", algorithm=\"HmacSHA256\", headers=\"host date (request-target) digest v-c-merchant-id\", signature=\"1MtsxqBZRHUMwIYxFHUAYGETWWrDZNNUrePGxu0UU04=\""
[2023-07-29T05:24:13.176Z] [INFO] [ApiClient648623838] : "digest : SHA-256=T5nKGpyALCskW4LQrXX+05of79CezNrw40tEDsl5fzk="
[2023-07-29T05:24:13.177Z] [INFO] [ApiClient648623838] : "v-c-merchant-id : testrest"
[2023-07-29T05:24:13.168Z] [INFO] [MerchantConfig19592276] : "************************ LOGGING START ************************"
[2023-07-29T05:24:13.178Z] [INFO] [ApiClient648623838] : "date : Sat, 29 Jul 2023 05:24:13 GMT"
[2023-07-29T05:24:13.178Z] [INFO] [ApiClient648623838] : "host : apitest.cybersource.com"
[2023-07-29T05:24:13.178Z] [INFO] [ApiClient648623838] : "signature : keyid=\"08c94330-f618-42a3-b09d-e1e43be5efda\", algorithm=\"HmacSHA256\", headers=\"host date (request-target) digest v-c-merchant-id\", signature=\"1MtsxqBZRHUMwIYxFHUAYGETWWrDZNNUrePGxu0UU04=\""
[2023-07-29T05:24:13.178Z] [INFO] [ApiClient648623838] : "User-Agent : Mozilla/5.0"
[2023-07-29T05:24:13.179Z] [INFO] [ApiClient648623838] : "************************  LOGGING END  ************************"
[2023-07-29T05:24:45.907Z] [INFO] [MerchantConfig684350290] : "************************ LOGGING START ************************"
[2023-07-29T05:24:45.910Z] [INFO] [ApiClient355602129] : "Authentication Type : http_signature"
[2023-07-29T05:24:45.910Z] [INFO] [ApiClient355602129] : "Request Type : POST"
[2023-07-29T05:24:45.910Z] [INFO] [ApiClient355602129] : "signatureHeader : keyid=\"08c94330-f618-42a3-b09d-e1e43be5efda\", algorithm=\"HmacSHA256\", headers=\"host date (request-target) digest v-c-merchant-id\", signature=\"OBXwgr6iQ0uSvW2bYF2DK86xQGVFy0aD2CYqi/cSc2U=\""
[2023-07-29T05:24:45.911Z] [INFO] [ApiClient355602129] : "digest : SHA-256=hNlJeV3X5V9+sda9Qw9WIqSiQTZiAxGPwZlJJrludew="
[2023-07-29T05:24:45.911Z] [INFO] [ApiClient355602129] : "v-c-merchant-id : testrest"
[2023-07-29T05:24:45.911Z] [INFO] [ApiClient355602129] : "date : Sat, 29 Jul 2023 05:24:45 GMT"
[2023-07-29T05:24:45.911Z] [INFO] [ApiClient355602129] : "host : apitest.cybersource.com"
[2023-07-29T05:24:45.911Z] [INFO] [ApiClient355602129] : "signature : keyid=\"08c94330-f618-42a3-b09d-e1e43be5efda\", algorithm=\"HmacSHA256\", headers=\"host date (request-target) digest v-c-merchant-id\", signature=\"OBXwgr6iQ0uSvW2bYF2DK86xQGVFy0aD2CYqi/cSc2U=\""
[2023-07-29T05:24:45.911Z] [INFO] [ApiClient355602129] : "User-Agent : Mozilla/5.0"
[2023-07-29T05:24:45.911Z] [INFO] [ApiClient355602129] : "************************  LOGGING END  ************************"
[2023-07-29T10:09:25.875Z] [INFO] [ApiClient260811576] : "Authentication Type : http_signature"
[2023-07-29T10:09:25.876Z] [INFO] [ApiClient260811576] : "Request Type : POST"
[2023-07-29T10:09:25.876Z] [INFO] [ApiClient260811576] : "signatureHeader : keyid=\"08c94330-f618-42a3-b09d-e1e43be5efda\", algorithm=\"HmacSHA256\", headers=\"host date (request-target) digest v-c-merchant-id\", signature=\"xGN1KUyRP9PhGtT3XGqZ08ep9BUEN8hdAPPHA4C8ues=\""
[2023-07-29T10:09:25.876Z] [INFO] [ApiClient260811576] : "digest : SHA-256=tlOS4UCXb9F73/op5yfoeobMRR1ITgZ4r+voadZxdfs="
[2023-07-29T10:09:25.876Z] [INFO] [ApiClient260811576] : "v-c-merchant-id : testrest"
[2023-07-29T10:09:25.877Z] [INFO] [ApiClient260811576] : "date : Sat, 29 Jul 2023 10:09:25 GMT"
[2023-07-29T10:09:25.877Z] [INFO] [ApiClient260811576] : "host : apitest.cybersource.com"
[2023-07-29T10:09:25.877Z] [INFO] [ApiClient260811576] : "signature : keyid=\"08c94330-f618-42a3-b09d-e1e43be5efda\", algorithm=\"HmacSHA256\", headers=\"host date (request-target) digest v-c-merchant-id\", signature=\"xGN1KUyRP9PhGtT3XGqZ08ep9BUEN8hdAPPHA4C8ues=\""
[2023-07-29T10:09:25.877Z] [INFO] [ApiClient260811576] : "User-Agent : Mozilla/5.0"
[2023-07-29T10:09:25.878Z] [INFO] [ApiClient260811576] : "************************  LOGGING END  ************************"
[2023-07-29T10:09:25.868Z] [INFO] [MerchantConfig424312601] : "************************ LOGGING START ************************"
[2023-07-29T10:10:42.947Z] [INFO] [MerchantConfig745303485] : "************************ LOGGING START ************************"
[2023-07-29T10:10:42.952Z] [INFO] [ApiClient879127171] : "Authentication Type : http_signature"
[2023-07-29T10:10:42.953Z] [INFO] [ApiClient879127171] : "Request Type : POST"
[2023-07-29T10:10:42.954Z] [INFO] [ApiClient879127171] : "signatureHeader : keyid=\"08c94330-f618-42a3-b09d-e1e43be5efda\", algorithm=\"HmacSHA256\", headers=\"host date (request-target) digest v-c-merchant-id\", signature=\"pOImfY3EE03hHhptfL/FT8vSTaA8ur/aGAsBPkgDDgE=\""
[2023-07-29T10:10:42.954Z] [INFO] [ApiClient879127171] : "digest : SHA-256=VfvQ50yjkZUzMv+4oHcn0lJLQ8Wd0HPJaio8DEI2LRs="
[2023-07-29T10:10:42.954Z] [INFO] [ApiClient879127171] : "v-c-merchant-id : testrest"
[2023-07-29T10:10:42.955Z] [INFO] [ApiClient879127171] : "date : Sat, 29 Jul 2023 10:10:42 GMT"
[2023-07-29T10:10:42.955Z] [INFO] [ApiClient879127171] : "host : apitest.cybersource.com"
[2023-07-29T10:10:42.955Z] [INFO] [ApiClient879127171] : "signature : keyid=\"08c94330-f618-42a3-b09d-e1e43be5efda\", algorithm=\"HmacSHA256\", headers=\"host date (request-target) digest v-c-merchant-id\", signature=\"pOImfY3EE03hHhptfL/FT8vSTaA8ur/aGAsBPkgDDgE=\""
[2023-07-29T10:10:42.955Z] [INFO] [ApiClient879127171] : "User-Agent : Mozilla/5.0"
[2023-07-29T10:10:42.955Z] [INFO] [ApiClient879127171] : "************************  LOGGING END  ************************"
[2023-07-29T10:11:40.133Z] [INFO] [MerchantConfig849726874] : "************************ LOGGING START ************************"
[2023-07-29T10:11:40.137Z] [INFO] [ApiClient131623962] : "Authentication Type : http_signature"
[2023-07-29T10:11:40.137Z] [INFO] [ApiClient131623962] : "Request Type : POST"
[2023-07-29T10:11:40.138Z] [INFO] [ApiClient131623962] : "signatureHeader : keyid=\"08c94330-f618-42a3-b09d-e1e43be5efda\", algorithm=\"HmacSHA256\", headers=\"host date (request-target) digest v-c-merchant-id\", signature=\"zZ26gsIrka2C3l8gXIDn1/JQlXKa9ofU/QVOy2qSKVI=\""
[2023-07-29T10:11:40.138Z] [INFO] [ApiClient131623962] : "digest : SHA-256=Dzdey7ggmqeyWAOPVGsum2zZ97xMB1p8XXyodF5IuBs="
[2023-07-29T10:11:40.139Z] [INFO] [ApiClient131623962] : "v-c-merchant-id : testrest"
[2023-07-29T10:11:40.139Z] [INFO] [ApiClient131623962] : "date : Sat, 29 Jul 2023 10:11:40 GMT"
[2023-07-29T10:11:40.139Z] [INFO] [ApiClient131623962] : "host : apitest.cybersource.com"
[2023-07-29T10:11:40.139Z] [INFO] [ApiClient131623962] : "signature : keyid=\"08c94330-f618-42a3-b09d-e1e43be5efda\", algorithm=\"HmacSHA256\", headers=\"host date (request-target) digest v-c-merchant-id\", signature=\"zZ26gsIrka2C3l8gXIDn1/JQlXKa9ofU/QVOy2qSKVI=\""
[2023-07-29T10:11:40.139Z] [INFO] [ApiClient131623962] : "User-Agent : Mozilla/5.0"
[2023-07-29T10:11:40.139Z] [INFO] [ApiClient131623962] : "************************  LOGGING END  ************************"
