[2023-06-11T13:42:52.411Z] [INFO] [MerchantConfig145527259] : "************************ LOGGING START ************************"
[2023-06-11T13:42:52.428Z] [INFO] [ApiClient233118085] : "Authentication Type : http_signature"
[2023-06-11T13:42:52.428Z] [INFO] [ApiClient233118085] : "Request Type : POST"
[2023-06-11T13:42:52.430Z] [INFO] [ApiClient233118085] : "signatureHeader : keyid=\"08c94330-f618-42a3-b09d-e1e43be5efda\", algorithm=\"HmacSHA256\", headers=\"host date (request-target) digest v-c-merchant-id\", signature=\"15ZIMaRyLcMONKFXmIxsvNkd9D11Ctg4VuSOJKCQ0hE=\""
[2023-06-11T13:42:52.430Z] [INFO] [ApiClient233118085] : "digest : SHA-256=kGYT3gqNcDV5Io9ACagV9/sKMGs5NpwUmEDJ+QubL0E="
[2023-06-11T13:42:52.430Z] [INFO] [ApiClient233118085] : "v-c-merchant-id : testrest"
[2023-06-11T13:42:52.430Z] [INFO] [ApiClient233118085] : "date : Sun, 11 Jun 2023 13:42:52 GMT"
[2023-06-11T13:42:52.430Z] [INFO] [ApiClient233118085] : "host : apitest.cybersource.com"
[2023-06-11T13:42:52.431Z] [INFO] [ApiClient233118085] : "signature : keyid=\"08c94330-f618-42a3-b09d-e1e43be5efda\", algorithm=\"HmacSHA256\", headers=\"host date (request-target) digest v-c-merchant-id\", signature=\"15ZIMaRyLcMONKFXmIxsvNkd9D11Ctg4VuSOJKCQ0hE=\""
[2023-06-11T13:42:52.431Z] [INFO] [ApiClient233118085] : "User-Agent : Mozilla/5.0"
[2023-06-11T13:42:52.431Z] [INFO] [ApiClient233118085] : "************************  LOGGING END  ************************"
[2023-06-11T13:45:09.784Z] [INFO] [MerchantConfig898028192] : "************************ LOGGING START ************************"
[2023-06-11T13:45:09.797Z] [INFO] [ApiClient514546399] : "Authentication Type : http_signature"
[2023-06-11T13:45:09.798Z] [INFO] [ApiClient514546399] : "Request Type : POST"
[2023-06-11T13:45:09.803Z] [INFO] [ApiClient514546399] : "signatureHeader : keyid=\"08c94330-f618-42a3-b09d-e1e43be5efda\", algorithm=\"HmacSHA256\", headers=\"host date (request-target) digest v-c-merchant-id\", signature=\"TMfYUjNsaiILIc3kmwA74kebcGsptKkg0VnTzvvKUUk=\""
[2023-06-11T13:45:09.805Z] [INFO] [ApiClient514546399] : "digest : SHA-256=kGYT3gqNcDV5Io9ACagV9/sKMGs5NpwUmEDJ+QubL0E="
[2023-06-11T13:45:09.806Z] [INFO] [ApiClient514546399] : "v-c-merchant-id : testrest"
[2023-06-11T13:45:09.807Z] [INFO] [ApiClient514546399] : "date : Sun, 11 Jun 2023 13:45:09 GMT"
[2023-06-11T13:45:09.807Z] [INFO] [ApiClient514546399] : "host : apitest.cybersource.com"
[2023-06-11T13:45:09.808Z] [INFO] [ApiClient514546399] : "signature : keyid=\"08c94330-f618-42a3-b09d-e1e43be5efda\", algorithm=\"HmacSHA256\", headers=\"host date (request-target) digest v-c-merchant-id\", signature=\"TMfYUjNsaiILIc3kmwA74kebcGsptKkg0VnTzvvKUUk=\""
[2023-06-11T13:45:09.808Z] [INFO] [ApiClient514546399] : "User-Agent : Mozilla/5.0"
[2023-06-11T13:45:09.808Z] [INFO] [ApiClient514546399] : "************************  LOGGING END  ************************"
[2023-06-11T13:45:48.332Z] [INFO] [MerchantConfig358854863] : "************************ LOGGING START ************************"
[2023-06-11T13:45:48.340Z] [INFO] [ApiClient31408146] : "Authentication Type : http_signature"
[2023-06-11T13:45:48.341Z] [INFO] [ApiClient31408146] : "Request Type : POST"
[2023-06-11T13:45:48.341Z] [INFO] [ApiClient31408146] : "signatureHeader : keyid=\"08c94330-f618-42a3-b09d-e1e43be5efda\", algorithm=\"HmacSHA256\", headers=\"host date (request-target) digest v-c-merchant-id\", signature=\"GSOb6I0gOxv33FBBhrL+hfJssGVy3et1JanbdhnGQz4=\""
[2023-06-11T13:45:48.342Z] [INFO] [ApiClient31408146] : "digest : SHA-256=kGYT3gqNcDV5Io9ACagV9/sKMGs5NpwUmEDJ+QubL0E="
[2023-06-11T13:45:48.343Z] [INFO] [ApiClient31408146] : "v-c-merchant-id : testrest"
[2023-06-11T13:45:48.343Z] [INFO] [ApiClient31408146] : "date : Sun, 11 Jun 2023 13:45:48 GMT"
[2023-06-11T13:45:48.343Z] [INFO] [ApiClient31408146] : "host : apitest.cybersource.com"
[2023-06-11T13:45:48.343Z] [INFO] [ApiClient31408146] : "signature : keyid=\"08c94330-f618-42a3-b09d-e1e43be5efda\", algorithm=\"HmacSHA256\", headers=\"host date (request-target) digest v-c-merchant-id\", signature=\"GSOb6I0gOxv33FBBhrL+hfJssGVy3et1JanbdhnGQz4=\""
[2023-06-11T13:45:48.344Z] [INFO] [ApiClient31408146] : "User-Agent : Mozilla/5.0"
[2023-06-11T13:45:48.344Z] [INFO] [ApiClient31408146] : "************************  LOGGING END  ************************"
[2023-06-11T14:06:15.564Z] [INFO] [MerchantConfig578517334] : "************************ LOGGING START ************************"
[2023-06-11T14:06:15.572Z] [INFO] [ApiClient212259927] : "Authentication Type : http_signature"
[2023-06-11T14:06:15.572Z] [INFO] [ApiClient212259927] : "Request Type : POST"
[2023-06-11T14:06:15.573Z] [INFO] [ApiClient212259927] : "signatureHeader : keyid=\"08c94330-f618-42a3-b09d-e1e43be5efda\", algorithm=\"HmacSHA256\", headers=\"host date (request-target) digest v-c-merchant-id\", signature=\"RdYHy0XBxtNM1GOCbz1n6ci/nN/rT+MT6zRwnE8NeJU=\""
[2023-06-11T14:06:15.574Z] [INFO] [ApiClient212259927] : "digest : SHA-256=LwryCT3C5dcZUXA2Y06BiP0REFCvstmjXu/x6NlOPhI="
[2023-06-11T14:06:15.574Z] [INFO] [ApiClient212259927] : "v-c-merchant-id : testrest"
[2023-06-11T14:06:15.574Z] [INFO] [ApiClient212259927] : "date : Sun, 11 Jun 2023 14:06:15 GMT"
[2023-06-11T14:06:15.574Z] [INFO] [ApiClient212259927] : "host : apitest.cybersource.com"
[2023-06-11T14:06:15.574Z] [INFO] [ApiClient212259927] : "signature : keyid=\"08c94330-f618-42a3-b09d-e1e43be5efda\", algorithm=\"HmacSHA256\", headers=\"host date (request-target) digest v-c-merchant-id\", signature=\"RdYHy0XBxtNM1GOCbz1n6ci/nN/rT+MT6zRwnE8NeJU=\""
[2023-06-11T14:06:15.574Z] [INFO] [ApiClient212259927] : "User-Agent : Mozilla/5.0"
[2023-06-11T14:06:15.575Z] [INFO] [ApiClient212259927] : "************************  LOGGING END  ************************"
[2023-06-11T16:31:29.327Z] [INFO] [MerchantConfig854163721] : "************************ LOGGING START ************************"
[2023-06-11T16:31:29.339Z] [INFO] [ApiClient916623517] : "Authentication Type : http_signature"
[2023-06-11T16:31:29.339Z] [INFO] [ApiClient916623517] : "Request Type : POST"
[2023-06-11T16:31:29.341Z] [INFO] [ApiClient916623517] : "signatureHeader : keyid=\"08c94330-f618-42a3-b09d-e1e43be5efda\", algorithm=\"HmacSHA256\", headers=\"host date (request-target) digest v-c-merchant-id\", signature=\"K3W9V/rmhwCBPdGurncyCeD6U1V7CGqPrerH0VO9w8E=\""
[2023-06-11T16:31:29.341Z] [INFO] [ApiClient916623517] : "digest : SHA-256=1cQ7Sh21AahmFJC//r59IKAtB5CQB4fkDEQi+AoTb/A="
[2023-06-11T16:31:29.341Z] [INFO] [ApiClient916623517] : "v-c-merchant-id : testrest"
[2023-06-11T16:31:29.342Z] [INFO] [ApiClient916623517] : "date : Sun, 11 Jun 2023 16:31:29 GMT"
[2023-06-11T16:31:29.342Z] [INFO] [ApiClient916623517] : "host : apitest.cybersource.com"
[2023-06-11T16:31:29.343Z] [INFO] [ApiClient916623517] : "signature : keyid=\"08c94330-f618-42a3-b09d-e1e43be5efda\", algorithm=\"HmacSHA256\", headers=\"host date (request-target) digest v-c-merchant-id\", signature=\"K3W9V/rmhwCBPdGurncyCeD6U1V7CGqPrerH0VO9w8E=\""
[2023-06-11T16:31:29.347Z] [INFO] [ApiClient916623517] : "User-Agent : Mozilla/5.0"
[2023-06-11T16:31:29.349Z] [INFO] [ApiClient916623517] : "************************  LOGGING END  ************************"
[2023-06-11T16:33:05.611Z] [INFO] [MerchantConfig938893176] : "************************ LOGGING START ************************"
[2023-06-11T16:33:05.615Z] [INFO] [ApiClient589628922] : "Authentication Type : http_signature"
[2023-06-11T16:33:05.616Z] [INFO] [ApiClient589628922] : "Request Type : POST"
[2023-06-11T16:33:05.616Z] [INFO] [ApiClient589628922] : "signatureHeader : keyid=\"08c94330-f618-42a3-b09d-e1e43be5efda\", algorithm=\"HmacSHA256\", headers=\"host date (request-target) digest v-c-merchant-id\", signature=\"pdO2GAkttt5QpkLpt305V421eWuVitbDwWBbbaXyueY=\""
[2023-06-11T16:33:05.617Z] [INFO] [ApiClient589628922] : "digest : SHA-256=2XvJU7FCQF4m1kdjEAcfaISxzFOUCz4KQ4mtfmEfR1o="
[2023-06-11T16:33:05.617Z] [INFO] [ApiClient589628922] : "v-c-merchant-id : testrest"
[2023-06-11T16:33:05.618Z] [INFO] [ApiClient589628922] : "date : Sun, 11 Jun 2023 16:33:05 GMT"
[2023-06-11T16:33:05.618Z] [INFO] [ApiClient589628922] : "host : apitest.cybersource.com"
[2023-06-11T16:33:05.618Z] [INFO] [ApiClient589628922] : "signature : keyid=\"08c94330-f618-42a3-b09d-e1e43be5efda\", algorithm=\"HmacSHA256\", headers=\"host date (request-target) digest v-c-merchant-id\", signature=\"pdO2GAkttt5QpkLpt305V421eWuVitbDwWBbbaXyueY=\""
[2023-06-11T16:33:05.619Z] [INFO] [ApiClient589628922] : "User-Agent : Mozilla/5.0"
[2023-06-11T16:33:05.619Z] [INFO] [ApiClient589628922] : "************************  LOGGING END  ************************"
[2023-06-11T16:35:10.457Z] [INFO] [MerchantConfig567809573] : "************************ LOGGING START ************************"
[2023-06-11T16:35:10.468Z] [INFO] [ApiClient237944822] : "Authentication Type : http_signature"
[2023-06-11T16:35:10.468Z] [INFO] [ApiClient237944822] : "Request Type : POST"
[2023-06-11T16:35:10.475Z] [INFO] [ApiClient237944822] : "signatureHeader : keyid=\"08c94330-f618-42a3-b09d-e1e43be5efda\", algorithm=\"HmacSHA256\", headers=\"host date (request-target) digest v-c-merchant-id\", signature=\"2uHNj8Zi4LwyVNirdnmyCWL9gWo0p9S4jeGiQJSL+wg=\""
[2023-06-11T16:35:10.475Z] [INFO] [ApiClient237944822] : "digest : SHA-256=JXLXRpXHxw5Z5GUim5LZYwCkjWtIfqBdK/kQoBLyluE="
[2023-06-11T16:35:10.475Z] [INFO] [ApiClient237944822] : "v-c-merchant-id : testrest"
[2023-06-11T16:35:10.476Z] [INFO] [ApiClient237944822] : "date : Sun, 11 Jun 2023 16:35:10 GMT"
[2023-06-11T16:35:10.476Z] [INFO] [ApiClient237944822] : "host : apitest.cybersource.com"
[2023-06-11T16:35:10.476Z] [INFO] [ApiClient237944822] : "signature : keyid=\"08c94330-f618-42a3-b09d-e1e43be5efda\", algorithm=\"HmacSHA256\", headers=\"host date (request-target) digest v-c-merchant-id\", signature=\"2uHNj8Zi4LwyVNirdnmyCWL9gWo0p9S4jeGiQJSL+wg=\""
[2023-06-11T16:35:10.477Z] [INFO] [ApiClient237944822] : "User-Agent : Mozilla/5.0"
[2023-06-11T16:35:10.477Z] [INFO] [ApiClient237944822] : "************************  LOGGING END  ************************"
