[2023-06-14T15:29:09.877Z] [INFO] [MerchantConfig693654751] : "************************ LOGGING START ************************"
[2023-06-14T15:29:09.889Z] [INFO] [ApiClient874838966] : "Authentication Type : http_signature"
[2023-06-14T15:29:09.890Z] [INFO] [ApiClient874838966] : "Request Type : POST"
[2023-06-14T15:29:09.891Z] [INFO] [ApiClient874838966] : "signatureHeader : keyid=\"08c94330-f618-42a3-b09d-e1e43be5efda\", algorithm=\"HmacSHA256\", headers=\"host date (request-target) digest v-c-merchant-id\", signature=\"D23F79hL7m/T1MrpkyOBMPzSK3yX24T8dDlUbWXBJQY=\""
[2023-06-14T15:29:09.891Z] [INFO] [ApiClient874838966] : "digest : SHA-256=y2kzZc+TpxwJqNPxR+dCSd2QXfHzX9WWvX/H+jfz+ps="
[2023-06-14T15:29:09.891Z] [INFO] [ApiClient874838966] : "v-c-merchant-id : testrest"
[2023-06-14T15:29:09.891Z] [INFO] [ApiClient874838966] : "date : Wed, 14 Jun 2023 15:29:09 GMT"
[2023-06-14T15:29:09.891Z] [INFO] [ApiClient874838966] : "host : apitest.cybersource.com"
[2023-06-14T15:29:09.892Z] [INFO] [ApiClient874838966] : "signature : keyid=\"08c94330-f618-42a3-b09d-e1e43be5efda\", algorithm=\"HmacSHA256\", headers=\"host date (request-target) digest v-c-merchant-id\", signature=\"D23F79hL7m/T1MrpkyOBMPzSK3yX24T8dDlUbWXBJQY=\""
[2023-06-14T15:29:09.892Z] [INFO] [ApiClient874838966] : "User-Agent : Mozilla/5.0"
[2023-06-14T15:29:09.892Z] [INFO] [ApiClient874838966] : "************************  LOGGING END  ************************"
[2023-06-14T15:29:30.086Z] [INFO] [ApiClient116442409] : "Authentication Type : http_signature"
[2023-06-14T15:29:30.086Z] [INFO] [ApiClient116442409] : "Request Type : POST"
[2023-06-14T15:29:30.086Z] [INFO] [ApiClient116442409] : "signatureHeader : keyid=\"08c94330-f618-42a3-b09d-e1e43be5efda\", algorithm=\"HmacSHA256\", headers=\"host date (request-target) digest v-c-merchant-id\", signature=\"6qTKrngSswqjZD5ZL2DQtFUL2P8c1uBpyaXch7zeX6M=\""
[2023-06-14T15:29:30.086Z] [INFO] [ApiClient116442409] : "digest : SHA-256=aDHzgPX93h9x2E9a7JFyMKq/h7qxxti5jJ6h/hntc4Y="
[2023-06-14T15:29:30.087Z] [INFO] [ApiClient116442409] : "v-c-merchant-id : testrest"
[2023-06-14T15:29:30.087Z] [INFO] [ApiClient116442409] : "date : Wed, 14 Jun 2023 15:29:30 GMT"
[2023-06-14T15:29:30.087Z] [INFO] [ApiClient116442409] : "host : apitest.cybersource.com"
[2023-06-14T15:29:30.087Z] [INFO] [ApiClient116442409] : "signature : keyid=\"08c94330-f618-42a3-b09d-e1e43be5efda\", algorithm=\"HmacSHA256\", headers=\"host date (request-target) digest v-c-merchant-id\", signature=\"6qTKrngSswqjZD5ZL2DQtFUL2P8c1uBpyaXch7zeX6M=\""
[2023-06-14T15:29:30.088Z] [INFO] [ApiClient116442409] : "User-Agent : Mozilla/5.0"
[2023-06-14T15:29:30.082Z] [INFO] [MerchantConfig243796700] : "************************ LOGGING START ************************"
[2023-06-14T15:29:30.088Z] [INFO] [ApiClient116442409] : "************************  LOGGING END  ************************"
