[2023-06-12T08:48:03.786Z] [INFO] [MerchantConfig533800543] : "************************ LOGGING START ************************"
[2023-06-12T08:48:03.792Z] [INFO] [ApiClient874002729] : "Authentication Type : http_signature"
[2023-06-12T08:48:03.792Z] [INFO] [ApiClient874002729] : "Request Type : POST"
[2023-06-12T08:48:03.794Z] [INFO] [ApiClient874002729] : "signatureHeader : keyid=\"08c94330-f618-42a3-b09d-e1e43be5efda\", algorithm=\"HmacSHA256\", headers=\"host date (request-target) digest v-c-merchant-id\", signature=\"9tHSY+jaDl8TIQUw9p/HEitZW3NeIAvH1gfa14Va9rQ=\""
[2023-06-12T08:48:03.794Z] [INFO] [ApiClient874002729] : "digest : SHA-256=1V9o3/ecS/6af8aNbj7/uMy+IufssZskDIAUYYC0Ad8="
[2023-06-12T08:48:03.794Z] [INFO] [ApiClient874002729] : "v-c-merchant-id : testrest"
[2023-06-12T08:48:03.795Z] [INFO] [ApiClient874002729] : "date : Mon, 12 Jun 2023 08:48:03 GMT"
[2023-06-12T08:48:03.795Z] [INFO] [ApiClient874002729] : "host : apitest.cybersource.com"
[2023-06-12T08:48:03.798Z] [INFO] [ApiClient874002729] : "signature : keyid=\"08c94330-f618-42a3-b09d-e1e43be5efda\", algorithm=\"HmacSHA256\", headers=\"host date (request-target) digest v-c-merchant-id\", signature=\"9tHSY+jaDl8TIQUw9p/HEitZW3NeIAvH1gfa14Va9rQ=\""
[2023-06-12T08:48:03.803Z] [INFO] [ApiClient874002729] : "User-Agent : Mozilla/5.0"
[2023-06-12T08:48:03.803Z] [INFO] [ApiClient874002729] : "************************  LOGGING END  ************************"
[2023-06-12T08:52:07.094Z] [INFO] [MerchantConfig265176566] : "************************ LOGGING START ************************"
[2023-06-12T08:52:07.102Z] [INFO] [ApiClient590849430] : "Authentication Type : http_signature"
[2023-06-12T08:52:07.103Z] [INFO] [ApiClient590849430] : "Request Type : POST"
[2023-06-12T08:52:07.106Z] [INFO] [ApiClient590849430] : "signatureHeader : keyid=\"08c94330-f618-42a3-b09d-e1e43be5efda\", algorithm=\"HmacSHA256\", headers=\"host date (request-target) digest v-c-merchant-id\", signature=\"k4JjsFgJBkSchBYSbXkigZklWiTagZGiEUMINcwJgM4=\""
[2023-06-12T08:52:07.109Z] [INFO] [ApiClient590849430] : "digest : SHA-256=niRwLeXVSGkE4ORtolnzck7FYlj4zgCFb5MP9kRq7N0="
[2023-06-12T08:52:07.109Z] [INFO] [ApiClient590849430] : "v-c-merchant-id : testrest"
[2023-06-12T08:52:07.110Z] [INFO] [ApiClient590849430] : "date : Mon, 12 Jun 2023 08:52:07 GMT"
[2023-06-12T08:52:07.110Z] [INFO] [ApiClient590849430] : "host : apitest.cybersource.com"
[2023-06-12T08:52:07.110Z] [INFO] [ApiClient590849430] : "signature : keyid=\"08c94330-f618-42a3-b09d-e1e43be5efda\", algorithm=\"HmacSHA256\", headers=\"host date (request-target) digest v-c-merchant-id\", signature=\"k4JjsFgJBkSchBYSbXkigZklWiTagZGiEUMINcwJgM4=\""
[2023-06-12T08:52:07.110Z] [INFO] [ApiClient590849430] : "User-Agent : Mozilla/5.0"
[2023-06-12T08:52:07.111Z] [INFO] [ApiClient590849430] : "************************  LOGGING END  ************************"
[2023-06-12T08:56:30.051Z] [INFO] [MerchantConfig217940395] : "************************ LOGGING START ************************"
[2023-06-12T08:56:30.054Z] [INFO] [ApiClient638781704] : "Authentication Type : http_signature"
[2023-06-12T08:56:30.055Z] [INFO] [ApiClient638781704] : "Request Type : POST"
[2023-06-12T08:56:30.055Z] [INFO] [ApiClient638781704] : "signatureHeader : keyid=\"08c94330-f618-42a3-b09d-e1e43be5efda\", algorithm=\"HmacSHA256\", headers=\"host date (request-target) digest v-c-merchant-id\", signature=\"OYDBcHgdg100f15GNxnByhRXNGCuJtPoUxRPZCszUi8=\""
[2023-06-12T08:56:30.056Z] [INFO] [ApiClient638781704] : "digest : SHA-256=tgRxOuMbOJ7xP5T3jfOa8CkTNmT9+Bc5uNRBtgDJnFM="
[2023-06-12T08:56:30.056Z] [INFO] [ApiClient638781704] : "v-c-merchant-id : testrest"
[2023-06-12T08:56:30.056Z] [INFO] [ApiClient638781704] : "date : Mon, 12 Jun 2023 08:56:30 GMT"
[2023-06-12T08:56:30.057Z] [INFO] [ApiClient638781704] : "host : apitest.cybersource.com"
[2023-06-12T08:56:30.057Z] [INFO] [ApiClient638781704] : "signature : keyid=\"08c94330-f618-42a3-b09d-e1e43be5efda\", algorithm=\"HmacSHA256\", headers=\"host date (request-target) digest v-c-merchant-id\", signature=\"OYDBcHgdg100f15GNxnByhRXNGCuJtPoUxRPZCszUi8=\""
[2023-06-12T08:56:30.057Z] [INFO] [ApiClient638781704] : "User-Agent : Mozilla/5.0"
[2023-06-12T08:56:30.057Z] [INFO] [ApiClient638781704] : "************************  LOGGING END  ************************"
[2023-06-12T08:59:53.509Z] [INFO] [MerchantConfig217862283] : "************************ LOGGING START ************************"
[2023-06-12T08:59:53.516Z] [INFO] [ApiClient916902848] : "Authentication Type : http_signature"
[2023-06-12T08:59:53.518Z] [INFO] [ApiClient916902848] : "Request Type : POST"
[2023-06-12T08:59:53.519Z] [INFO] [ApiClient916902848] : "signatureHeader : keyid=\"08c94330-f618-42a3-b09d-e1e43be5efda\", algorithm=\"HmacSHA256\", headers=\"host date (request-target) digest v-c-merchant-id\", signature=\"sw3zN7LKJHU4GtakIAYzzeFnViNlzy04bifDxGqmdDE=\""
[2023-06-12T08:59:53.519Z] [INFO] [ApiClient916902848] : "digest : SHA-256=zDm+UwUdriAF5lJ0XWr/o+2GGispgLqGePwjD4C9weo="
[2023-06-12T08:59:53.520Z] [INFO] [ApiClient916902848] : "v-c-merchant-id : testrest"
[2023-06-12T08:59:53.520Z] [INFO] [ApiClient916902848] : "date : Mon, 12 Jun 2023 08:59:53 GMT"
[2023-06-12T08:59:53.520Z] [INFO] [ApiClient916902848] : "host : apitest.cybersource.com"
[2023-06-12T08:59:53.520Z] [INFO] [ApiClient916902848] : "signature : keyid=\"08c94330-f618-42a3-b09d-e1e43be5efda\", algorithm=\"HmacSHA256\", headers=\"host date (request-target) digest v-c-merchant-id\", signature=\"sw3zN7LKJHU4GtakIAYzzeFnViNlzy04bifDxGqmdDE=\""
[2023-06-12T08:59:53.520Z] [INFO] [ApiClient916902848] : "User-Agent : Mozilla/5.0"
[2023-06-12T08:59:53.521Z] [INFO] [ApiClient916902848] : "************************  LOGGING END  ************************"
[2023-06-12T09:41:45.711Z] [INFO] [MerchantConfig914426720] : "************************ LOGGING START ************************"
[2023-06-12T09:41:45.723Z] [INFO] [ApiClient563028510] : "Authentication Type : http_signature"
[2023-06-12T09:41:45.723Z] [INFO] [ApiClient563028510] : "Request Type : POST"
[2023-06-12T09:41:45.724Z] [INFO] [ApiClient563028510] : "signatureHeader : keyid=\"08c94330-f618-42a3-b09d-e1e43be5efda\", algorithm=\"HmacSHA256\", headers=\"host date (request-target) digest v-c-merchant-id\", signature=\"0y/BRG7CZrgJk45hXFUJMTw7hTPtmVmtlOOtff8S8Rk=\""
[2023-06-12T09:41:45.725Z] [INFO] [ApiClient563028510] : "digest : SHA-256=zDm+UwUdriAF5lJ0XWr/o+2GGispgLqGePwjD4C9weo="
[2023-06-12T09:41:45.725Z] [INFO] [ApiClient563028510] : "v-c-merchant-id : testrest"
[2023-06-12T09:41:45.725Z] [INFO] [ApiClient563028510] : "date : Mon, 12 Jun 2023 09:41:45 GMT"
[2023-06-12T09:41:45.725Z] [INFO] [ApiClient563028510] : "host : apitest.cybersource.com"
[2023-06-12T09:41:45.726Z] [INFO] [ApiClient563028510] : "signature : keyid=\"08c94330-f618-42a3-b09d-e1e43be5efda\", algorithm=\"HmacSHA256\", headers=\"host date (request-target) digest v-c-merchant-id\", signature=\"0y/BRG7CZrgJk45hXFUJMTw7hTPtmVmtlOOtff8S8Rk=\""
[2023-06-12T09:41:45.726Z] [INFO] [ApiClient563028510] : "User-Agent : Mozilla/5.0"
[2023-06-12T09:41:45.726Z] [INFO] [ApiClient563028510] : "************************  LOGGING END  ************************"
[2023-06-12T09:42:41.024Z] [INFO] [MerchantConfig658640040] : "************************ LOGGING START ************************"
[2023-06-12T09:42:41.030Z] [INFO] [ApiClient22256977] : "Authentication Type : http_signature"
[2023-06-12T09:42:41.030Z] [INFO] [ApiClient22256977] : "Request Type : POST"
[2023-06-12T09:42:41.030Z] [INFO] [ApiClient22256977] : "signatureHeader : keyid=\"08c94330-f618-42a3-b09d-e1e43be5efda\", algorithm=\"HmacSHA256\", headers=\"host date (request-target) digest v-c-merchant-id\", signature=\"lgaO4J4VVgHqA48kdEBSZH7iO/L65d4lCJXYdKsNnmk=\""
[2023-06-12T09:42:41.032Z] [INFO] [ApiClient22256977] : "digest : SHA-256=zDm+UwUdriAF5lJ0XWr/o+2GGispgLqGePwjD4C9weo="
[2023-06-12T09:42:41.034Z] [INFO] [ApiClient22256977] : "v-c-merchant-id : testrest"
[2023-06-12T09:42:41.034Z] [INFO] [ApiClient22256977] : "date : Mon, 12 Jun 2023 09:42:41 GMT"
[2023-06-12T09:42:41.035Z] [INFO] [ApiClient22256977] : "host : apitest.cybersource.com"
[2023-06-12T09:42:41.035Z] [INFO] [ApiClient22256977] : "signature : keyid=\"08c94330-f618-42a3-b09d-e1e43be5efda\", algorithm=\"HmacSHA256\", headers=\"host date (request-target) digest v-c-merchant-id\", signature=\"lgaO4J4VVgHqA48kdEBSZH7iO/L65d4lCJXYdKsNnmk=\""
[2023-06-12T09:42:41.035Z] [INFO] [ApiClient22256977] : "User-Agent : Mozilla/5.0"
[2023-06-12T09:42:41.035Z] [INFO] [ApiClient22256977] : "************************  LOGGING END  ************************"
[2023-06-12T09:43:44.058Z] [INFO] [MerchantConfig552494943] : "************************ LOGGING START ************************"
[2023-06-12T09:43:44.061Z] [INFO] [ApiClient12006565] : "Authentication Type : http_signature"
[2023-06-12T09:43:44.062Z] [INFO] [ApiClient12006565] : "Request Type : POST"
[2023-06-12T09:43:44.062Z] [INFO] [ApiClient12006565] : "signatureHeader : keyid=\"08c94330-f618-42a3-b09d-e1e43be5efda\", algorithm=\"HmacSHA256\", headers=\"host date (request-target) digest v-c-merchant-id\", signature=\"XwgfC8/AYRcF6B6ePPNW6N7RVdrqddRJDJUrNpoFRSQ=\""
[2023-06-12T09:43:44.062Z] [INFO] [ApiClient12006565] : "digest : SHA-256=H/w7Dy2SftTbZ4WelwzeI+YbhbegPU2dfxcwn+Mw4kE="
[2023-06-12T09:43:44.062Z] [INFO] [ApiClient12006565] : "v-c-merchant-id : testrest"
[2023-06-12T09:43:44.062Z] [INFO] [ApiClient12006565] : "date : Mon, 12 Jun 2023 09:43:44 GMT"
[2023-06-12T09:43:44.062Z] [INFO] [ApiClient12006565] : "host : apitest.cybersource.com"
[2023-06-12T09:43:44.063Z] [INFO] [ApiClient12006565] : "signature : keyid=\"08c94330-f618-42a3-b09d-e1e43be5efda\", algorithm=\"HmacSHA256\", headers=\"host date (request-target) digest v-c-merchant-id\", signature=\"XwgfC8/AYRcF6B6ePPNW6N7RVdrqddRJDJUrNpoFRSQ=\""
[2023-06-12T09:43:44.063Z] [INFO] [ApiClient12006565] : "User-Agent : Mozilla/5.0"
[2023-06-12T09:43:44.063Z] [INFO] [ApiClient12006565] : "************************  LOGGING END  ************************"
[2023-06-12T09:44:34.571Z] [INFO] [MerchantConfig910956917] : "************************ LOGGING START ************************"
[2023-06-12T09:44:34.575Z] [INFO] [ApiClient969417465] : "Authentication Type : http_signature"
[2023-06-12T09:44:34.576Z] [INFO] [ApiClient969417465] : "Request Type : POST"
[2023-06-12T09:44:34.577Z] [INFO] [ApiClient969417465] : "signatureHeader : keyid=\"08c94330-f618-42a3-b09d-e1e43be5efda\", algorithm=\"HmacSHA256\", headers=\"host date (request-target) digest v-c-merchant-id\", signature=\"MnoTKcLQLXS92AzbXjL/K+fES99tKmvVGFRBFp7wXWs=\""
[2023-06-12T09:44:34.578Z] [INFO] [ApiClient969417465] : "digest : SHA-256=R7LcG7sLUee8XKKZmPhtxyjvw+PHw+RMz06MK0G4OEo="
[2023-06-12T09:44:34.578Z] [INFO] [ApiClient969417465] : "v-c-merchant-id : testrest"
[2023-06-12T09:44:34.578Z] [INFO] [ApiClient969417465] : "date : Mon, 12 Jun 2023 09:44:34 GMT"
[2023-06-12T09:44:34.579Z] [INFO] [ApiClient969417465] : "host : apitest.cybersource.com"
[2023-06-12T09:44:34.579Z] [INFO] [ApiClient969417465] : "signature : keyid=\"08c94330-f618-42a3-b09d-e1e43be5efda\", algorithm=\"HmacSHA256\", headers=\"host date (request-target) digest v-c-merchant-id\", signature=\"MnoTKcLQLXS92AzbXjL/K+fES99tKmvVGFRBFp7wXWs=\""
[2023-06-12T09:44:34.579Z] [INFO] [ApiClient969417465] : "User-Agent : Mozilla/5.0"
[2023-06-12T09:44:34.579Z] [INFO] [ApiClient969417465] : "************************  LOGGING END  ************************"
[2023-06-12T09:59:52.921Z] [INFO] [MerchantConfig500441767] : "************************ LOGGING START ************************"
[2023-06-12T09:59:52.930Z] [INFO] [ApiClient966394581] : "Authentication Type : http_signature"
[2023-06-12T09:59:52.930Z] [INFO] [ApiClient966394581] : "Request Type : POST"
[2023-06-12T09:59:52.931Z] [INFO] [ApiClient966394581] : "signatureHeader : keyid=\"08c94330-f618-42a3-b09d-e1e43be5efda\", algorithm=\"HmacSHA256\", headers=\"host date (request-target) digest v-c-merchant-id\", signature=\"Y9Hoqt52lri7qxlEwKajtTL4WoMzzOkRhPrQnEP41R8=\""
[2023-06-12T09:59:52.932Z] [INFO] [ApiClient966394581] : "digest : SHA-256=7YRtJ8tYwY7tUboQHDPfiBn3eoNt9Ht9E97yhgFWYwk="
[2023-06-12T09:59:52.932Z] [INFO] [ApiClient966394581] : "v-c-merchant-id : testrest"
[2023-06-12T09:59:52.932Z] [INFO] [ApiClient966394581] : "date : Mon, 12 Jun 2023 09:59:52 GMT"
[2023-06-12T09:59:52.932Z] [INFO] [ApiClient966394581] : "host : apitest.cybersource.com"
[2023-06-12T09:59:52.933Z] [INFO] [ApiClient966394581] : "signature : keyid=\"08c94330-f618-42a3-b09d-e1e43be5efda\", algorithm=\"HmacSHA256\", headers=\"host date (request-target) digest v-c-merchant-id\", signature=\"Y9Hoqt52lri7qxlEwKajtTL4WoMzzOkRhPrQnEP41R8=\""
[2023-06-12T09:59:52.933Z] [INFO] [ApiClient966394581] : "User-Agent : Mozilla/5.0"
[2023-06-12T09:59:52.933Z] [INFO] [ApiClient966394581] : "************************  LOGGING END  ************************"
[2023-06-12T10:01:12.447Z] [INFO] [ApiClient746391683] : "Authentication Type : http_signature"
[2023-06-12T10:01:12.447Z] [INFO] [ApiClient746391683] : "Request Type : POST"
[2023-06-12T10:01:12.448Z] [INFO] [ApiClient746391683] : "signatureHeader : keyid=\"08c94330-f618-42a3-b09d-e1e43be5efda\", algorithm=\"HmacSHA256\", headers=\"host date (request-target) digest v-c-merchant-id\", signature=\"HAtoXAgPu8yczW/VcqDbLjtm56SngJd6MFrdsO3YG2M=\""
[2023-06-12T10:01:12.449Z] [INFO] [ApiClient746391683] : "digest : SHA-256=G2OKMZkeUDEc5pEAH4v15wKjlUydqamUf3ekGz33hlo="
[2023-06-12T10:01:12.449Z] [INFO] [ApiClient746391683] : "v-c-merchant-id : testrest"
[2023-06-12T10:01:12.449Z] [INFO] [ApiClient746391683] : "date : Mon, 12 Jun 2023 10:01:12 GMT"
[2023-06-12T10:01:12.449Z] [INFO] [ApiClient746391683] : "host : apitest.cybersource.com"
[2023-06-12T10:01:12.449Z] [INFO] [ApiClient746391683] : "signature : keyid=\"08c94330-f618-42a3-b09d-e1e43be5efda\", algorithm=\"HmacSHA256\", headers=\"host date (request-target) digest v-c-merchant-id\", signature=\"HAtoXAgPu8yczW/VcqDbLjtm56SngJd6MFrdsO3YG2M=\""
[2023-06-12T10:01:12.449Z] [INFO] [ApiClient746391683] : "User-Agent : Mozilla/5.0"
[2023-06-12T10:01:12.449Z] [INFO] [ApiClient746391683] : "************************  LOGGING END  ************************"
[2023-06-12T10:01:12.441Z] [INFO] [MerchantConfig311745858] : "************************ LOGGING START ************************"
[2023-06-12T10:03:53.763Z] [INFO] [MerchantConfig894710562] : "************************ LOGGING START ************************"
[2023-06-12T10:03:53.767Z] [INFO] [ApiClient732907427] : "Authentication Type : http_signature"
[2023-06-12T10:03:53.768Z] [INFO] [ApiClient732907427] : "Request Type : POST"
[2023-06-12T10:03:53.768Z] [INFO] [ApiClient732907427] : "signatureHeader : keyid=\"08c94330-f618-42a3-b09d-e1e43be5efda\", algorithm=\"HmacSHA256\", headers=\"host date (request-target) digest v-c-merchant-id\", signature=\"2K8VlKROTuEYvu7MucN170xA40dfByCzhjgNsqdU8SY=\""
[2023-06-12T10:03:53.768Z] [INFO] [ApiClient732907427] : "digest : SHA-256=p9aVXeqC/hMRWN2QdLrKsChr4tc75NlvseDOZlmpKkE="
[2023-06-12T10:03:53.769Z] [INFO] [ApiClient732907427] : "v-c-merchant-id : testrest"
[2023-06-12T10:03:53.769Z] [INFO] [ApiClient732907427] : "date : Mon, 12 Jun 2023 10:03:53 GMT"
[2023-06-12T10:03:53.769Z] [INFO] [ApiClient732907427] : "host : apitest.cybersource.com"
[2023-06-12T10:03:53.769Z] [INFO] [ApiClient732907427] : "signature : keyid=\"08c94330-f618-42a3-b09d-e1e43be5efda\", algorithm=\"HmacSHA256\", headers=\"host date (request-target) digest v-c-merchant-id\", signature=\"2K8VlKROTuEYvu7MucN170xA40dfByCzhjgNsqdU8SY=\""
[2023-06-12T10:03:53.769Z] [INFO] [ApiClient732907427] : "User-Agent : Mozilla/5.0"
[2023-06-12T10:03:53.769Z] [INFO] [ApiClient732907427] : "************************  LOGGING END  ************************"
[2023-06-12T10:06:00.811Z] [INFO] [ApiClient651236205] : "Authentication Type : http_signature"
[2023-06-12T10:06:00.812Z] [INFO] [ApiClient651236205] : "Request Type : POST"
[2023-06-12T10:06:00.814Z] [INFO] [ApiClient651236205] : "signatureHeader : keyid=\"08c94330-f618-42a3-b09d-e1e43be5efda\", algorithm=\"HmacSHA256\", headers=\"host date (request-target) digest v-c-merchant-id\", signature=\"K3WtmkMZMDb3N4hDSm8Omv/8XnHDo7OTX47TOPfiEcQ=\""
[2023-06-12T10:06:00.807Z] [INFO] [MerchantConfig925429435] : "************************ LOGGING START ************************"
[2023-06-12T10:06:00.815Z] [INFO] [ApiClient651236205] : "digest : SHA-256=hDbshaMhT2JMP68YDcyrr4Zm/9g+Tx5pej1jRAdc3bU="
[2023-06-12T10:06:00.816Z] [INFO] [ApiClient651236205] : "v-c-merchant-id : testrest"
[2023-06-12T10:06:00.816Z] [INFO] [ApiClient651236205] : "date : Mon, 12 Jun 2023 10:06:00 GMT"
[2023-06-12T10:06:00.816Z] [INFO] [ApiClient651236205] : "host : apitest.cybersource.com"
[2023-06-12T10:06:00.816Z] [INFO] [ApiClient651236205] : "signature : keyid=\"08c94330-f618-42a3-b09d-e1e43be5efda\", algorithm=\"HmacSHA256\", headers=\"host date (request-target) digest v-c-merchant-id\", signature=\"K3WtmkMZMDb3N4hDSm8Omv/8XnHDo7OTX47TOPfiEcQ=\""
[2023-06-12T10:06:00.816Z] [INFO] [ApiClient651236205] : "User-Agent : Mozilla/5.0"
[2023-06-12T10:06:00.816Z] [INFO] [ApiClient651236205] : "************************  LOGGING END  ************************"
[2023-06-12T10:11:18.325Z] [INFO] [MerchantConfig300841565] : "************************ LOGGING START ************************"
[2023-06-12T10:11:18.332Z] [INFO] [ApiClient812172893] : "Authentication Type : http_signature"
[2023-06-12T10:11:18.333Z] [INFO] [ApiClient812172893] : "Request Type : POST"
[2023-06-12T10:11:18.336Z] [INFO] [ApiClient812172893] : "signatureHeader : keyid=\"08c94330-f618-42a3-b09d-e1e43be5efda\", algorithm=\"HmacSHA256\", headers=\"host date (request-target) digest v-c-merchant-id\", signature=\"GgT2xOWxsRZAzWQ3CfUmIJGq77kZgp6w/vwyK7EHuio=\""
[2023-06-12T10:11:18.338Z] [INFO] [ApiClient812172893] : "digest : SHA-256=hDbshaMhT2JMP68YDcyrr4Zm/9g+Tx5pej1jRAdc3bU="
[2023-06-12T10:11:18.338Z] [INFO] [ApiClient812172893] : "v-c-merchant-id : testrest"
[2023-06-12T10:11:18.339Z] [INFO] [ApiClient812172893] : "date : Mon, 12 Jun 2023 10:11:18 GMT"
[2023-06-12T10:11:18.339Z] [INFO] [ApiClient812172893] : "host : apitest.cybersource.com"
[2023-06-12T10:11:18.339Z] [INFO] [ApiClient812172893] : "signature : keyid=\"08c94330-f618-42a3-b09d-e1e43be5efda\", algorithm=\"HmacSHA256\", headers=\"host date (request-target) digest v-c-merchant-id\", signature=\"GgT2xOWxsRZAzWQ3CfUmIJGq77kZgp6w/vwyK7EHuio=\""
[2023-06-12T10:11:18.340Z] [INFO] [ApiClient812172893] : "User-Agent : Mozilla/5.0"
[2023-06-12T10:11:18.340Z] [INFO] [ApiClient812172893] : "************************  LOGGING END  ************************"
[2023-06-12T10:19:27.250Z] [INFO] [MerchantConfig408403088] : "************************ LOGGING START ************************"
[2023-06-12T10:19:27.257Z] [INFO] [ApiClient663203876] : "Authentication Type : http_signature"
[2023-06-12T10:19:27.258Z] [INFO] [ApiClient663203876] : "Request Type : POST"
[2023-06-12T10:19:27.259Z] [INFO] [ApiClient663203876] : "signatureHeader : keyid=\"08c94330-f618-42a3-b09d-e1e43be5efda\", algorithm=\"HmacSHA256\", headers=\"host date (request-target) digest v-c-merchant-id\", signature=\"FHwyoiT349BsdSmeI1ctQi9/sl88I4bwQbjHuQBwjgo=\""
[2023-06-12T10:19:27.261Z] [INFO] [ApiClient663203876] : "digest : SHA-256=0xgc+Thum/YrwEFFIb6C6AOiO6mScA+ALqz25/gFq48="
[2023-06-12T10:19:27.261Z] [INFO] [ApiClient663203876] : "v-c-merchant-id : testrest"
[2023-06-12T10:19:27.261Z] [INFO] [ApiClient663203876] : "date : Mon, 12 Jun 2023 10:19:27 GMT"
[2023-06-12T10:19:27.262Z] [INFO] [ApiClient663203876] : "host : apitest.cybersource.com"
[2023-06-12T10:19:27.262Z] [INFO] [ApiClient663203876] : "signature : keyid=\"08c94330-f618-42a3-b09d-e1e43be5efda\", algorithm=\"HmacSHA256\", headers=\"host date (request-target) digest v-c-merchant-id\", signature=\"FHwyoiT349BsdSmeI1ctQi9/sl88I4bwQbjHuQBwjgo=\""
[2023-06-12T10:19:27.263Z] [INFO] [ApiClient663203876] : "User-Agent : Mozilla/5.0"
[2023-06-12T10:19:27.263Z] [INFO] [ApiClient663203876] : "************************  LOGGING END  ************************"
[2023-06-12T10:57:20.448Z] [INFO] [MerchantConfig86541995] : "************************ LOGGING START ************************"
[2023-06-12T10:57:20.460Z] [INFO] [ApiClient762816896] : "Authentication Type : http_signature"
[2023-06-12T10:57:20.461Z] [INFO] [ApiClient762816896] : "Request Type : POST"
[2023-06-12T10:57:20.463Z] [INFO] [ApiClient762816896] : "signatureHeader : keyid=\"08c94330-f618-42a3-b09d-e1e43be5efda\", algorithm=\"HmacSHA256\", headers=\"host date (request-target) digest v-c-merchant-id\", signature=\"nSBHgF7ToEjL6JOQbkhpKQU267UAWj7EKkKAzmegtEo=\""
[2023-06-12T10:57:20.464Z] [INFO] [ApiClient762816896] : "digest : SHA-256=RlCkZtdd2iKoCJ57PNW/HMKg+jnONgp/JuAk/n3E+MQ="
[2023-06-12T10:57:20.464Z] [INFO] [ApiClient762816896] : "v-c-merchant-id : testrest"
[2023-06-12T10:57:20.464Z] [INFO] [ApiClient762816896] : "date : Mon, 12 Jun 2023 10:57:20 GMT"
[2023-06-12T10:57:20.465Z] [INFO] [ApiClient762816896] : "host : apitest.cybersource.com"
[2023-06-12T10:57:20.465Z] [INFO] [ApiClient762816896] : "signature : keyid=\"08c94330-f618-42a3-b09d-e1e43be5efda\", algorithm=\"HmacSHA256\", headers=\"host date (request-target) digest v-c-merchant-id\", signature=\"nSBHgF7ToEjL6JOQbkhpKQU267UAWj7EKkKAzmegtEo=\""
[2023-06-12T10:57:20.465Z] [INFO] [ApiClient762816896] : "User-Agent : Mozilla/5.0"
[2023-06-12T10:57:20.465Z] [INFO] [ApiClient762816896] : "************************  LOGGING END  ************************"
[2023-06-12T11:08:52.794Z] [INFO] [MerchantConfig761757387] : "************************ LOGGING START ************************"
[2023-06-12T11:08:52.799Z] [INFO] [ApiClient766260001] : "Authentication Type : http_signature"
[2023-06-12T11:08:52.799Z] [INFO] [ApiClient766260001] : "Request Type : POST"
[2023-06-12T11:08:52.801Z] [INFO] [ApiClient766260001] : "signatureHeader : keyid=\"08c94330-f618-42a3-b09d-e1e43be5efda\", algorithm=\"HmacSHA256\", headers=\"host date (request-target) digest v-c-merchant-id\", signature=\"iRDAw0wBO8B92W0Q6CA0GtzNeAFsTX0UQ+hIK8ELSeY=\""
[2023-06-12T11:08:52.801Z] [INFO] [ApiClient766260001] : "digest : SHA-256=A02ckmYQGA2WaWFGEhZCDj1XQudM+Md3Gu7mOcNUjts="
[2023-06-12T11:08:52.802Z] [INFO] [ApiClient766260001] : "v-c-merchant-id : testrest"
[2023-06-12T11:08:52.802Z] [INFO] [ApiClient766260001] : "date : Mon, 12 Jun 2023 11:08:52 GMT"
[2023-06-12T11:08:52.802Z] [INFO] [ApiClient766260001] : "host : apitest.cybersource.com"
[2023-06-12T11:08:52.803Z] [INFO] [ApiClient766260001] : "signature : keyid=\"08c94330-f618-42a3-b09d-e1e43be5efda\", algorithm=\"HmacSHA256\", headers=\"host date (request-target) digest v-c-merchant-id\", signature=\"iRDAw0wBO8B92W0Q6CA0GtzNeAFsTX0UQ+hIK8ELSeY=\""
[2023-06-12T11:08:52.803Z] [INFO] [ApiClient766260001] : "User-Agent : Mozilla/5.0"
[2023-06-12T11:08:52.803Z] [INFO] [ApiClient766260001] : "************************  LOGGING END  ************************"
[2023-06-12T11:11:58.161Z] [INFO] [MerchantConfig735375076] : "************************ LOGGING START ************************"
[2023-06-12T11:11:58.166Z] [INFO] [ApiClient629784084] : "Authentication Type : http_signature"
[2023-06-12T11:11:58.167Z] [INFO] [ApiClient629784084] : "Request Type : POST"
[2023-06-12T11:11:58.168Z] [INFO] [ApiClient629784084] : "signatureHeader : keyid=\"08c94330-f618-42a3-b09d-e1e43be5efda\", algorithm=\"HmacSHA256\", headers=\"host date (request-target) digest v-c-merchant-id\", signature=\"EORb2/Ow5U07X+1emwUmWjQ9GV3y2qeTwttlLaINeTI=\""
[2023-06-12T11:11:58.168Z] [INFO] [ApiClient629784084] : "digest : SHA-256=QZI3Wlz8FLq49AdAOAYJWSwU1BIYr2jvmQjYXcD9b4Q="
[2023-06-12T11:11:58.168Z] [INFO] [ApiClient629784084] : "v-c-merchant-id : testrest"
[2023-06-12T11:11:58.168Z] [INFO] [ApiClient629784084] : "date : Mon, 12 Jun 2023 11:11:58 GMT"
[2023-06-12T11:11:58.169Z] [INFO] [ApiClient629784084] : "host : apitest.cybersource.com"
[2023-06-12T11:11:58.169Z] [INFO] [ApiClient629784084] : "signature : keyid=\"08c94330-f618-42a3-b09d-e1e43be5efda\", algorithm=\"HmacSHA256\", headers=\"host date (request-target) digest v-c-merchant-id\", signature=\"EORb2/Ow5U07X+1emwUmWjQ9GV3y2qeTwttlLaINeTI=\""
[2023-06-12T11:11:58.170Z] [INFO] [ApiClient629784084] : "User-Agent : Mozilla/5.0"
[2023-06-12T11:11:58.171Z] [INFO] [ApiClient629784084] : "************************  LOGGING END  ************************"
[2023-06-12T11:16:10.567Z] [INFO] [MerchantConfig974214810] : "************************ LOGGING START ************************"
[2023-06-12T11:16:10.576Z] [INFO] [ApiClient951218245] : "Authentication Type : http_signature"
[2023-06-12T11:16:10.576Z] [INFO] [ApiClient951218245] : "Request Type : POST"
[2023-06-12T11:16:10.577Z] [INFO] [ApiClient951218245] : "signatureHeader : keyid=\"08c94330-f618-42a3-b09d-e1e43be5efda\", algorithm=\"HmacSHA256\", headers=\"host date (request-target) digest v-c-merchant-id\", signature=\"hDpnJaWYJTBSu5FzGnx5CQvNuJQeyqgazHP3xq26LXA=\""
[2023-06-12T11:16:10.577Z] [INFO] [ApiClient951218245] : "digest : SHA-256=9hOyrMS7L2u38imi/2pcD3bIb0lcOYVfX4tX9plDxE8="
[2023-06-12T11:16:10.578Z] [INFO] [ApiClient951218245] : "v-c-merchant-id : testrest"
[2023-06-12T11:16:10.578Z] [INFO] [ApiClient951218245] : "date : Mon, 12 Jun 2023 11:16:10 GMT"
[2023-06-12T11:16:10.578Z] [INFO] [ApiClient951218245] : "host : apitest.cybersource.com"
[2023-06-12T11:16:10.578Z] [INFO] [ApiClient951218245] : "signature : keyid=\"08c94330-f618-42a3-b09d-e1e43be5efda\", algorithm=\"HmacSHA256\", headers=\"host date (request-target) digest v-c-merchant-id\", signature=\"hDpnJaWYJTBSu5FzGnx5CQvNuJQeyqgazHP3xq26LXA=\""
[2023-06-12T11:16:10.578Z] [INFO] [ApiClient951218245] : "User-Agent : Mozilla/5.0"
[2023-06-12T11:16:10.579Z] [INFO] [ApiClient951218245] : "************************  LOGGING END  ************************"
