[2023-06-15T16:47:54.516Z] [INFO] [MerchantConfig208039642] : "************************ LOGGING START ************************"
[2023-06-15T16:47:54.533Z] [INFO] [ApiClient55213181] : "Authentication Type : http_signature"
[2023-06-15T16:47:54.535Z] [INFO] [ApiClient55213181] : "Request Type : POST"
[2023-06-15T16:47:54.538Z] [INFO] [ApiClient55213181] : "signatureHeader : keyid=\"08c94330-f618-42a3-b09d-e1e43be5efda\", algorithm=\"HmacSHA256\", headers=\"host date (request-target) digest v-c-merchant-id\", signature=\"7FRyy3cSxAwqr3d8DirhYtd98g8/V1ot1cwhZh65Q6E=\""
[2023-06-15T16:47:54.547Z] [INFO] [ApiClient55213181] : "digest : SHA-256=OX7186jKFDkKXDrJgbvDHgnX41Nv6oSiytpfrgqs9PE="
[2023-06-15T16:47:54.547Z] [INFO] [ApiClient55213181] : "v-c-merchant-id : testrest"
[2023-06-15T16:47:54.547Z] [INFO] [ApiClient55213181] : "date : Thu, 15 Jun 2023 16:47:54 GMT"
[2023-06-15T16:47:54.549Z] [INFO] [ApiClient55213181] : "host : apitest.cybersource.com"
[2023-06-15T16:47:54.549Z] [INFO] [ApiClient55213181] : "signature : keyid=\"08c94330-f618-42a3-b09d-e1e43be5efda\", algorithm=\"HmacSHA256\", headers=\"host date (request-target) digest v-c-merchant-id\", signature=\"7FRyy3cSxAwqr3d8DirhYtd98g8/V1ot1cwhZh65Q6E=\""
[2023-06-15T16:47:54.550Z] [INFO] [ApiClient55213181] : "User-Agent : Mozilla/5.0"
[2023-06-15T16:47:54.551Z] [INFO] [ApiClient55213181] : "************************  LOGGING END  ************************"
[2023-06-15T18:56:20.199Z] [INFO] [MerchantConfig918527628] : "************************ LOGGING START ************************"
[2023-06-15T18:56:20.210Z] [INFO] [ApiClient52992248] : "Authentication Type : http_signature"
[2023-06-15T18:56:20.211Z] [INFO] [ApiClient52992248] : "Request Type : POST"
[2023-06-15T18:56:20.213Z] [INFO] [ApiClient52992248] : "signatureHeader : keyid=\"08c94330-f618-42a3-b09d-e1e43be5efda\", algorithm=\"HmacSHA256\", headers=\"host date (request-target) digest v-c-merchant-id\", signature=\"R2mxybNuc60j0WPNyZbKPTlOBRMjfRC/4pulDpewOaY=\""
[2023-06-15T18:56:20.213Z] [INFO] [ApiClient52992248] : "digest : SHA-256=GdLBStAgMlxLIjmNm6vibkuuWUa6YFrmdFH1J+7G6nc="
[2023-06-15T18:56:20.213Z] [INFO] [ApiClient52992248] : "v-c-merchant-id : testrest"
[2023-06-15T18:56:20.213Z] [INFO] [ApiClient52992248] : "date : Thu, 15 Jun 2023 18:56:20 GMT"
[2023-06-15T18:56:20.214Z] [INFO] [ApiClient52992248] : "host : apitest.cybersource.com"
[2023-06-15T18:56:20.214Z] [INFO] [ApiClient52992248] : "signature : keyid=\"08c94330-f618-42a3-b09d-e1e43be5efda\", algorithm=\"HmacSHA256\", headers=\"host date (request-target) digest v-c-merchant-id\", signature=\"R2mxybNuc60j0WPNyZbKPTlOBRMjfRC/4pulDpewOaY=\""
[2023-06-15T18:56:20.214Z] [INFO] [ApiClient52992248] : "User-Agent : Mozilla/5.0"
[2023-06-15T18:56:20.214Z] [INFO] [ApiClient52992248] : "************************  LOGGING END  ************************"
[2023-06-15T19:08:01.626Z] [INFO] [MerchantConfig98478425] : "************************ LOGGING START ************************"
[2023-06-15T19:08:01.634Z] [INFO] [ApiClient945887378] : "Authentication Type : http_signature"
[2023-06-15T19:08:01.634Z] [INFO] [ApiClient945887378] : "Request Type : POST"
[2023-06-15T19:08:01.636Z] [INFO] [ApiClient945887378] : "signatureHeader : keyid=\"08c94330-f618-42a3-b09d-e1e43be5efda\", algorithm=\"HmacSHA256\", headers=\"host date (request-target) digest v-c-merchant-id\", signature=\"UbpbJpy8VVPLvvawBbGl+Jepvvtvr21urDbyCRPTnJI=\""
[2023-06-15T19:08:01.636Z] [INFO] [ApiClient945887378] : "digest : SHA-256=GdLBStAgMlxLIjmNm6vibkuuWUa6YFrmdFH1J+7G6nc="
[2023-06-15T19:08:01.636Z] [INFO] [ApiClient945887378] : "v-c-merchant-id : testrest"
[2023-06-15T19:08:01.636Z] [INFO] [ApiClient945887378] : "date : Thu, 15 Jun 2023 19:08:01 GMT"
[2023-06-15T19:08:01.638Z] [INFO] [ApiClient945887378] : "host : apitest.cybersource.com"
[2023-06-15T19:08:01.639Z] [INFO] [ApiClient945887378] : "signature : keyid=\"08c94330-f618-42a3-b09d-e1e43be5efda\", algorithm=\"HmacSHA256\", headers=\"host date (request-target) digest v-c-merchant-id\", signature=\"UbpbJpy8VVPLvvawBbGl+Jepvvtvr21urDbyCRPTnJI=\""
[2023-06-15T19:08:01.639Z] [INFO] [ApiClient945887378] : "User-Agent : Mozilla/5.0"
[2023-06-15T19:08:01.640Z] [INFO] [ApiClient945887378] : "************************  LOGGING END  ************************"
[2023-06-15T19:08:24.602Z] [INFO] [ApiClient873316438] : "Authentication Type : http_signature"
[2023-06-15T19:08:24.603Z] [INFO] [ApiClient873316438] : "Request Type : POST"
[2023-06-15T19:08:24.603Z] [INFO] [ApiClient873316438] : "signatureHeader : keyid=\"08c94330-f618-42a3-b09d-e1e43be5efda\", algorithm=\"HmacSHA256\", headers=\"host date (request-target) digest v-c-merchant-id\", signature=\"enQWRO3hJAWydvWPc8HdsI70RG1jbgnDgGa8vh3p7H4=\""
[2023-06-15T19:08:24.604Z] [INFO] [ApiClient873316438] : "digest : SHA-256=GdLBStAgMlxLIjmNm6vibkuuWUa6YFrmdFH1J+7G6nc="
[2023-06-15T19:08:24.595Z] [INFO] [MerchantConfig31558358] : "************************ LOGGING START ************************"
[2023-06-15T19:08:24.605Z] [INFO] [ApiClient873316438] : "v-c-merchant-id : testrest"
[2023-06-15T19:08:24.606Z] [INFO] [ApiClient873316438] : "date : Thu, 15 Jun 2023 19:08:24 GMT"
[2023-06-15T19:08:24.608Z] [INFO] [ApiClient873316438] : "host : apitest.cybersource.com"
[2023-06-15T19:08:24.609Z] [INFO] [ApiClient873316438] : "signature : keyid=\"08c94330-f618-42a3-b09d-e1e43be5efda\", algorithm=\"HmacSHA256\", headers=\"host date (request-target) digest v-c-merchant-id\", signature=\"enQWRO3hJAWydvWPc8HdsI70RG1jbgnDgGa8vh3p7H4=\""
[2023-06-15T19:08:24.610Z] [INFO] [ApiClient873316438] : "User-Agent : Mozilla/5.0"
[2023-06-15T19:08:24.610Z] [INFO] [ApiClient873316438] : "************************  LOGGING END  ************************"
[2023-06-15T19:09:08.074Z] [INFO] [ApiClient166774701] : "Authentication Type : http_signature"
[2023-06-15T19:09:08.075Z] [INFO] [ApiClient166774701] : "Request Type : POST"
[2023-06-15T19:09:08.076Z] [INFO] [ApiClient166774701] : "signatureHeader : keyid=\"08c94330-f618-42a3-b09d-e1e43be5efda\", algorithm=\"HmacSHA256\", headers=\"host date (request-target) digest v-c-merchant-id\", signature=\"tHY0KQtKjeRLy3+DUqXAmX2jN0lF0oeDqLYS+VvQhAA=\""
[2023-06-15T19:09:08.077Z] [INFO] [ApiClient166774701] : "digest : SHA-256=Ybihe51PHM3Kff39piWr15ckGlflyB132A/WkjcorAI="
[2023-06-15T19:09:08.077Z] [INFO] [ApiClient166774701] : "v-c-merchant-id : testrest"
[2023-06-15T19:09:08.077Z] [INFO] [ApiClient166774701] : "date : Thu, 15 Jun 2023 19:09:08 GMT"
[2023-06-15T19:09:08.077Z] [INFO] [ApiClient166774701] : "host : apitest.cybersource.com"
[2023-06-15T19:09:08.078Z] [INFO] [ApiClient166774701] : "signature : keyid=\"08c94330-f618-42a3-b09d-e1e43be5efda\", algorithm=\"HmacSHA256\", headers=\"host date (request-target) digest v-c-merchant-id\", signature=\"tHY0KQtKjeRLy3+DUqXAmX2jN0lF0oeDqLYS+VvQhAA=\""
[2023-06-15T19:09:08.078Z] [INFO] [ApiClient166774701] : "User-Agent : Mozilla/5.0"
[2023-06-15T19:09:08.078Z] [INFO] [ApiClient166774701] : "************************  LOGGING END  ************************"
[2023-06-15T19:09:08.069Z] [INFO] [MerchantConfig66793270] : "************************ LOGGING START ************************"
[2023-06-15T19:09:24.587Z] [INFO] [MerchantConfig15677103] : "************************ LOGGING START ************************"
[2023-06-15T19:09:24.594Z] [INFO] [ApiClient387144901] : "Authentication Type : http_signature"
[2023-06-15T19:09:24.595Z] [INFO] [ApiClient387144901] : "Request Type : POST"
[2023-06-15T19:09:24.595Z] [INFO] [ApiClient387144901] : "signatureHeader : keyid=\"08c94330-f618-42a3-b09d-e1e43be5efda\", algorithm=\"HmacSHA256\", headers=\"host date (request-target) digest v-c-merchant-id\", signature=\"V8La/B46lXHf3o0BvOnkhNgt4MugesW1I8wHwg1aBWo=\""
[2023-06-15T19:09:24.596Z] [INFO] [ApiClient387144901] : "digest : SHA-256=BMtcxNMJw/bQ0pAAjWcb1ZiOnFfqTIX7gzufk56iZEM="
[2023-06-15T19:09:24.596Z] [INFO] [ApiClient387144901] : "v-c-merchant-id : testrest"
[2023-06-15T19:09:24.596Z] [INFO] [ApiClient387144901] : "date : Thu, 15 Jun 2023 19:09:24 GMT"
[2023-06-15T19:09:24.596Z] [INFO] [ApiClient387144901] : "host : apitest.cybersource.com"
[2023-06-15T19:09:24.596Z] [INFO] [ApiClient387144901] : "signature : keyid=\"08c94330-f618-42a3-b09d-e1e43be5efda\", algorithm=\"HmacSHA256\", headers=\"host date (request-target) digest v-c-merchant-id\", signature=\"V8La/B46lXHf3o0BvOnkhNgt4MugesW1I8wHwg1aBWo=\""
[2023-06-15T19:09:24.596Z] [INFO] [ApiClient387144901] : "User-Agent : Mozilla/5.0"
[2023-06-15T19:09:24.597Z] [INFO] [ApiClient387144901] : "************************  LOGGING END  ************************"
[2023-06-15T19:09:44.223Z] [INFO] [MerchantConfig802904825] : "************************ LOGGING START ************************"
[2023-06-15T19:09:44.231Z] [INFO] [ApiClient758902267] : "Authentication Type : http_signature"
[2023-06-15T19:09:44.231Z] [INFO] [ApiClient758902267] : "Request Type : POST"
[2023-06-15T19:09:44.232Z] [INFO] [ApiClient758902267] : "signatureHeader : keyid=\"08c94330-f618-42a3-b09d-e1e43be5efda\", algorithm=\"HmacSHA256\", headers=\"host date (request-target) digest v-c-merchant-id\", signature=\"JPQkZy1YFrae2g+naxUa8WjhRDWaBS1MGqp18wKyA10=\""
[2023-06-15T19:09:44.233Z] [INFO] [ApiClient758902267] : "digest : SHA-256=lIpWRiVsmMgSvnHCLKWL1WXn8p8f+mYICfFbPMxAfvw="
[2023-06-15T19:09:44.233Z] [INFO] [ApiClient758902267] : "v-c-merchant-id : testrest"
[2023-06-15T19:09:44.233Z] [INFO] [ApiClient758902267] : "date : Thu, 15 Jun 2023 19:09:44 GMT"
[2023-06-15T19:09:44.233Z] [INFO] [ApiClient758902267] : "host : apitest.cybersource.com"
[2023-06-15T19:09:44.234Z] [INFO] [ApiClient758902267] : "signature : keyid=\"08c94330-f618-42a3-b09d-e1e43be5efda\", algorithm=\"HmacSHA256\", headers=\"host date (request-target) digest v-c-merchant-id\", signature=\"JPQkZy1YFrae2g+naxUa8WjhRDWaBS1MGqp18wKyA10=\""
[2023-06-15T19:09:44.234Z] [INFO] [ApiClient758902267] : "User-Agent : Mozilla/5.0"
[2023-06-15T19:09:44.234Z] [INFO] [ApiClient758902267] : "************************  LOGGING END  ************************"
[2023-06-15T19:14:56.709Z] [INFO] [MerchantConfig924489731] : "************************ LOGGING START ************************"
[2023-06-15T19:14:56.715Z] [INFO] [ApiClient33828730] : "Authentication Type : http_signature"
[2023-06-15T19:14:56.716Z] [INFO] [ApiClient33828730] : "Request Type : POST"
[2023-06-15T19:14:56.717Z] [INFO] [ApiClient33828730] : "signatureHeader : keyid=\"08c94330-f618-42a3-b09d-e1e43be5efda\", algorithm=\"HmacSHA256\", headers=\"host date (request-target) digest v-c-merchant-id\", signature=\"U5FHXaZw0va/vJ3hqDZd/bAjtty/kc9yNVQhjfDDY6I=\""
[2023-06-15T19:14:56.717Z] [INFO] [ApiClient33828730] : "digest : SHA-256=euaJAV/+eDW3mZPUqp9ytoaCL/jNkXJMkbtFcyqR+Ko="
[2023-06-15T19:14:56.717Z] [INFO] [ApiClient33828730] : "v-c-merchant-id : testrest"
[2023-06-15T19:14:56.718Z] [INFO] [ApiClient33828730] : "date : Thu, 15 Jun 2023 19:14:56 GMT"
[2023-06-15T19:14:56.718Z] [INFO] [ApiClient33828730] : "host : apitest.cybersource.com"
[2023-06-15T19:14:56.718Z] [INFO] [ApiClient33828730] : "signature : keyid=\"08c94330-f618-42a3-b09d-e1e43be5efda\", algorithm=\"HmacSHA256\", headers=\"host date (request-target) digest v-c-merchant-id\", signature=\"U5FHXaZw0va/vJ3hqDZd/bAjtty/kc9yNVQhjfDDY6I=\""
[2023-06-15T19:14:56.718Z] [INFO] [ApiClient33828730] : "User-Agent : Mozilla/5.0"
[2023-06-15T19:14:56.718Z] [INFO] [ApiClient33828730] : "************************  LOGGING END  ************************"
[2023-06-15T19:17:50.496Z] [INFO] [MerchantConfig210276661] : "************************ LOGGING START ************************"
[2023-06-15T19:17:50.501Z] [INFO] [ApiClient991095396] : "Authentication Type : http_signature"
[2023-06-15T19:17:50.502Z] [INFO] [ApiClient991095396] : "Request Type : POST"
[2023-06-15T19:17:50.503Z] [INFO] [ApiClient991095396] : "signatureHeader : keyid=\"08c94330-f618-42a3-b09d-e1e43be5efda\", algorithm=\"HmacSHA256\", headers=\"host date (request-target) digest v-c-merchant-id\", signature=\"PAwsUk9HMEJK4ekM31OqgdVBl5+Kr7ykhOfIInn/TDM=\""
[2023-06-15T19:17:50.504Z] [INFO] [ApiClient991095396] : "digest : SHA-256=AXyw8Ns3iv7zaFx3WGzY1RCoF1jCeDaX3hTglCNfHVg="
[2023-06-15T19:17:50.504Z] [INFO] [ApiClient991095396] : "v-c-merchant-id : testrest"
[2023-06-15T19:17:50.504Z] [INFO] [ApiClient991095396] : "date : Thu, 15 Jun 2023 19:17:50 GMT"
[2023-06-15T19:17:50.505Z] [INFO] [ApiClient991095396] : "host : apitest.cybersource.com"
[2023-06-15T19:17:50.506Z] [INFO] [ApiClient991095396] : "signature : keyid=\"08c94330-f618-42a3-b09d-e1e43be5efda\", algorithm=\"HmacSHA256\", headers=\"host date (request-target) digest v-c-merchant-id\", signature=\"PAwsUk9HMEJK4ekM31OqgdVBl5+Kr7ykhOfIInn/TDM=\""
[2023-06-15T19:17:50.506Z] [INFO] [ApiClient991095396] : "User-Agent : Mozilla/5.0"
[2023-06-15T19:17:50.507Z] [INFO] [ApiClient991095396] : "************************  LOGGING END  ************************"
