[2023-05-05T04:57:15.418Z] [INFO] [MerchantConfig280336168] : "************************ LOGGING START ************************"
[2023-05-05T04:57:15.431Z] [INFO] [ApiClient195609791] : "Authentication Type : http_signature"
[2023-05-05T04:57:15.431Z] [INFO] [ApiClient195609791] : "Request Type : POST"
[2023-05-05T04:57:15.436Z] [INFO] [ApiClient195609791] : "signatureHeader : keyid=\"08c94330-f618-42a3-b09d-e1e43be5efda\", algorithm=\"HmacSHA256\", headers=\"host date (request-target) digest v-c-merchant-id\", signature=\"XrISgnWwwWBVHCNg3o3wr/uuy/9IUYMeeZEa6hWq0AY=\""
[2023-05-05T04:57:15.436Z] [INFO] [ApiClient195609791] : "digest : SHA-256=6FhQyo7ypxEtAkFfr9mnNn5ByZPpcGdxO+WJBvXuiTY="
[2023-05-05T04:57:15.437Z] [INFO] [ApiClient195609791] : "v-c-merchant-id : testrest"
[2023-05-05T04:57:15.437Z] [INFO] [ApiClient195609791] : "date : Fri, 05 May 2023 04:57:15 GMT"
[2023-05-05T04:57:15.437Z] [INFO] [ApiClient195609791] : "host : apitest.cybersource.com"
[2023-05-05T04:57:15.438Z] [INFO] [ApiClient195609791] : "signature : keyid=\"08c94330-f618-42a3-b09d-e1e43be5efda\", algorithm=\"HmacSHA256\", headers=\"host date (request-target) digest v-c-merchant-id\", signature=\"XrISgnWwwWBVHCNg3o3wr/uuy/9IUYMeeZEa6hWq0AY=\""
[2023-05-05T04:57:15.438Z] [INFO] [ApiClient195609791] : "User-Agent : Mozilla/5.0"
[2023-05-05T04:57:15.439Z] [INFO] [ApiClient195609791] : "************************  LOGGING END  ************************"
[2023-05-05T04:57:21.550Z] [INFO] [MerchantConfig676300401] : "************************ LOGGING START ************************"
[2023-05-05T04:57:21.561Z] [INFO] [ApiClient25140500] : "Authentication Type : http_signature"
[2023-05-05T04:57:21.561Z] [INFO] [ApiClient25140500] : "Request Type : POST"
[2023-05-05T04:57:21.563Z] [INFO] [ApiClient25140500] : "signatureHeader : keyid=\"08c94330-f618-42a3-b09d-e1e43be5efda\", algorithm=\"HmacSHA256\", headers=\"host date (request-target) digest v-c-merchant-id\", signature=\"umB8l1ZMBGhk7ZIjgaGbHIHXyukRRtfLmujax6XGw0Q=\""
[2023-05-05T04:57:21.563Z] [INFO] [ApiClient25140500] : "digest : SHA-256=6FhQyo7ypxEtAkFfr9mnNn5ByZPpcGdxO+WJBvXuiTY="
[2023-05-05T04:57:21.564Z] [INFO] [ApiClient25140500] : "v-c-merchant-id : testrest"
[2023-05-05T04:57:21.564Z] [INFO] [ApiClient25140500] : "date : Fri, 05 May 2023 04:57:21 GMT"
[2023-05-05T04:57:21.564Z] [INFO] [ApiClient25140500] : "host : apitest.cybersource.com"
[2023-05-05T04:57:21.564Z] [INFO] [ApiClient25140500] : "signature : keyid=\"08c94330-f618-42a3-b09d-e1e43be5efda\", algorithm=\"HmacSHA256\", headers=\"host date (request-target) digest v-c-merchant-id\", signature=\"umB8l1ZMBGhk7ZIjgaGbHIHXyukRRtfLmujax6XGw0Q=\""
[2023-05-05T04:57:21.565Z] [INFO] [ApiClient25140500] : "User-Agent : Mozilla/5.0"
[2023-05-05T04:57:21.565Z] [INFO] [ApiClient25140500] : "************************  LOGGING END  ************************"
