[2023-07-28T12:20:36.115Z] [INFO] [MerchantConfig649028809] : "************************ LOGGING START ************************"
[2023-07-28T12:20:36.140Z] [INFO] [ApiClient425392393] : "Authentication Type : http_signature"
[2023-07-28T12:20:36.140Z] [INFO] [ApiClient425392393] : "Request Type : POST"
[2023-07-28T12:20:36.142Z] [INFO] [ApiClient425392393] : "signatureHeader : keyid=\"08c94330-f618-42a3-b09d-e1e43be5efda\", algorithm=\"HmacSHA256\", headers=\"host date (request-target) digest v-c-merchant-id\", signature=\"/iYqhvsq1HGVTiwJaTZKCNnDXL47L3hzdI/ImmQo1GI=\""
[2023-07-28T12:20:36.142Z] [INFO] [ApiClient425392393] : "digest : SHA-256=8wBuu4czniQu/hkFiwcnwEAqh/f0664eWVgxMMR9Z7k="
[2023-07-28T12:20:36.142Z] [INFO] [ApiClient425392393] : "v-c-merchant-id : testrest"
[2023-07-28T12:20:36.143Z] [INFO] [ApiClient425392393] : "date : Fri, 28 Jul 2023 12:20:36 GMT"
[2023-07-28T12:20:36.143Z] [INFO] [ApiClient425392393] : "host : apitest.cybersource.com"
[2023-07-28T12:20:36.143Z] [INFO] [ApiClient425392393] : "signature : keyid=\"08c94330-f618-42a3-b09d-e1e43be5efda\", algorithm=\"HmacSHA256\", headers=\"host date (request-target) digest v-c-merchant-id\", signature=\"/iYqhvsq1HGVTiwJaTZKCNnDXL47L3hzdI/ImmQo1GI=\""
[2023-07-28T12:20:36.143Z] [INFO] [ApiClient425392393] : "User-Agent : Mozilla/5.0"
[2023-07-28T12:20:36.144Z] [INFO] [ApiClient425392393] : "************************  LOGGING END  ************************"
[2023-07-28T17:04:45.133Z] [INFO] [MerchantConfig463574908] : "************************ LOGGING START ************************"
[2023-07-28T17:04:45.143Z] [INFO] [ApiClient840216868] : "Authentication Type : http_signature"
[2023-07-28T17:04:45.146Z] [INFO] [ApiClient840216868] : "Request Type : POST"
[2023-07-28T17:04:45.147Z] [INFO] [ApiClient840216868] : "signatureHeader : keyid=\"08c94330-f618-42a3-b09d-e1e43be5efda\", algorithm=\"HmacSHA256\", headers=\"host date (request-target) digest v-c-merchant-id\", signature=\"ngjNHpd+wMUYJZbpXPIiPGAPxt4PDoV328AnmQxG7AE=\""
[2023-07-28T17:04:45.148Z] [INFO] [ApiClient840216868] : "digest : SHA-256=wT0TOK31t06Sc2k6HQhioyjJWTFCktK+AWNRG1ktzTo="
[2023-07-28T17:04:45.148Z] [INFO] [ApiClient840216868] : "v-c-merchant-id : testrest"
[2023-07-28T17:04:45.149Z] [INFO] [ApiClient840216868] : "date : Fri, 28 Jul 2023 17:04:45 GMT"
[2023-07-28T17:04:45.149Z] [INFO] [ApiClient840216868] : "host : apitest.cybersource.com"
[2023-07-28T17:04:45.149Z] [INFO] [ApiClient840216868] : "signature : keyid=\"08c94330-f618-42a3-b09d-e1e43be5efda\", algorithm=\"HmacSHA256\", headers=\"host date (request-target) digest v-c-merchant-id\", signature=\"ngjNHpd+wMUYJZbpXPIiPGAPxt4PDoV328AnmQxG7AE=\""
[2023-07-28T17:04:45.150Z] [INFO] [ApiClient840216868] : "User-Agent : Mozilla/5.0"
[2023-07-28T17:04:45.150Z] [INFO] [ApiClient840216868] : "************************  LOGGING END  ************************"
