[2023-06-25T05:48:51.190Z] [INFO] [MerchantConfig273002255] : "************************ LOGGING START ************************"
[2023-06-25T05:48:51.199Z] [INFO] [ApiClient661263415] : "Authentication Type : http_signature"
[2023-06-25T05:48:51.202Z] [INFO] [ApiClient661263415] : "Request Type : POST"
[2023-06-25T05:48:51.204Z] [INFO] [ApiClient661263415] : "signatureHeader : keyid=\"08c94330-f618-42a3-b09d-e1e43be5efda\", algorithm=\"HmacSHA256\", headers=\"host date (request-target) digest v-c-merchant-id\", signature=\"VPsnxC7ciIRSpbKFcVcsV0WbGg5c7cKMIm2IzJ0U/hY=\""
[2023-06-25T05:48:51.205Z] [INFO] [ApiClient661263415] : "digest : SHA-256=HVsvllCBtDciUO6c/IF44g85+dEbqLiJbdyppHrVGjE="
[2023-06-25T05:48:51.205Z] [INFO] [ApiClient661263415] : "v-c-merchant-id : testrest"
[2023-06-25T05:48:51.205Z] [INFO] [ApiClient661263415] : "date : Sun, 25 Jun 2023 05:48:51 GMT"
[2023-06-25T05:48:51.205Z] [INFO] [ApiClient661263415] : "host : apitest.cybersource.com"
[2023-06-25T05:48:51.205Z] [INFO] [ApiClient661263415] : "signature : keyid=\"08c94330-f618-42a3-b09d-e1e43be5efda\", algorithm=\"HmacSHA256\", headers=\"host date (request-target) digest v-c-merchant-id\", signature=\"VPsnxC7ciIRSpbKFcVcsV0WbGg5c7cKMIm2IzJ0U/hY=\""
[2023-06-25T05:48:51.206Z] [INFO] [ApiClient661263415] : "User-Agent : Mozilla/5.0"
[2023-06-25T05:48:51.206Z] [INFO] [ApiClient661263415] : "************************  LOGGING END  ************************"
[2023-06-25T05:48:56.772Z] [INFO] [MerchantConfig727230378] : "************************ LOGGING START ************************"
[2023-06-25T05:48:56.775Z] [INFO] [ApiClient412806508] : "Authentication Type : http_signature"
[2023-06-25T05:48:56.775Z] [INFO] [ApiClient412806508] : "Request Type : POST"
[2023-06-25T05:48:56.776Z] [INFO] [ApiClient412806508] : "signatureHeader : keyid=\"08c94330-f618-42a3-b09d-e1e43be5efda\", algorithm=\"HmacSHA256\", headers=\"host date (request-target) digest v-c-merchant-id\", signature=\"UtmrScChYEIgS/pHfnUQ5K29pYPGwDPX3LIeNUGkz2Q=\""
[2023-06-25T05:48:56.776Z] [INFO] [ApiClient412806508] : "digest : SHA-256=HVsvllCBtDciUO6c/IF44g85+dEbqLiJbdyppHrVGjE="
[2023-06-25T05:48:56.776Z] [INFO] [ApiClient412806508] : "v-c-merchant-id : testrest"
[2023-06-25T05:48:56.776Z] [INFO] [ApiClient412806508] : "date : Sun, 25 Jun 2023 05:48:56 GMT"
[2023-06-25T05:48:56.776Z] [INFO] [ApiClient412806508] : "host : apitest.cybersource.com"
[2023-06-25T05:48:56.776Z] [INFO] [ApiClient412806508] : "signature : keyid=\"08c94330-f618-42a3-b09d-e1e43be5efda\", algorithm=\"HmacSHA256\", headers=\"host date (request-target) digest v-c-merchant-id\", signature=\"UtmrScChYEIgS/pHfnUQ5K29pYPGwDPX3LIeNUGkz2Q=\""
[2023-06-25T05:48:56.777Z] [INFO] [ApiClient412806508] : "User-Agent : Mozilla/5.0"
[2023-06-25T05:48:56.777Z] [INFO] [ApiClient412806508] : "************************  LOGGING END  ************************"
[2023-06-25T05:49:14.748Z] [INFO] [ApiClient151896836] : "Authentication Type : http_signature"
[2023-06-25T05:49:14.750Z] [INFO] [ApiClient151896836] : "Request Type : POST"
[2023-06-25T05:49:14.751Z] [INFO] [ApiClient151896836] : "signatureHeader : keyid=\"08c94330-f618-42a3-b09d-e1e43be5efda\", algorithm=\"HmacSHA256\", headers=\"host date (request-target) digest v-c-merchant-id\", signature=\"O7lksXx8oXNQmAYLxQ1rttNkAr4GUjhMz+qa4hLmKOo=\""
[2023-06-25T05:49:14.751Z] [INFO] [ApiClient151896836] : "digest : SHA-256=y2kzZc+TpxwJqNPxR+dCSd2QXfHzX9WWvX/H+jfz+ps="
[2023-06-25T05:49:14.752Z] [INFO] [ApiClient151896836] : "v-c-merchant-id : testrest"
[2023-06-25T05:49:14.752Z] [INFO] [ApiClient151896836] : "date : Sun, 25 Jun 2023 05:49:14 GMT"
[2023-06-25T05:49:14.752Z] [INFO] [ApiClient151896836] : "host : apitest.cybersource.com"
[2023-06-25T05:49:14.752Z] [INFO] [ApiClient151896836] : "signature : keyid=\"08c94330-f618-42a3-b09d-e1e43be5efda\", algorithm=\"HmacSHA256\", headers=\"host date (request-target) digest v-c-merchant-id\", signature=\"O7lksXx8oXNQmAYLxQ1rttNkAr4GUjhMz+qa4hLmKOo=\""
[2023-06-25T05:49:14.744Z] [INFO] [MerchantConfig9605485] : "************************ LOGGING START ************************"
[2023-06-25T05:49:14.752Z] [INFO] [ApiClient151896836] : "User-Agent : Mozilla/5.0"
[2023-06-25T05:49:14.752Z] [INFO] [ApiClient151896836] : "************************  LOGGING END  ************************"
[2023-06-25T05:49:52.285Z] [INFO] [MerchantConfig661659102] : "************************ LOGGING START ************************"
[2023-06-25T05:49:52.287Z] [INFO] [ApiClient232676547] : "Authentication Type : http_signature"
[2023-06-25T05:49:52.288Z] [INFO] [ApiClient232676547] : "Request Type : POST"
[2023-06-25T05:49:52.288Z] [INFO] [ApiClient232676547] : "signatureHeader : keyid=\"08c94330-f618-42a3-b09d-e1e43be5efda\", algorithm=\"HmacSHA256\", headers=\"host date (request-target) digest v-c-merchant-id\", signature=\"klwsxCKl85IPSAO8yl8OFopGAF0TnkBZusEbJJkkPwE=\""
[2023-06-25T05:49:52.289Z] [INFO] [ApiClient232676547] : "digest : SHA-256=ZG1ZwwXWE9uy501DmADnjc69BkvtamWJVegFvDZhtSg="
[2023-06-25T05:49:52.289Z] [INFO] [ApiClient232676547] : "v-c-merchant-id : testrest"
[2023-06-25T05:49:52.289Z] [INFO] [ApiClient232676547] : "date : Sun, 25 Jun 2023 05:49:52 GMT"
[2023-06-25T05:49:52.289Z] [INFO] [ApiClient232676547] : "host : apitest.cybersource.com"
[2023-06-25T05:49:52.289Z] [INFO] [ApiClient232676547] : "signature : keyid=\"08c94330-f618-42a3-b09d-e1e43be5efda\", algorithm=\"HmacSHA256\", headers=\"host date (request-target) digest v-c-merchant-id\", signature=\"klwsxCKl85IPSAO8yl8OFopGAF0TnkBZusEbJJkkPwE=\""
[2023-06-25T05:49:52.289Z] [INFO] [ApiClient232676547] : "User-Agent : Mozilla/5.0"
[2023-06-25T05:49:52.289Z] [INFO] [ApiClient232676547] : "************************  LOGGING END  ************************"
[2023-06-25T05:50:01.290Z] [INFO] [ApiClient354297670] : "Authentication Type : http_signature"
[2023-06-25T05:50:01.291Z] [INFO] [ApiClient354297670] : "Request Type : POST"
[2023-06-25T05:50:01.291Z] [INFO] [ApiClient354297670] : "signatureHeader : keyid=\"08c94330-f618-42a3-b09d-e1e43be5efda\", algorithm=\"HmacSHA256\", headers=\"host date (request-target) digest v-c-merchant-id\", signature=\"tNZvzYcTXULCJQ64ifqMu0cK1tn0ACVR11P7NuP0VS0=\""
[2023-06-25T05:50:01.291Z] [INFO] [ApiClient354297670] : "digest : SHA-256=ZG1ZwwXWE9uy501DmADnjc69BkvtamWJVegFvDZhtSg="
[2023-06-25T05:50:01.291Z] [INFO] [ApiClient354297670] : "v-c-merchant-id : testrest"
[2023-06-25T05:50:01.291Z] [INFO] [ApiClient354297670] : "date : Sun, 25 Jun 2023 05:50:01 GMT"
[2023-06-25T05:50:01.291Z] [INFO] [ApiClient354297670] : "host : apitest.cybersource.com"
[2023-06-25T05:50:01.291Z] [INFO] [ApiClient354297670] : "signature : keyid=\"08c94330-f618-42a3-b09d-e1e43be5efda\", algorithm=\"HmacSHA256\", headers=\"host date (request-target) digest v-c-merchant-id\", signature=\"tNZvzYcTXULCJQ64ifqMu0cK1tn0ACVR11P7NuP0VS0=\""
[2023-06-25T05:50:01.292Z] [INFO] [ApiClient354297670] : "User-Agent : Mozilla/5.0"
[2023-06-25T05:50:01.292Z] [INFO] [ApiClient354297670] : "************************  LOGGING END  ************************"
[2023-06-25T05:50:01.287Z] [INFO] [MerchantConfig858688999] : "************************ LOGGING START ************************"
[2023-06-25T05:51:31.512Z] [INFO] [MerchantConfig466457058] : "************************ LOGGING START ************************"
[2023-06-25T05:51:31.516Z] [INFO] [ApiClient693185552] : "Authentication Type : http_signature"
[2023-06-25T05:51:31.517Z] [INFO] [ApiClient693185552] : "Request Type : POST"
[2023-06-25T05:51:31.517Z] [INFO] [ApiClient693185552] : "signatureHeader : keyid=\"08c94330-f618-42a3-b09d-e1e43be5efda\", algorithm=\"HmacSHA256\", headers=\"host date (request-target) digest v-c-merchant-id\", signature=\"t09oj9+LYTa5YBL9elX/4k3by2a7tMI6JdYRAO8fdI4=\""
[2023-06-25T05:51:31.518Z] [INFO] [ApiClient693185552] : "digest : SHA-256=jUCsRB7onUGqKpGU4IEyP+Sal8skFIXUwI8p33syse4="
[2023-06-25T05:51:31.518Z] [INFO] [ApiClient693185552] : "v-c-merchant-id : testrest"
[2023-06-25T05:51:31.519Z] [INFO] [ApiClient693185552] : "date : Sun, 25 Jun 2023 05:51:31 GMT"
[2023-06-25T05:51:31.519Z] [INFO] [ApiClient693185552] : "host : apitest.cybersource.com"
[2023-06-25T05:51:31.519Z] [INFO] [ApiClient693185552] : "signature : keyid=\"08c94330-f618-42a3-b09d-e1e43be5efda\", algorithm=\"HmacSHA256\", headers=\"host date (request-target) digest v-c-merchant-id\", signature=\"t09oj9+LYTa5YBL9elX/4k3by2a7tMI6JdYRAO8fdI4=\""
[2023-06-25T05:51:31.520Z] [INFO] [ApiClient693185552] : "User-Agent : Mozilla/5.0"
[2023-06-25T05:51:31.520Z] [INFO] [ApiClient693185552] : "************************  LOGGING END  ************************"
[2023-06-25T06:01:16.168Z] [INFO] [MerchantConfig525732595] : "************************ LOGGING START ************************"
[2023-06-25T06:01:16.170Z] [INFO] [ApiClient545152559] : "Authentication Type : http_signature"
[2023-06-25T06:01:16.171Z] [INFO] [ApiClient545152559] : "Request Type : POST"
[2023-06-25T06:01:16.171Z] [INFO] [ApiClient545152559] : "signatureHeader : keyid=\"08c94330-f618-42a3-b09d-e1e43be5efda\", algorithm=\"HmacSHA256\", headers=\"host date (request-target) digest v-c-merchant-id\", signature=\"qinCsAG6BQE3TmvEFO8+yEJ2cN6StpWgMDfSrc/dVCo=\""
[2023-06-25T06:01:16.171Z] [INFO] [ApiClient545152559] : "digest : SHA-256=HVsvllCBtDciUO6c/IF44g85+dEbqLiJbdyppHrVGjE="
[2023-06-25T06:01:16.171Z] [INFO] [ApiClient545152559] : "v-c-merchant-id : testrest"
[2023-06-25T06:01:16.171Z] [INFO] [ApiClient545152559] : "date : Sun, 25 Jun 2023 06:01:16 GMT"
[2023-06-25T06:01:16.172Z] [INFO] [ApiClient545152559] : "host : apitest.cybersource.com"
[2023-06-25T06:01:16.172Z] [INFO] [ApiClient545152559] : "signature : keyid=\"08c94330-f618-42a3-b09d-e1e43be5efda\", algorithm=\"HmacSHA256\", headers=\"host date (request-target) digest v-c-merchant-id\", signature=\"qinCsAG6BQE3TmvEFO8+yEJ2cN6StpWgMDfSrc/dVCo=\""
[2023-06-25T06:01:16.172Z] [INFO] [ApiClient545152559] : "User-Agent : Mozilla/5.0"
[2023-06-25T06:01:16.172Z] [INFO] [ApiClient545152559] : "************************  LOGGING END  ************************"
[2023-06-25T06:01:38.797Z] [INFO] [MerchantConfig690789819] : "************************ LOGGING START ************************"
[2023-06-25T06:01:38.801Z] [INFO] [ApiClient580945377] : "Authentication Type : http_signature"
[2023-06-25T06:01:38.801Z] [INFO] [ApiClient580945377] : "Request Type : POST"
[2023-06-25T06:01:38.802Z] [INFO] [ApiClient580945377] : "signatureHeader : keyid=\"08c94330-f618-42a3-b09d-e1e43be5efda\", algorithm=\"HmacSHA256\", headers=\"host date (request-target) digest v-c-merchant-id\", signature=\"z8nRtnfRkK7t1+CW8Y3dryjIvz3JVxN6hLauGBVs11E=\""
[2023-06-25T06:01:38.803Z] [INFO] [ApiClient580945377] : "digest : SHA-256=HVsvllCBtDciUO6c/IF44g85+dEbqLiJbdyppHrVGjE="
[2023-06-25T06:01:38.803Z] [INFO] [ApiClient580945377] : "v-c-merchant-id : testrest"
[2023-06-25T06:01:38.803Z] [INFO] [ApiClient580945377] : "date : Sun, 25 Jun 2023 06:01:38 GMT"
[2023-06-25T06:01:38.803Z] [INFO] [ApiClient580945377] : "host : apitest.cybersource.com"
[2023-06-25T06:01:38.803Z] [INFO] [ApiClient580945377] : "signature : keyid=\"08c94330-f618-42a3-b09d-e1e43be5efda\", algorithm=\"HmacSHA256\", headers=\"host date (request-target) digest v-c-merchant-id\", signature=\"z8nRtnfRkK7t1+CW8Y3dryjIvz3JVxN6hLauGBVs11E=\""
[2023-06-25T06:01:38.803Z] [INFO] [ApiClient580945377] : "User-Agent : Mozilla/5.0"
[2023-06-25T06:01:38.804Z] [INFO] [ApiClient580945377] : "************************  LOGGING END  ************************"
[2023-06-25T06:02:25.116Z] [INFO] [ApiClient840523681] : "Authentication Type : http_signature"
[2023-06-25T06:02:25.116Z] [INFO] [ApiClient840523681] : "Request Type : POST"
[2023-06-25T06:02:25.117Z] [INFO] [ApiClient840523681] : "signatureHeader : keyid=\"08c94330-f618-42a3-b09d-e1e43be5efda\", algorithm=\"HmacSHA256\", headers=\"host date (request-target) digest v-c-merchant-id\", signature=\"iMpoT8V5ID6B5dXkIiSiZoZXkNQWQuHseLsgfUNRiHk=\""
[2023-06-25T06:02:25.118Z] [INFO] [ApiClient840523681] : "digest : SHA-256=HVsvllCBtDciUO6c/IF44g85+dEbqLiJbdyppHrVGjE="
[2023-06-25T06:02:25.118Z] [INFO] [ApiClient840523681] : "v-c-merchant-id : testrest"
[2023-06-25T06:02:25.118Z] [INFO] [ApiClient840523681] : "date : Sun, 25 Jun 2023 06:02:25 GMT"
[2023-06-25T06:02:25.118Z] [INFO] [ApiClient840523681] : "host : apitest.cybersource.com"
[2023-06-25T06:02:25.118Z] [INFO] [ApiClient840523681] : "signature : keyid=\"08c94330-f618-42a3-b09d-e1e43be5efda\", algorithm=\"HmacSHA256\", headers=\"host date (request-target) digest v-c-merchant-id\", signature=\"iMpoT8V5ID6B5dXkIiSiZoZXkNQWQuHseLsgfUNRiHk=\""
[2023-06-25T06:02:25.119Z] [INFO] [ApiClient840523681] : "User-Agent : Mozilla/5.0"
[2023-06-25T06:02:25.114Z] [INFO] [MerchantConfig785338415] : "************************ LOGGING START ************************"
[2023-06-25T06:02:25.119Z] [INFO] [ApiClient840523681] : "************************  LOGGING END  ************************"
[2023-06-25T06:03:08.998Z] [INFO] [MerchantConfig379214289] : "************************ LOGGING START ************************"
[2023-06-25T06:03:09.000Z] [INFO] [ApiClient954564965] : "Authentication Type : http_signature"
[2023-06-25T06:03:09.000Z] [INFO] [ApiClient954564965] : "Request Type : POST"
[2023-06-25T06:03:09.000Z] [INFO] [ApiClient954564965] : "signatureHeader : keyid=\"08c94330-f618-42a3-b09d-e1e43be5efda\", algorithm=\"HmacSHA256\", headers=\"host date (request-target) digest v-c-merchant-id\", signature=\"zHQL28LKqQKOPKTVFmdFbJ10ZI4R0F8kwKS51yR0VAs=\""
[2023-06-25T06:03:09.001Z] [INFO] [ApiClient954564965] : "digest : SHA-256=HVsvllCBtDciUO6c/IF44g85+dEbqLiJbdyppHrVGjE="
[2023-06-25T06:03:09.001Z] [INFO] [ApiClient954564965] : "v-c-merchant-id : testrest"
[2023-06-25T06:03:09.001Z] [INFO] [ApiClient954564965] : "date : Sun, 25 Jun 2023 06:03:09 GMT"
[2023-06-25T06:03:09.001Z] [INFO] [ApiClient954564965] : "host : apitest.cybersource.com"
[2023-06-25T06:03:09.001Z] [INFO] [ApiClient954564965] : "signature : keyid=\"08c94330-f618-42a3-b09d-e1e43be5efda\", algorithm=\"HmacSHA256\", headers=\"host date (request-target) digest v-c-merchant-id\", signature=\"zHQL28LKqQKOPKTVFmdFbJ10ZI4R0F8kwKS51yR0VAs=\""
[2023-06-25T06:03:09.001Z] [INFO] [ApiClient954564965] : "User-Agent : Mozilla/5.0"
[2023-06-25T06:03:09.001Z] [INFO] [ApiClient954564965] : "************************  LOGGING END  ************************"
[2023-06-25T06:34:00.557Z] [INFO] [ApiClient968233815] : "Authentication Type : http_signature"
[2023-06-25T06:34:00.555Z] [INFO] [MerchantConfig899714296] : "************************ LOGGING START ************************"
[2023-06-25T06:34:00.557Z] [INFO] [ApiClient968233815] : "Request Type : POST"
[2023-06-25T06:34:00.558Z] [INFO] [ApiClient968233815] : "signatureHeader : keyid=\"08c94330-f618-42a3-b09d-e1e43be5efda\", algorithm=\"HmacSHA256\", headers=\"host date (request-target) digest v-c-merchant-id\", signature=\"1hkS07DpVAsLiQSNWshS/KtXYZtZev5jtlmJLQi0lDI=\""
[2023-06-25T06:34:00.558Z] [INFO] [ApiClient968233815] : "digest : SHA-256=wNkIqV7Jb2NM+Yut5ocQHXuCbhNoQIJIyHNd3tvFQ3k="
[2023-06-25T06:34:00.558Z] [INFO] [ApiClient968233815] : "v-c-merchant-id : testrest"
[2023-06-25T06:34:00.558Z] [INFO] [ApiClient968233815] : "date : Sun, 25 Jun 2023 06:34:00 GMT"
[2023-06-25T06:34:00.558Z] [INFO] [ApiClient968233815] : "host : apitest.cybersource.com"
[2023-06-25T06:34:00.558Z] [INFO] [ApiClient968233815] : "signature : keyid=\"08c94330-f618-42a3-b09d-e1e43be5efda\", algorithm=\"HmacSHA256\", headers=\"host date (request-target) digest v-c-merchant-id\", signature=\"1hkS07DpVAsLiQSNWshS/KtXYZtZev5jtlmJLQi0lDI=\""
[2023-06-25T06:34:00.558Z] [INFO] [ApiClient968233815] : "User-Agent : Mozilla/5.0"
[2023-06-25T06:34:00.558Z] [INFO] [ApiClient968233815] : "************************  LOGGING END  ************************"
[2023-06-25T06:40:24.042Z] [INFO] [MerchantConfig858054747] : "************************ LOGGING START ************************"
[2023-06-25T06:40:24.043Z] [INFO] [ApiClient635884865] : "Authentication Type : http_signature"
[2023-06-25T06:40:24.043Z] [INFO] [ApiClient635884865] : "Request Type : POST"
[2023-06-25T06:40:24.044Z] [INFO] [ApiClient635884865] : "signatureHeader : keyid=\"08c94330-f618-42a3-b09d-e1e43be5efda\", algorithm=\"HmacSHA256\", headers=\"host date (request-target) digest v-c-merchant-id\", signature=\"t1rzGxJNqQqHri+A0x/CNhFJ4j8FuANPH74l0bGuqgE=\""
[2023-06-25T06:40:24.044Z] [INFO] [ApiClient635884865] : "digest : SHA-256=9nCSxTjW3/dBinFEEIw97xiYUvv5QjsGICDxd2AwiPU="
[2023-06-25T06:40:24.044Z] [INFO] [ApiClient635884865] : "v-c-merchant-id : testrest"
[2023-06-25T06:40:24.044Z] [INFO] [ApiClient635884865] : "date : Sun, 25 Jun 2023 06:40:24 GMT"
[2023-06-25T06:40:24.044Z] [INFO] [ApiClient635884865] : "host : apitest.cybersource.com"
[2023-06-25T06:40:24.044Z] [INFO] [ApiClient635884865] : "signature : keyid=\"08c94330-f618-42a3-b09d-e1e43be5efda\", algorithm=\"HmacSHA256\", headers=\"host date (request-target) digest v-c-merchant-id\", signature=\"t1rzGxJNqQqHri+A0x/CNhFJ4j8FuANPH74l0bGuqgE=\""
[2023-06-25T06:40:24.044Z] [INFO] [ApiClient635884865] : "User-Agent : Mozilla/5.0"
[2023-06-25T06:40:24.044Z] [INFO] [ApiClient635884865] : "************************  LOGGING END  ************************"
[2023-06-25T06:42:04.870Z] [INFO] [MerchantConfig343164054] : "************************ LOGGING START ************************"
[2023-06-25T06:42:04.872Z] [INFO] [ApiClient668257194] : "Authentication Type : http_signature"
[2023-06-25T06:42:04.872Z] [INFO] [ApiClient668257194] : "Request Type : POST"
[2023-06-25T06:42:04.872Z] [INFO] [ApiClient668257194] : "signatureHeader : keyid=\"08c94330-f618-42a3-b09d-e1e43be5efda\", algorithm=\"HmacSHA256\", headers=\"host date (request-target) digest v-c-merchant-id\", signature=\"FvAUuhzhsZkj8j4jNBUfN0j/00bqTajmT1e3t+6co1c=\""
[2023-06-25T06:42:04.872Z] [INFO] [ApiClient668257194] : "digest : SHA-256=wNkIqV7Jb2NM+Yut5ocQHXuCbhNoQIJIyHNd3tvFQ3k="
[2023-06-25T06:42:04.873Z] [INFO] [ApiClient668257194] : "v-c-merchant-id : testrest"
[2023-06-25T06:42:04.873Z] [INFO] [ApiClient668257194] : "date : Sun, 25 Jun 2023 06:42:04 GMT"
[2023-06-25T06:42:04.873Z] [INFO] [ApiClient668257194] : "host : apitest.cybersource.com"
[2023-06-25T06:42:04.873Z] [INFO] [ApiClient668257194] : "signature : keyid=\"08c94330-f618-42a3-b09d-e1e43be5efda\", algorithm=\"HmacSHA256\", headers=\"host date (request-target) digest v-c-merchant-id\", signature=\"FvAUuhzhsZkj8j4jNBUfN0j/00bqTajmT1e3t+6co1c=\""
[2023-06-25T06:42:04.873Z] [INFO] [ApiClient668257194] : "User-Agent : Mozilla/5.0"
[2023-06-25T06:42:04.873Z] [INFO] [ApiClient668257194] : "************************  LOGGING END  ************************"
[2023-06-25T06:42:28.011Z] [INFO] [MerchantConfig565737699] : "************************ LOGGING START ************************"
[2023-06-25T06:42:28.014Z] [INFO] [ApiClient877053018] : "Authentication Type : http_signature"
[2023-06-25T06:42:28.014Z] [INFO] [ApiClient877053018] : "Request Type : POST"
[2023-06-25T06:42:28.015Z] [INFO] [ApiClient877053018] : "signatureHeader : keyid=\"08c94330-f618-42a3-b09d-e1e43be5efda\", algorithm=\"HmacSHA256\", headers=\"host date (request-target) digest v-c-merchant-id\", signature=\"Yzn1sRktPnRdPQLZGYdpbQqu5VI1gazSe2u1XjqidG4=\""
[2023-06-25T06:42:28.015Z] [INFO] [ApiClient877053018] : "digest : SHA-256=HVsvllCBtDciUO6c/IF44g85+dEbqLiJbdyppHrVGjE="
[2023-06-25T06:42:28.016Z] [INFO] [ApiClient877053018] : "v-c-merchant-id : testrest"
[2023-06-25T06:42:28.016Z] [INFO] [ApiClient877053018] : "date : Sun, 25 Jun 2023 06:42:28 GMT"
[2023-06-25T06:42:28.016Z] [INFO] [ApiClient877053018] : "host : apitest.cybersource.com"
[2023-06-25T06:42:28.016Z] [INFO] [ApiClient877053018] : "signature : keyid=\"08c94330-f618-42a3-b09d-e1e43be5efda\", algorithm=\"HmacSHA256\", headers=\"host date (request-target) digest v-c-merchant-id\", signature=\"Yzn1sRktPnRdPQLZGYdpbQqu5VI1gazSe2u1XjqidG4=\""
[2023-06-25T06:42:28.016Z] [INFO] [ApiClient877053018] : "User-Agent : Mozilla/5.0"
[2023-06-25T06:42:28.016Z] [INFO] [ApiClient877053018] : "************************  LOGGING END  ************************"
[2023-06-25T06:44:21.600Z] [INFO] [MerchantConfig746484998] : "************************ LOGGING START ************************"
[2023-06-25T06:44:21.604Z] [INFO] [ApiClient946889964] : "Authentication Type : http_signature"
[2023-06-25T06:44:21.604Z] [INFO] [ApiClient946889964] : "Request Type : POST"
[2023-06-25T06:44:21.604Z] [INFO] [ApiClient946889964] : "signatureHeader : keyid=\"08c94330-f618-42a3-b09d-e1e43be5efda\", algorithm=\"HmacSHA256\", headers=\"host date (request-target) digest v-c-merchant-id\", signature=\"amINXWH9pH5lLG7jXvyyLVNQcjXYgxwYYE0ZVDdokpw=\""
[2023-06-25T06:44:21.605Z] [INFO] [ApiClient946889964] : "digest : SHA-256=HVsvllCBtDciUO6c/IF44g85+dEbqLiJbdyppHrVGjE="
[2023-06-25T06:44:21.605Z] [INFO] [ApiClient946889964] : "v-c-merchant-id : testrest"
[2023-06-25T06:44:21.605Z] [INFO] [ApiClient946889964] : "date : Sun, 25 Jun 2023 06:44:21 GMT"
[2023-06-25T06:44:21.605Z] [INFO] [ApiClient946889964] : "host : apitest.cybersource.com"
[2023-06-25T06:44:21.605Z] [INFO] [ApiClient946889964] : "signature : keyid=\"08c94330-f618-42a3-b09d-e1e43be5efda\", algorithm=\"HmacSHA256\", headers=\"host date (request-target) digest v-c-merchant-id\", signature=\"amINXWH9pH5lLG7jXvyyLVNQcjXYgxwYYE0ZVDdokpw=\""
[2023-06-25T06:44:21.605Z] [INFO] [ApiClient946889964] : "User-Agent : Mozilla/5.0"
[2023-06-25T06:44:21.606Z] [INFO] [ApiClient946889964] : "************************  LOGGING END  ************************"
[2023-06-25T06:49:30.172Z] [INFO] [MerchantConfig575622705] : "************************ LOGGING START ************************"
[2023-06-25T06:49:30.174Z] [INFO] [ApiClient220375419] : "Authentication Type : http_signature"
[2023-06-25T06:49:30.174Z] [INFO] [ApiClient220375419] : "Request Type : POST"
[2023-06-25T06:49:30.175Z] [INFO] [ApiClient220375419] : "signatureHeader : keyid=\"08c94330-f618-42a3-b09d-e1e43be5efda\", algorithm=\"HmacSHA256\", headers=\"host date (request-target) digest v-c-merchant-id\", signature=\"jfteZcOJkShOdWOI5pTwyKyWwKqpdNDZMD7iVT4gK1c=\""
[2023-06-25T06:49:30.175Z] [INFO] [ApiClient220375419] : "digest : SHA-256=HVsvllCBtDciUO6c/IF44g85+dEbqLiJbdyppHrVGjE="
[2023-06-25T06:49:30.175Z] [INFO] [ApiClient220375419] : "v-c-merchant-id : testrest"
[2023-06-25T06:49:30.175Z] [INFO] [ApiClient220375419] : "date : Sun, 25 Jun 2023 06:49:30 GMT"
[2023-06-25T06:49:30.175Z] [INFO] [ApiClient220375419] : "host : apitest.cybersource.com"
[2023-06-25T06:49:30.176Z] [INFO] [ApiClient220375419] : "signature : keyid=\"08c94330-f618-42a3-b09d-e1e43be5efda\", algorithm=\"HmacSHA256\", headers=\"host date (request-target) digest v-c-merchant-id\", signature=\"jfteZcOJkShOdWOI5pTwyKyWwKqpdNDZMD7iVT4gK1c=\""
[2023-06-25T06:49:30.176Z] [INFO] [ApiClient220375419] : "User-Agent : Mozilla/5.0"
[2023-06-25T06:49:30.176Z] [INFO] [ApiClient220375419] : "************************  LOGGING END  ************************"
[2023-06-25T06:50:09.168Z] [INFO] [ApiClient555444152] : "Authentication Type : http_signature"
[2023-06-25T06:50:09.169Z] [INFO] [ApiClient555444152] : "Request Type : POST"
[2023-06-25T06:50:09.169Z] [INFO] [ApiClient555444152] : "signatureHeader : keyid=\"08c94330-f618-42a3-b09d-e1e43be5efda\", algorithm=\"HmacSHA256\", headers=\"host date (request-target) digest v-c-merchant-id\", signature=\"NIjjSr98VhMFOS1jX0ws/1JeI3HgPdYjN8CCF5nrXQI=\""
[2023-06-25T06:50:09.169Z] [INFO] [ApiClient555444152] : "digest : SHA-256=HVsvllCBtDciUO6c/IF44g85+dEbqLiJbdyppHrVGjE="
[2023-06-25T06:50:09.169Z] [INFO] [ApiClient555444152] : "v-c-merchant-id : testrest"
[2023-06-25T06:50:09.169Z] [INFO] [ApiClient555444152] : "date : Sun, 25 Jun 2023 06:50:09 GMT"
[2023-06-25T06:50:09.169Z] [INFO] [ApiClient555444152] : "host : apitest.cybersource.com"
[2023-06-25T06:50:09.169Z] [INFO] [ApiClient555444152] : "signature : keyid=\"08c94330-f618-42a3-b09d-e1e43be5efda\", algorithm=\"HmacSHA256\", headers=\"host date (request-target) digest v-c-merchant-id\", signature=\"NIjjSr98VhMFOS1jX0ws/1JeI3HgPdYjN8CCF5nrXQI=\""
[2023-06-25T06:50:09.169Z] [INFO] [ApiClient555444152] : "User-Agent : Mozilla/5.0"
[2023-06-25T06:50:09.169Z] [INFO] [ApiClient555444152] : "************************  LOGGING END  ************************"
[2023-06-25T06:50:09.165Z] [INFO] [MerchantConfig328488893] : "************************ LOGGING START ************************"
[2023-06-25T06:52:50.315Z] [INFO] [MerchantConfig657267181] : "************************ LOGGING START ************************"
[2023-06-25T06:52:50.323Z] [INFO] [ApiClient428169343] : "Authentication Type : http_signature"
[2023-06-25T06:52:50.323Z] [INFO] [ApiClient428169343] : "Request Type : POST"
[2023-06-25T06:52:50.324Z] [INFO] [ApiClient428169343] : "signatureHeader : keyid=\"08c94330-f618-42a3-b09d-e1e43be5efda\", algorithm=\"HmacSHA256\", headers=\"host date (request-target) digest v-c-merchant-id\", signature=\"ivGKgvG/dolK6rzWD6c+awlTI0TiWvxrAH4510tMO7E=\""
[2023-06-25T06:52:50.324Z] [INFO] [ApiClient428169343] : "digest : SHA-256=wNkIqV7Jb2NM+Yut5ocQHXuCbhNoQIJIyHNd3tvFQ3k="
[2023-06-25T06:52:50.324Z] [INFO] [ApiClient428169343] : "v-c-merchant-id : testrest"
[2023-06-25T06:52:50.324Z] [INFO] [ApiClient428169343] : "date : Sun, 25 Jun 2023 06:52:50 GMT"
[2023-06-25T06:52:50.324Z] [INFO] [ApiClient428169343] : "host : apitest.cybersource.com"
[2023-06-25T06:52:50.325Z] [INFO] [ApiClient428169343] : "signature : keyid=\"08c94330-f618-42a3-b09d-e1e43be5efda\", algorithm=\"HmacSHA256\", headers=\"host date (request-target) digest v-c-merchant-id\", signature=\"ivGKgvG/dolK6rzWD6c+awlTI0TiWvxrAH4510tMO7E=\""
[2023-06-25T06:52:50.325Z] [INFO] [ApiClient428169343] : "User-Agent : Mozilla/5.0"
[2023-06-25T06:52:50.325Z] [INFO] [ApiClient428169343] : "************************  LOGGING END  ************************"
[2023-06-25T06:53:06.076Z] [INFO] [MerchantConfig753159670] : "************************ LOGGING START ************************"
[2023-06-25T06:53:06.079Z] [INFO] [ApiClient120572261] : "Authentication Type : http_signature"
[2023-06-25T06:53:06.079Z] [INFO] [ApiClient120572261] : "Request Type : POST"
[2023-06-25T06:53:06.079Z] [INFO] [ApiClient120572261] : "signatureHeader : keyid=\"08c94330-f618-42a3-b09d-e1e43be5efda\", algorithm=\"HmacSHA256\", headers=\"host date (request-target) digest v-c-merchant-id\", signature=\"CcdGHCMQB28IngnjIEIDYZeU3jbmPfmDQeUsOF9tUPU=\""
[2023-06-25T06:53:06.080Z] [INFO] [ApiClient120572261] : "digest : SHA-256=HVsvllCBtDciUO6c/IF44g85+dEbqLiJbdyppHrVGjE="
[2023-06-25T06:53:06.080Z] [INFO] [ApiClient120572261] : "v-c-merchant-id : testrest"
[2023-06-25T06:53:06.080Z] [INFO] [ApiClient120572261] : "date : Sun, 25 Jun 2023 06:53:06 GMT"
[2023-06-25T06:53:06.081Z] [INFO] [ApiClient120572261] : "host : apitest.cybersource.com"
[2023-06-25T06:53:06.081Z] [INFO] [ApiClient120572261] : "signature : keyid=\"08c94330-f618-42a3-b09d-e1e43be5efda\", algorithm=\"HmacSHA256\", headers=\"host date (request-target) digest v-c-merchant-id\", signature=\"CcdGHCMQB28IngnjIEIDYZeU3jbmPfmDQeUsOF9tUPU=\""
[2023-06-25T06:53:06.081Z] [INFO] [ApiClient120572261] : "User-Agent : Mozilla/5.0"
[2023-06-25T06:53:06.081Z] [INFO] [ApiClient120572261] : "************************  LOGGING END  ************************"
[2023-06-25T06:56:49.526Z] [INFO] [MerchantConfig458313241] : "************************ LOGGING START ************************"
[2023-06-25T06:56:49.530Z] [INFO] [ApiClient528254070] : "Authentication Type : http_signature"
[2023-06-25T06:56:49.530Z] [INFO] [ApiClient528254070] : "Request Type : POST"
[2023-06-25T06:56:49.531Z] [INFO] [ApiClient528254070] : "signatureHeader : keyid=\"08c94330-f618-42a3-b09d-e1e43be5efda\", algorithm=\"HmacSHA256\", headers=\"host date (request-target) digest v-c-merchant-id\", signature=\"VBrZes3VuvhSw5o+F4fOZdRbsyz6sScJBwEkVFbMLnE=\""
[2023-06-25T06:56:49.531Z] [INFO] [ApiClient528254070] : "digest : SHA-256=HVsvllCBtDciUO6c/IF44g85+dEbqLiJbdyppHrVGjE="
[2023-06-25T06:56:49.531Z] [INFO] [ApiClient528254070] : "v-c-merchant-id : testrest"
[2023-06-25T06:56:49.531Z] [INFO] [ApiClient528254070] : "date : Sun, 25 Jun 2023 06:56:49 GMT"
[2023-06-25T06:56:49.531Z] [INFO] [ApiClient528254070] : "host : apitest.cybersource.com"
[2023-06-25T06:56:49.532Z] [INFO] [ApiClient528254070] : "signature : keyid=\"08c94330-f618-42a3-b09d-e1e43be5efda\", algorithm=\"HmacSHA256\", headers=\"host date (request-target) digest v-c-merchant-id\", signature=\"VBrZes3VuvhSw5o+F4fOZdRbsyz6sScJBwEkVFbMLnE=\""
[2023-06-25T06:56:49.532Z] [INFO] [ApiClient528254070] : "User-Agent : Mozilla/5.0"
[2023-06-25T06:56:49.532Z] [INFO] [ApiClient528254070] : "************************  LOGGING END  ************************"
[2023-06-25T06:59:13.440Z] [INFO] [MerchantConfig969282159] : "************************ LOGGING START ************************"
[2023-06-25T06:59:13.444Z] [INFO] [ApiClient463776050] : "Authentication Type : http_signature"
[2023-06-25T06:59:13.444Z] [INFO] [ApiClient463776050] : "Request Type : POST"
[2023-06-25T06:59:13.444Z] [INFO] [ApiClient463776050] : "signatureHeader : keyid=\"08c94330-f618-42a3-b09d-e1e43be5efda\", algorithm=\"HmacSHA256\", headers=\"host date (request-target) digest v-c-merchant-id\", signature=\"1xvXPDn0NWVmfPAhGJV6fKcWxq6+2bzScxoE35+1PTs=\""
[2023-06-25T06:59:13.445Z] [INFO] [ApiClient463776050] : "digest : SHA-256=HVsvllCBtDciUO6c/IF44g85+dEbqLiJbdyppHrVGjE="
[2023-06-25T06:59:13.445Z] [INFO] [ApiClient463776050] : "v-c-merchant-id : testrest"
[2023-06-25T06:59:13.445Z] [INFO] [ApiClient463776050] : "date : Sun, 25 Jun 2023 06:59:13 GMT"
[2023-06-25T06:59:13.445Z] [INFO] [ApiClient463776050] : "host : apitest.cybersource.com"
[2023-06-25T06:59:13.445Z] [INFO] [ApiClient463776050] : "signature : keyid=\"08c94330-f618-42a3-b09d-e1e43be5efda\", algorithm=\"HmacSHA256\", headers=\"host date (request-target) digest v-c-merchant-id\", signature=\"1xvXPDn0NWVmfPAhGJV6fKcWxq6+2bzScxoE35+1PTs=\""
[2023-06-25T06:59:13.445Z] [INFO] [ApiClient463776050] : "User-Agent : Mozilla/5.0"
[2023-06-25T06:59:13.445Z] [INFO] [ApiClient463776050] : "************************  LOGGING END  ************************"
[2023-06-25T07:00:14.445Z] [INFO] [ApiClient855362890] : "Authentication Type : http_signature"
[2023-06-25T07:00:14.445Z] [INFO] [ApiClient855362890] : "Request Type : POST"
[2023-06-25T07:00:14.445Z] [INFO] [ApiClient855362890] : "signatureHeader : keyid=\"08c94330-f618-42a3-b09d-e1e43be5efda\", algorithm=\"HmacSHA256\", headers=\"host date (request-target) digest v-c-merchant-id\", signature=\"89jLNktVpTGCy9mSOQdSw7VnFQupIfejpCuCIhD+6bE=\""
[2023-06-25T07:00:14.446Z] [INFO] [ApiClient855362890] : "digest : SHA-256=HVsvllCBtDciUO6c/IF44g85+dEbqLiJbdyppHrVGjE="
[2023-06-25T07:00:14.446Z] [INFO] [ApiClient855362890] : "v-c-merchant-id : testrest"
[2023-06-25T07:00:14.446Z] [INFO] [ApiClient855362890] : "date : Sun, 25 Jun 2023 07:00:14 GMT"
[2023-06-25T07:00:14.446Z] [INFO] [ApiClient855362890] : "host : apitest.cybersource.com"
[2023-06-25T07:00:14.446Z] [INFO] [ApiClient855362890] : "signature : keyid=\"08c94330-f618-42a3-b09d-e1e43be5efda\", algorithm=\"HmacSHA256\", headers=\"host date (request-target) digest v-c-merchant-id\", signature=\"89jLNktVpTGCy9mSOQdSw7VnFQupIfejpCuCIhD+6bE=\""
[2023-06-25T07:00:14.446Z] [INFO] [ApiClient855362890] : "User-Agent : Mozilla/5.0"
[2023-06-25T07:00:14.441Z] [INFO] [MerchantConfig438594397] : "************************ LOGGING START ************************"
[2023-06-25T07:00:14.446Z] [INFO] [ApiClient855362890] : "************************  LOGGING END  ************************"
[2023-06-25T07:08:30.280Z] [INFO] [ApiClient819303477] : "Authentication Type : http_signature"
[2023-06-25T07:08:30.280Z] [INFO] [ApiClient819303477] : "Request Type : POST"
[2023-06-25T07:08:30.280Z] [INFO] [ApiClient819303477] : "signatureHeader : keyid=\"08c94330-f618-42a3-b09d-e1e43be5efda\", algorithm=\"HmacSHA256\", headers=\"host date (request-target) digest v-c-merchant-id\", signature=\"nOWGaaoRgE1ASnKKBHzh4A+FujfhyUp3w7PsS6B8GL8=\""
[2023-06-25T07:08:30.280Z] [INFO] [ApiClient819303477] : "digest : SHA-256=HVsvllCBtDciUO6c/IF44g85+dEbqLiJbdyppHrVGjE="
[2023-06-25T07:08:30.280Z] [INFO] [ApiClient819303477] : "v-c-merchant-id : testrest"
[2023-06-25T07:08:30.281Z] [INFO] [ApiClient819303477] : "date : Sun, 25 Jun 2023 07:08:30 GMT"
[2023-06-25T07:08:30.281Z] [INFO] [ApiClient819303477] : "host : apitest.cybersource.com"
[2023-06-25T07:08:30.276Z] [INFO] [MerchantConfig527880499] : "************************ LOGGING START ************************"
[2023-06-25T07:08:30.281Z] [INFO] [ApiClient819303477] : "signature : keyid=\"08c94330-f618-42a3-b09d-e1e43be5efda\", algorithm=\"HmacSHA256\", headers=\"host date (request-target) digest v-c-merchant-id\", signature=\"nOWGaaoRgE1ASnKKBHzh4A+FujfhyUp3w7PsS6B8GL8=\""
[2023-06-25T07:08:30.281Z] [INFO] [ApiClient819303477] : "User-Agent : Mozilla/5.0"
[2023-06-25T07:08:30.281Z] [INFO] [ApiClient819303477] : "************************  LOGGING END  ************************"
[2023-06-25T07:14:36.944Z] [INFO] [MerchantConfig781902993] : "************************ LOGGING START ************************"
[2023-06-25T07:14:36.958Z] [INFO] [ApiClient263946571] : "Authentication Type : http_signature"
[2023-06-25T07:14:36.958Z] [INFO] [ApiClient263946571] : "Request Type : POST"
[2023-06-25T07:14:36.960Z] [INFO] [ApiClient263946571] : "signatureHeader : keyid=\"08c94330-f618-42a3-b09d-e1e43be5efda\", algorithm=\"HmacSHA256\", headers=\"host date (request-target) digest v-c-merchant-id\", signature=\"Zhpk6hxpAuk8uexWv5a6FSm7gpJuGFKy5LCU3ikkDmQ=\""
[2023-06-25T07:14:36.961Z] [INFO] [ApiClient263946571] : "digest : SHA-256=wNkIqV7Jb2NM+Yut5ocQHXuCbhNoQIJIyHNd3tvFQ3k="
[2023-06-25T07:14:36.961Z] [INFO] [ApiClient263946571] : "v-c-merchant-id : testrest"
[2023-06-25T07:14:36.961Z] [INFO] [ApiClient263946571] : "date : Sun, 25 Jun 2023 07:14:36 GMT"
[2023-06-25T07:14:36.962Z] [INFO] [ApiClient263946571] : "host : apitest.cybersource.com"
[2023-06-25T07:14:36.964Z] [INFO] [ApiClient263946571] : "signature : keyid=\"08c94330-f618-42a3-b09d-e1e43be5efda\", algorithm=\"HmacSHA256\", headers=\"host date (request-target) digest v-c-merchant-id\", signature=\"Zhpk6hxpAuk8uexWv5a6FSm7gpJuGFKy5LCU3ikkDmQ=\""
[2023-06-25T07:14:36.964Z] [INFO] [ApiClient263946571] : "User-Agent : Mozilla/5.0"
[2023-06-25T07:14:36.969Z] [INFO] [ApiClient263946571] : "************************  LOGGING END  ************************"
[2023-06-25T07:26:40.940Z] [INFO] [MerchantConfig178425203] : "************************ LOGGING START ************************"
[2023-06-25T07:26:40.948Z] [INFO] [ApiClient573563556] : "Authentication Type : http_signature"
[2023-06-25T07:26:40.948Z] [INFO] [ApiClient573563556] : "Request Type : POST"
[2023-06-25T07:26:40.950Z] [INFO] [ApiClient573563556] : "signatureHeader : keyid=\"08c94330-f618-42a3-b09d-e1e43be5efda\", algorithm=\"HmacSHA256\", headers=\"host date (request-target) digest v-c-merchant-id\", signature=\"H7yKpFR+mf+cZNDA6Jaj8xGTUo2/E6G0ob3O0goD+IQ=\""
[2023-06-25T07:26:40.950Z] [INFO] [ApiClient573563556] : "digest : SHA-256=YBq8oMLTqOyflzodZSVu2ZtEuFDh3mD9fEMSfr2qsTI="
[2023-06-25T07:26:40.950Z] [INFO] [ApiClient573563556] : "v-c-merchant-id : testrest"
[2023-06-25T07:26:40.950Z] [INFO] [ApiClient573563556] : "date : Sun, 25 Jun 2023 07:26:40 GMT"
[2023-06-25T07:26:40.951Z] [INFO] [ApiClient573563556] : "host : apitest.cybersource.com"
[2023-06-25T07:26:40.951Z] [INFO] [ApiClient573563556] : "signature : keyid=\"08c94330-f618-42a3-b09d-e1e43be5efda\", algorithm=\"HmacSHA256\", headers=\"host date (request-target) digest v-c-merchant-id\", signature=\"H7yKpFR+mf+cZNDA6Jaj8xGTUo2/E6G0ob3O0goD+IQ=\""
[2023-06-25T07:26:40.951Z] [INFO] [ApiClient573563556] : "User-Agent : Mozilla/5.0"
[2023-06-25T07:26:40.953Z] [INFO] [ApiClient573563556] : "************************  LOGGING END  ************************"
[2023-06-25T07:31:44.354Z] [INFO] [ApiClient937399005] : "Authentication Type : http_signature"
[2023-06-25T07:31:44.355Z] [INFO] [ApiClient937399005] : "Request Type : POST"
[2023-06-25T07:31:44.355Z] [INFO] [ApiClient937399005] : "signatureHeader : keyid=\"08c94330-f618-42a3-b09d-e1e43be5efda\", algorithm=\"HmacSHA256\", headers=\"host date (request-target) digest v-c-merchant-id\", signature=\"M0x38nkm5csq/v5bWbZNIcodIqqIr2XavBAEso5N1c4=\""
[2023-06-25T07:31:44.356Z] [INFO] [ApiClient937399005] : "digest : SHA-256=dOTE9w0mkUN7a/GPkTYc12IhUQQ+TY/bfeuhJL/fL1s="
[2023-06-25T07:31:44.356Z] [INFO] [ApiClient937399005] : "v-c-merchant-id : testrest"
[2023-06-25T07:31:44.356Z] [INFO] [ApiClient937399005] : "date : Sun, 25 Jun 2023 07:31:44 GMT"
[2023-06-25T07:31:44.356Z] [INFO] [ApiClient937399005] : "host : apitest.cybersource.com"
[2023-06-25T07:31:44.357Z] [INFO] [ApiClient937399005] : "signature : keyid=\"08c94330-f618-42a3-b09d-e1e43be5efda\", algorithm=\"HmacSHA256\", headers=\"host date (request-target) digest v-c-merchant-id\", signature=\"M0x38nkm5csq/v5bWbZNIcodIqqIr2XavBAEso5N1c4=\""
[2023-06-25T07:31:44.357Z] [INFO] [ApiClient937399005] : "User-Agent : Mozilla/5.0"
[2023-06-25T07:31:44.357Z] [INFO] [ApiClient937399005] : "************************  LOGGING END  ************************"
[2023-06-25T07:31:44.350Z] [INFO] [MerchantConfig757631862] : "************************ LOGGING START ************************"
[2023-06-25T07:33:49.241Z] [INFO] [MerchantConfig615239146] : "************************ LOGGING START ************************"
[2023-06-25T07:33:49.245Z] [INFO] [ApiClient162126667] : "Authentication Type : http_signature"
[2023-06-25T07:33:49.247Z] [INFO] [ApiClient162126667] : "Request Type : POST"
[2023-06-25T07:33:49.248Z] [INFO] [ApiClient162126667] : "signatureHeader : keyid=\"08c94330-f618-42a3-b09d-e1e43be5efda\", algorithm=\"HmacSHA256\", headers=\"host date (request-target) digest v-c-merchant-id\", signature=\"yh6JKy417b8aKJfnBuindFV6RFHJIJ6S2pzwj3L1hsc=\""
[2023-06-25T07:33:49.248Z] [INFO] [ApiClient162126667] : "digest : SHA-256=dOTE9w0mkUN7a/GPkTYc12IhUQQ+TY/bfeuhJL/fL1s="
[2023-06-25T07:33:49.248Z] [INFO] [ApiClient162126667] : "v-c-merchant-id : testrest"
[2023-06-25T07:33:49.248Z] [INFO] [ApiClient162126667] : "date : Sun, 25 Jun 2023 07:33:49 GMT"
[2023-06-25T07:33:49.248Z] [INFO] [ApiClient162126667] : "host : apitest.cybersource.com"
[2023-06-25T07:33:49.248Z] [INFO] [ApiClient162126667] : "signature : keyid=\"08c94330-f618-42a3-b09d-e1e43be5efda\", algorithm=\"HmacSHA256\", headers=\"host date (request-target) digest v-c-merchant-id\", signature=\"yh6JKy417b8aKJfnBuindFV6RFHJIJ6S2pzwj3L1hsc=\""
[2023-06-25T07:33:49.248Z] [INFO] [ApiClient162126667] : "User-Agent : Mozilla/5.0"
[2023-06-25T07:33:49.248Z] [INFO] [ApiClient162126667] : "************************  LOGGING END  ************************"
[2023-06-25T07:42:59.145Z] [INFO] [MerchantConfig149444733] : "************************ LOGGING START ************************"
[2023-06-25T07:42:59.148Z] [INFO] [ApiClient908527134] : "Authentication Type : http_signature"
[2023-06-25T07:42:59.148Z] [INFO] [ApiClient908527134] : "Request Type : POST"
[2023-06-25T07:42:59.149Z] [INFO] [ApiClient908527134] : "signatureHeader : keyid=\"08c94330-f618-42a3-b09d-e1e43be5efda\", algorithm=\"HmacSHA256\", headers=\"host date (request-target) digest v-c-merchant-id\", signature=\"SuwODP60a19K9ckUI0O+HsncXFflpVhvw8nsjOA+Pt0=\""
[2023-06-25T07:42:59.149Z] [INFO] [ApiClient908527134] : "digest : SHA-256=dOTE9w0mkUN7a/GPkTYc12IhUQQ+TY/bfeuhJL/fL1s="
[2023-06-25T07:42:59.150Z] [INFO] [ApiClient908527134] : "v-c-merchant-id : testrest"
[2023-06-25T07:42:59.150Z] [INFO] [ApiClient908527134] : "date : Sun, 25 Jun 2023 07:42:59 GMT"
[2023-06-25T07:42:59.150Z] [INFO] [ApiClient908527134] : "host : apitest.cybersource.com"
[2023-06-25T07:42:59.150Z] [INFO] [ApiClient908527134] : "signature : keyid=\"08c94330-f618-42a3-b09d-e1e43be5efda\", algorithm=\"HmacSHA256\", headers=\"host date (request-target) digest v-c-merchant-id\", signature=\"SuwODP60a19K9ckUI0O+HsncXFflpVhvw8nsjOA+Pt0=\""
[2023-06-25T07:42:59.150Z] [INFO] [ApiClient908527134] : "User-Agent : Mozilla/5.0"
[2023-06-25T07:42:59.150Z] [INFO] [ApiClient908527134] : "************************  LOGGING END  ************************"
[2023-06-25T07:44:52.016Z] [INFO] [MerchantConfig493942155] : "************************ LOGGING START ************************"
[2023-06-25T07:44:52.023Z] [INFO] [ApiClient379159986] : "Authentication Type : http_signature"
[2023-06-25T07:44:52.023Z] [INFO] [ApiClient379159986] : "Request Type : POST"
[2023-06-25T07:44:52.025Z] [INFO] [ApiClient379159986] : "signatureHeader : keyid=\"08c94330-f618-42a3-b09d-e1e43be5efda\", algorithm=\"HmacSHA256\", headers=\"host date (request-target) digest v-c-merchant-id\", signature=\"779XM+Vj7tjKllN/ZSlT6gxHL5NTmSaa3KpSEAc+xiY=\""
[2023-06-25T07:44:52.025Z] [INFO] [ApiClient379159986] : "digest : SHA-256=dOTE9w0mkUN7a/GPkTYc12IhUQQ+TY/bfeuhJL/fL1s="
[2023-06-25T07:44:52.025Z] [INFO] [ApiClient379159986] : "v-c-merchant-id : testrest"
[2023-06-25T07:44:52.026Z] [INFO] [ApiClient379159986] : "date : Sun, 25 Jun 2023 07:44:52 GMT"
[2023-06-25T07:44:52.026Z] [INFO] [ApiClient379159986] : "host : apitest.cybersource.com"
[2023-06-25T07:44:52.026Z] [INFO] [ApiClient379159986] : "signature : keyid=\"08c94330-f618-42a3-b09d-e1e43be5efda\", algorithm=\"HmacSHA256\", headers=\"host date (request-target) digest v-c-merchant-id\", signature=\"779XM+Vj7tjKllN/ZSlT6gxHL5NTmSaa3KpSEAc+xiY=\""
[2023-06-25T07:44:52.026Z] [INFO] [ApiClient379159986] : "User-Agent : Mozilla/5.0"
[2023-06-25T07:44:52.026Z] [INFO] [ApiClient379159986] : "************************  LOGGING END  ************************"
[2023-06-25T07:46:16.211Z] [INFO] [ApiClient288215929] : "Authentication Type : http_signature"
[2023-06-25T07:46:16.212Z] [INFO] [ApiClient288215929] : "Request Type : POST"
[2023-06-25T07:46:16.212Z] [INFO] [ApiClient288215929] : "signatureHeader : keyid=\"08c94330-f618-42a3-b09d-e1e43be5efda\", algorithm=\"HmacSHA256\", headers=\"host date (request-target) digest v-c-merchant-id\", signature=\"Zo8v0WKnp5Ymfbjp7XOovrPq5nAXeM4Nh6OQiy7PxHM=\""
[2023-06-25T07:46:16.212Z] [INFO] [ApiClient288215929] : "digest : SHA-256=iLe31sVeDDCV9VN2mM9xqI4Ki2p/pfPQulw3cgh7IEE="
[2023-06-25T07:46:16.213Z] [INFO] [ApiClient288215929] : "v-c-merchant-id : testrest"
[2023-06-25T07:46:16.213Z] [INFO] [ApiClient288215929] : "date : Sun, 25 Jun 2023 07:46:16 GMT"
[2023-06-25T07:46:16.213Z] [INFO] [ApiClient288215929] : "host : apitest.cybersource.com"
[2023-06-25T07:46:16.214Z] [INFO] [ApiClient288215929] : "signature : keyid=\"08c94330-f618-42a3-b09d-e1e43be5efda\", algorithm=\"HmacSHA256\", headers=\"host date (request-target) digest v-c-merchant-id\", signature=\"Zo8v0WKnp5Ymfbjp7XOovrPq5nAXeM4Nh6OQiy7PxHM=\""
[2023-06-25T07:46:16.214Z] [INFO] [ApiClient288215929] : "User-Agent : Mozilla/5.0"
[2023-06-25T07:46:16.214Z] [INFO] [ApiClient288215929] : "************************  LOGGING END  ************************"
[2023-06-25T07:46:16.207Z] [INFO] [MerchantConfig952415820] : "************************ LOGGING START ************************"
[2023-06-25T08:16:02.353Z] [INFO] [MerchantConfig116873788] : "************************ LOGGING START ************************"
[2023-06-25T08:16:02.356Z] [INFO] [ApiClient296420421] : "Authentication Type : http_signature"
[2023-06-25T08:16:02.356Z] [INFO] [ApiClient296420421] : "Request Type : POST"
[2023-06-25T08:16:02.357Z] [INFO] [ApiClient296420421] : "signatureHeader : keyid=\"08c94330-f618-42a3-b09d-e1e43be5efda\", algorithm=\"HmacSHA256\", headers=\"host date (request-target) digest v-c-merchant-id\", signature=\"v2l4JGBUMUOGgcj1S6UcSRjvIEvjsbQjCP4mt4vvc1I=\""
[2023-06-25T08:16:02.357Z] [INFO] [ApiClient296420421] : "digest : SHA-256=7rkLWFok6qzH8U2o6JhIpx6AFW8MR9BwY4a8+5z4elM="
[2023-06-25T08:16:02.357Z] [INFO] [ApiClient296420421] : "v-c-merchant-id : testrest"
[2023-06-25T08:16:02.357Z] [INFO] [ApiClient296420421] : "date : Sun, 25 Jun 2023 08:16:02 GMT"
[2023-06-25T08:16:02.358Z] [INFO] [ApiClient296420421] : "host : apitest.cybersource.com"
[2023-06-25T08:16:02.358Z] [INFO] [ApiClient296420421] : "signature : keyid=\"08c94330-f618-42a3-b09d-e1e43be5efda\", algorithm=\"HmacSHA256\", headers=\"host date (request-target) digest v-c-merchant-id\", signature=\"v2l4JGBUMUOGgcj1S6UcSRjvIEvjsbQjCP4mt4vvc1I=\""
[2023-06-25T08:16:02.358Z] [INFO] [ApiClient296420421] : "User-Agent : Mozilla/5.0"
[2023-06-25T08:16:02.358Z] [INFO] [ApiClient296420421] : "************************  LOGGING END  ************************"
[2023-06-25T08:16:58.758Z] [INFO] [MerchantConfig583338393] : "************************ LOGGING START ************************"
[2023-06-25T08:16:58.760Z] [INFO] [ApiClient312089818] : "Authentication Type : http_signature"
[2023-06-25T08:16:58.760Z] [INFO] [ApiClient312089818] : "Request Type : POST"
[2023-06-25T08:16:58.761Z] [INFO] [ApiClient312089818] : "signatureHeader : keyid=\"08c94330-f618-42a3-b09d-e1e43be5efda\", algorithm=\"HmacSHA256\", headers=\"host date (request-target) digest v-c-merchant-id\", signature=\"VCHRRXEge/zIoZs4RFnI264gMhxC1CNaE9P2RAQqv58=\""
[2023-06-25T08:16:58.761Z] [INFO] [ApiClient312089818] : "digest : SHA-256=7rkLWFok6qzH8U2o6JhIpx6AFW8MR9BwY4a8+5z4elM="
[2023-06-25T08:16:58.761Z] [INFO] [ApiClient312089818] : "v-c-merchant-id : testrest"
[2023-06-25T08:16:58.761Z] [INFO] [ApiClient312089818] : "date : Sun, 25 Jun 2023 08:16:58 GMT"
[2023-06-25T08:16:58.761Z] [INFO] [ApiClient312089818] : "host : apitest.cybersource.com"
[2023-06-25T08:16:58.762Z] [INFO] [ApiClient312089818] : "signature : keyid=\"08c94330-f618-42a3-b09d-e1e43be5efda\", algorithm=\"HmacSHA256\", headers=\"host date (request-target) digest v-c-merchant-id\", signature=\"VCHRRXEge/zIoZs4RFnI264gMhxC1CNaE9P2RAQqv58=\""
[2023-06-25T08:16:58.762Z] [INFO] [ApiClient312089818] : "User-Agent : Mozilla/5.0"
[2023-06-25T08:16:58.762Z] [INFO] [ApiClient312089818] : "************************  LOGGING END  ************************"
[2023-06-25T08:17:26.471Z] [INFO] [MerchantConfig49613551] : "************************ LOGGING START ************************"
[2023-06-25T08:17:26.477Z] [INFO] [ApiClient675368215] : "Authentication Type : http_signature"
[2023-06-25T08:17:26.478Z] [INFO] [ApiClient675368215] : "Request Type : POST"
[2023-06-25T08:17:26.479Z] [INFO] [ApiClient675368215] : "signatureHeader : keyid=\"08c94330-f618-42a3-b09d-e1e43be5efda\", algorithm=\"HmacSHA256\", headers=\"host date (request-target) digest v-c-merchant-id\", signature=\"JsJNn/Y0Jj8HBOuXukqwgQixPpFgMJC9RMJsRcQSo18=\""
[2023-06-25T08:17:26.479Z] [INFO] [ApiClient675368215] : "digest : SHA-256=7rkLWFok6qzH8U2o6JhIpx6AFW8MR9BwY4a8+5z4elM="
[2023-06-25T08:17:26.480Z] [INFO] [ApiClient675368215] : "v-c-merchant-id : testrest"
[2023-06-25T08:17:26.480Z] [INFO] [ApiClient675368215] : "date : Sun, 25 Jun 2023 08:17:26 GMT"
[2023-06-25T08:17:26.480Z] [INFO] [ApiClient675368215] : "host : apitest.cybersource.com"
[2023-06-25T08:17:26.480Z] [INFO] [ApiClient675368215] : "signature : keyid=\"08c94330-f618-42a3-b09d-e1e43be5efda\", algorithm=\"HmacSHA256\", headers=\"host date (request-target) digest v-c-merchant-id\", signature=\"JsJNn/Y0Jj8HBOuXukqwgQixPpFgMJC9RMJsRcQSo18=\""
[2023-06-25T08:17:26.480Z] [INFO] [ApiClient675368215] : "User-Agent : Mozilla/5.0"
[2023-06-25T08:17:26.480Z] [INFO] [ApiClient675368215] : "************************  LOGGING END  ************************"
[2023-06-25T08:17:48.810Z] [INFO] [MerchantConfig432079587] : "************************ LOGGING START ************************"
[2023-06-25T08:17:48.812Z] [INFO] [ApiClient424074312] : "Authentication Type : http_signature"
[2023-06-25T08:17:48.812Z] [INFO] [ApiClient424074312] : "Request Type : POST"
[2023-06-25T08:17:48.813Z] [INFO] [ApiClient424074312] : "signatureHeader : keyid=\"08c94330-f618-42a3-b09d-e1e43be5efda\", algorithm=\"HmacSHA256\", headers=\"host date (request-target) digest v-c-merchant-id\", signature=\"7nFkJB6ueL2CvnMxFn9jSp5PwCjMEzXwW9P555xZmPI=\""
[2023-06-25T08:17:48.813Z] [INFO] [ApiClient424074312] : "digest : SHA-256=7rkLWFok6qzH8U2o6JhIpx6AFW8MR9BwY4a8+5z4elM="
[2023-06-25T08:17:48.813Z] [INFO] [ApiClient424074312] : "v-c-merchant-id : testrest"
[2023-06-25T08:17:48.813Z] [INFO] [ApiClient424074312] : "date : Sun, 25 Jun 2023 08:17:48 GMT"
[2023-06-25T08:17:48.813Z] [INFO] [ApiClient424074312] : "host : apitest.cybersource.com"
[2023-06-25T08:17:48.813Z] [INFO] [ApiClient424074312] : "signature : keyid=\"08c94330-f618-42a3-b09d-e1e43be5efda\", algorithm=\"HmacSHA256\", headers=\"host date (request-target) digest v-c-merchant-id\", signature=\"7nFkJB6ueL2CvnMxFn9jSp5PwCjMEzXwW9P555xZmPI=\""
[2023-06-25T08:17:48.813Z] [INFO] [ApiClient424074312] : "User-Agent : Mozilla/5.0"
[2023-06-25T08:17:48.813Z] [INFO] [ApiClient424074312] : "************************  LOGGING END  ************************"
