[2023-06-26T09:24:21.454Z] [INFO] [MerchantConfig697417680] : "************************ LOGGING START ************************"
[2023-06-26T09:24:21.470Z] [INFO] [ApiClient761647185] : "Authentication Type : http_signature"
[2023-06-26T09:24:21.470Z] [INFO] [ApiClient761647185] : "Request Type : POST"
[2023-06-26T09:24:21.472Z] [INFO] [ApiClient761647185] : "signatureHeader : keyid=\"08c94330-f618-42a3-b09d-e1e43be5efda\", algorithm=\"HmacSHA256\", headers=\"host date (request-target) digest v-c-merchant-id\", signature=\"zHmDnZO+9U64MRDXx5PTpmDd28ulZ9QGXX8CuwkDQYM=\""
[2023-06-26T09:24:21.475Z] [INFO] [ApiClient761647185] : "digest : SHA-256=GCbvTf06Cy+4gZVp4ZhXirXxwZIqH9VFwR9aMiyj7fQ="
[2023-06-26T09:24:21.476Z] [INFO] [ApiClient761647185] : "v-c-merchant-id : testrest"
[2023-06-26T09:24:21.476Z] [INFO] [ApiClient761647185] : "date : Mon, 26 Jun 2023 09:24:21 GMT"
[2023-06-26T09:24:21.479Z] [INFO] [ApiClient761647185] : "host : apitest.cybersource.com"
[2023-06-26T09:24:21.480Z] [INFO] [ApiClient761647185] : "signature : keyid=\"08c94330-f618-42a3-b09d-e1e43be5efda\", algorithm=\"HmacSHA256\", headers=\"host date (request-target) digest v-c-merchant-id\", signature=\"zHmDnZO+9U64MRDXx5PTpmDd28ulZ9QGXX8CuwkDQYM=\""
[2023-06-26T09:24:21.481Z] [INFO] [ApiClient761647185] : "User-Agent : Mozilla/5.0"
[2023-06-26T09:24:21.481Z] [INFO] [ApiClient761647185] : "************************  LOGGING END  ************************"
[2023-06-26T14:13:20.310Z] [INFO] [MerchantConfig494968114] : "************************ LOGGING START ************************"
[2023-06-26T14:13:20.315Z] [INFO] [ApiClient911744167] : "Authentication Type : http_signature"
[2023-06-26T14:13:20.315Z] [INFO] [ApiClient911744167] : "Request Type : POST"
[2023-06-26T14:13:20.325Z] [INFO] [ApiClient911744167] : "signatureHeader : keyid=\"08c94330-f618-42a3-b09d-e1e43be5efda\", algorithm=\"HmacSHA256\", headers=\"host date (request-target) digest v-c-merchant-id\", signature=\"5Vs8da1Tb06RF+GmUIwJR/DafQNBzDz17MIESSj6ZoE=\""
[2023-06-26T14:13:20.325Z] [INFO] [ApiClient911744167] : "digest : SHA-256=pL9cqjIhfuCW8chXUpnFursSW4hh+JHL2+4oF6FKJu0="
[2023-06-26T14:13:20.326Z] [INFO] [ApiClient911744167] : "v-c-merchant-id : testrest"
[2023-06-26T14:13:20.326Z] [INFO] [ApiClient911744167] : "date : Mon, 26 Jun 2023 14:13:20 GMT"
[2023-06-26T14:13:20.326Z] [INFO] [ApiClient911744167] : "host : apitest.cybersource.com"
[2023-06-26T14:13:20.326Z] [INFO] [ApiClient911744167] : "signature : keyid=\"08c94330-f618-42a3-b09d-e1e43be5efda\", algorithm=\"HmacSHA256\", headers=\"host date (request-target) digest v-c-merchant-id\", signature=\"5Vs8da1Tb06RF+GmUIwJR/DafQNBzDz17MIESSj6ZoE=\""
[2023-06-26T14:13:20.326Z] [INFO] [ApiClient911744167] : "User-Agent : Mozilla/5.0"
[2023-06-26T14:13:20.326Z] [INFO] [ApiClient911744167] : "************************  LOGGING END  ************************"
