[2023-05-05T20:21:36.158Z] [INFO] [MerchantConfig874176613] : "************************ LOGGING START ************************"
[2023-05-05T20:21:36.169Z] [INFO] [ApiClient803955359] : "Authentication Type : http_signature"
[2023-05-05T20:21:36.169Z] [INFO] [ApiClient803955359] : "Request Type : POST"
[2023-05-05T20:21:36.197Z] [INFO] [ApiClient803955359] : "signatureHeader : keyid=\"08c94330-f618-42a3-b09d-e1e43be5efda\", algorithm=\"HmacSHA256\", headers=\"host date (request-target) digest v-c-merchant-id\", signature=\"ZMUVl/mBQS8S3GN+omcfkg7CNUxTy0zVgepSzuIwLfI=\""
[2023-05-05T20:21:36.197Z] [INFO] [ApiClient803955359] : "digest : SHA-256=oJ25KBj6+rUXN0bd9mja20k2EyF+Z2jGGMsgWKGVBIk="
[2023-05-05T20:21:36.197Z] [INFO] [ApiClient803955359] : "v-c-merchant-id : testrest"
[2023-05-05T20:21:36.198Z] [INFO] [ApiClient803955359] : "date : Fri, 05 May 2023 20:21:36 GMT"
[2023-05-05T20:21:36.198Z] [INFO] [ApiClient803955359] : "host : apitest.cybersource.com"
[2023-05-05T20:21:36.198Z] [INFO] [ApiClient803955359] : "signature : keyid=\"08c94330-f618-42a3-b09d-e1e43be5efda\", algorithm=\"HmacSHA256\", headers=\"host date (request-target) digest v-c-merchant-id\", signature=\"ZMUVl/mBQS8S3GN+omcfkg7CNUxTy0zVgepSzuIwLfI=\""
[2023-05-05T20:21:36.199Z] [INFO] [ApiClient803955359] : "User-Agent : Mozilla/5.0"
[2023-05-05T20:21:36.199Z] [INFO] [ApiClient803955359] : "************************  LOGGING END  ************************"
[2023-05-06T10:15:59.961Z] [INFO] [ApiClient176457571] : "Authentication Type : http_signature"
[2023-05-06T10:15:59.961Z] [INFO] [ApiClient176457571] : "Request Type : POST"
[2023-05-06T10:15:59.973Z] [INFO] [ApiClient176457571] : "signatureHeader : keyid=\"08c94330-f618-42a3-b09d-e1e43be5efda\", algorithm=\"HmacSHA256\", headers=\"host date (request-target) digest v-c-merchant-id\", signature=\"amJ3AiQgm4TkdcoHgeeoLJ18QK8fKE6a0K86OhBfpPg=\""
[2023-05-06T10:15:59.973Z] [INFO] [ApiClient176457571] : "digest : SHA-256=DY72CMamPhUhUTZma4eOTNpMWvyB2Yu//HAQCDlDPrA="
[2023-05-06T10:15:59.974Z] [INFO] [ApiClient176457571] : "v-c-merchant-id : testrest"
[2023-05-06T10:15:59.974Z] [INFO] [ApiClient176457571] : "date : Sat, 06 May 2023 10:15:59 GMT"
[2023-05-06T10:15:59.974Z] [INFO] [ApiClient176457571] : "host : apitest.cybersource.com"
[2023-05-06T10:15:59.975Z] [INFO] [ApiClient176457571] : "signature : keyid=\"08c94330-f618-42a3-b09d-e1e43be5efda\", algorithm=\"HmacSHA256\", headers=\"host date (request-target) digest v-c-merchant-id\", signature=\"amJ3AiQgm4TkdcoHgeeoLJ18QK8fKE6a0K86OhBfpPg=\""
[2023-05-06T10:15:59.975Z] [INFO] [ApiClient176457571] : "User-Agent : Mozilla/5.0"
[2023-05-06T10:15:59.975Z] [INFO] [ApiClient176457571] : "************************  LOGGING END  ************************"
[2023-05-06T10:15:59.955Z] [INFO] [MerchantConfig327366092] : "************************ LOGGING START ************************"
[2023-05-06T10:18:26.465Z] [INFO] [MerchantConfig910851102] : "************************ LOGGING START ************************"
[2023-05-06T10:18:26.483Z] [INFO] [ApiClient120347326] : "Authentication Type : http_signature"
[2023-05-06T10:18:26.484Z] [INFO] [ApiClient120347326] : "Request Type : POST"
[2023-05-06T10:18:26.551Z] [INFO] [ApiClient120347326] : "signatureHeader : keyid=\"08c94330-f618-42a3-b09d-e1e43be5efda\", algorithm=\"HmacSHA256\", headers=\"host date (request-target) digest v-c-merchant-id\", signature=\"PWEudwwuBWhF3ysEc5KoMp7MVFVZPq63WQkdlEVxsX0=\""
[2023-05-06T10:18:26.552Z] [INFO] [ApiClient120347326] : "digest : SHA-256=DY72CMamPhUhUTZma4eOTNpMWvyB2Yu//HAQCDlDPrA="
[2023-05-06T10:18:26.552Z] [INFO] [ApiClient120347326] : "v-c-merchant-id : testrest"
[2023-05-06T10:18:26.553Z] [INFO] [ApiClient120347326] : "date : Sat, 06 May 2023 10:18:26 GMT"
[2023-05-06T10:18:26.558Z] [INFO] [ApiClient120347326] : "host : apitest.cybersource.com"
[2023-05-06T10:18:26.558Z] [INFO] [ApiClient120347326] : "signature : keyid=\"08c94330-f618-42a3-b09d-e1e43be5efda\", algorithm=\"HmacSHA256\", headers=\"host date (request-target) digest v-c-merchant-id\", signature=\"PWEudwwuBWhF3ysEc5KoMp7MVFVZPq63WQkdlEVxsX0=\""
[2023-05-06T10:18:26.559Z] [INFO] [ApiClient120347326] : "User-Agent : Mozilla/5.0"
[2023-05-06T10:18:26.561Z] [INFO] [ApiClient120347326] : "************************  LOGGING END  ************************"
[2023-05-06T10:21:13.596Z] [INFO] [MerchantConfig964103063] : "************************ LOGGING START ************************"
[2023-05-06T10:21:13.603Z] [INFO] [ApiClient644802776] : "Authentication Type : http_signature"
[2023-05-06T10:21:13.604Z] [INFO] [ApiClient644802776] : "Request Type : POST"
[2023-05-06T10:21:13.612Z] [INFO] [ApiClient644802776] : "signatureHeader : keyid=\"08c94330-f618-42a3-b09d-e1e43be5efda\", algorithm=\"HmacSHA256\", headers=\"host date (request-target) digest v-c-merchant-id\", signature=\"STDBxvWVMt0Pdeg4JyujXNkV0l8lXFENJtuux3itFM8=\""
[2023-05-06T10:21:13.613Z] [INFO] [ApiClient644802776] : "digest : SHA-256=u9mtxkHrUVHD/A5O3fPnAWrtPp3cFUWFvm0yzUaCXwQ="
[2023-05-06T10:21:13.613Z] [INFO] [ApiClient644802776] : "v-c-merchant-id : testrest"
[2023-05-06T10:21:13.613Z] [INFO] [ApiClient644802776] : "date : Sat, 06 May 2023 10:21:13 GMT"
[2023-05-06T10:21:13.614Z] [INFO] [ApiClient644802776] : "host : apitest.cybersource.com"
[2023-05-06T10:21:13.614Z] [INFO] [ApiClient644802776] : "signature : keyid=\"08c94330-f618-42a3-b09d-e1e43be5efda\", algorithm=\"HmacSHA256\", headers=\"host date (request-target) digest v-c-merchant-id\", signature=\"STDBxvWVMt0Pdeg4JyujXNkV0l8lXFENJtuux3itFM8=\""
[2023-05-06T10:21:13.614Z] [INFO] [ApiClient644802776] : "User-Agent : Mozilla/5.0"
[2023-05-06T10:21:13.615Z] [INFO] [ApiClient644802776] : "************************  LOGGING END  ************************"
[2023-05-06T10:22:49.707Z] [INFO] [MerchantConfig730685173] : "************************ LOGGING START ************************"
[2023-05-06T10:22:49.715Z] [INFO] [ApiClient93365086] : "Authentication Type : http_signature"
[2023-05-06T10:22:49.719Z] [INFO] [ApiClient93365086] : "Request Type : POST"
[2023-05-06T10:22:49.721Z] [INFO] [ApiClient93365086] : "signatureHeader : keyid=\"08c94330-f618-42a3-b09d-e1e43be5efda\", algorithm=\"HmacSHA256\", headers=\"host date (request-target) digest v-c-merchant-id\", signature=\"VApv6fsjkRtFODNw+uh7MYFYUJVjkACkIgYT+P1dbPA=\""
[2023-05-06T10:22:49.722Z] [INFO] [ApiClient93365086] : "digest : SHA-256=u9mtxkHrUVHD/A5O3fPnAWrtPp3cFUWFvm0yzUaCXwQ="
[2023-05-06T10:22:49.722Z] [INFO] [ApiClient93365086] : "v-c-merchant-id : testrest"
[2023-05-06T10:22:49.722Z] [INFO] [ApiClient93365086] : "date : Sat, 06 May 2023 10:22:49 GMT"
[2023-05-06T10:22:49.723Z] [INFO] [ApiClient93365086] : "host : apitest.cybersource.com"
[2023-05-06T10:22:49.723Z] [INFO] [ApiClient93365086] : "signature : keyid=\"08c94330-f618-42a3-b09d-e1e43be5efda\", algorithm=\"HmacSHA256\", headers=\"host date (request-target) digest v-c-merchant-id\", signature=\"VApv6fsjkRtFODNw+uh7MYFYUJVjkACkIgYT+P1dbPA=\""
[2023-05-06T10:22:49.723Z] [INFO] [ApiClient93365086] : "User-Agent : Mozilla/5.0"
[2023-05-06T10:22:49.725Z] [INFO] [ApiClient93365086] : "************************  LOGGING END  ************************"
[2023-05-06T10:25:02.386Z] [INFO] [MerchantConfig776870561] : "************************ LOGGING START ************************"
[2023-05-06T10:25:02.391Z] [INFO] [ApiClient187126479] : "Authentication Type : http_signature"
[2023-05-06T10:25:02.391Z] [INFO] [ApiClient187126479] : "Request Type : POST"
[2023-05-06T10:25:02.393Z] [INFO] [ApiClient187126479] : "signatureHeader : keyid=\"08c94330-f618-42a3-b09d-e1e43be5efda\", algorithm=\"HmacSHA256\", headers=\"host date (request-target) digest v-c-merchant-id\", signature=\"Z961NI09jF76kWuEk+dG36tIwZXcbRThT1obpvR5tpM=\""
[2023-05-06T10:25:02.393Z] [INFO] [ApiClient187126479] : "digest : SHA-256=SDBWlNJ/byXh31nDOuwD2+nNfMrOK3J6ML3QWj06aMg="
[2023-05-06T10:25:02.394Z] [INFO] [ApiClient187126479] : "v-c-merchant-id : testrest"
[2023-05-06T10:25:02.394Z] [INFO] [ApiClient187126479] : "date : Sat, 06 May 2023 10:25:02 GMT"
[2023-05-06T10:25:02.395Z] [INFO] [ApiClient187126479] : "host : apitest.cybersource.com"
[2023-05-06T10:25:02.395Z] [INFO] [ApiClient187126479] : "signature : keyid=\"08c94330-f618-42a3-b09d-e1e43be5efda\", algorithm=\"HmacSHA256\", headers=\"host date (request-target) digest v-c-merchant-id\", signature=\"Z961NI09jF76kWuEk+dG36tIwZXcbRThT1obpvR5tpM=\""
[2023-05-06T10:25:02.395Z] [INFO] [ApiClient187126479] : "User-Agent : Mozilla/5.0"
[2023-05-06T10:25:02.395Z] [INFO] [ApiClient187126479] : "************************  LOGGING END  ************************"
[2023-05-06T10:30:00.089Z] [INFO] [MerchantConfig840363252] : "************************ LOGGING START ************************"
[2023-05-06T10:30:00.098Z] [INFO] [ApiClient718332391] : "Authentication Type : http_signature"
[2023-05-06T10:30:00.099Z] [INFO] [ApiClient718332391] : "Request Type : POST"
[2023-05-06T10:30:00.101Z] [INFO] [ApiClient718332391] : "signatureHeader : keyid=\"08c94330-f618-42a3-b09d-e1e43be5efda\", algorithm=\"HmacSHA256\", headers=\"host date (request-target) digest v-c-merchant-id\", signature=\"w4hGaPExS0X4yGNtk92R0fkcnwV1zgXfV9S6qcZRNSA=\""
[2023-05-06T10:30:00.101Z] [INFO] [ApiClient718332391] : "digest : SHA-256=6lVIQxmZCgtcbi9jXEUl4esrGai6mnIpKK4PeEcHCRU="
[2023-05-06T10:30:00.101Z] [INFO] [ApiClient718332391] : "v-c-merchant-id : testrest"
[2023-05-06T10:30:00.101Z] [INFO] [ApiClient718332391] : "date : Sat, 06 May 2023 10:30:00 GMT"
[2023-05-06T10:30:00.102Z] [INFO] [ApiClient718332391] : "host : apitest.cybersource.com"
[2023-05-06T10:30:00.103Z] [INFO] [ApiClient718332391] : "signature : keyid=\"08c94330-f618-42a3-b09d-e1e43be5efda\", algorithm=\"HmacSHA256\", headers=\"host date (request-target) digest v-c-merchant-id\", signature=\"w4hGaPExS0X4yGNtk92R0fkcnwV1zgXfV9S6qcZRNSA=\""
[2023-05-06T10:30:00.103Z] [INFO] [ApiClient718332391] : "User-Agent : Mozilla/5.0"
[2023-05-06T10:30:00.103Z] [INFO] [ApiClient718332391] : "************************  LOGGING END  ************************"
[2023-05-06T10:30:43.218Z] [INFO] [MerchantConfig102522162] : "************************ LOGGING START ************************"
[2023-05-06T10:30:43.222Z] [INFO] [ApiClient429159072] : "Authentication Type : http_signature"
[2023-05-06T10:30:43.222Z] [INFO] [ApiClient429159072] : "Request Type : POST"
[2023-05-06T10:30:43.223Z] [INFO] [ApiClient429159072] : "signatureHeader : keyid=\"08c94330-f618-42a3-b09d-e1e43be5efda\", algorithm=\"HmacSHA256\", headers=\"host date (request-target) digest v-c-merchant-id\", signature=\"YEG/zhl0GQcBIP9H7eeeEzUYCO9gGEwLiQsV6gns6ZU=\""
[2023-05-06T10:30:43.224Z] [INFO] [ApiClient429159072] : "digest : SHA-256=SDBWlNJ/byXh31nDOuwD2+nNfMrOK3J6ML3QWj06aMg="
[2023-05-06T10:30:43.224Z] [INFO] [ApiClient429159072] : "v-c-merchant-id : testrest"
[2023-05-06T10:30:43.225Z] [INFO] [ApiClient429159072] : "date : Sat, 06 May 2023 10:30:43 GMT"
[2023-05-06T10:30:43.225Z] [INFO] [ApiClient429159072] : "host : apitest.cybersource.com"
[2023-05-06T10:30:43.225Z] [INFO] [ApiClient429159072] : "signature : keyid=\"08c94330-f618-42a3-b09d-e1e43be5efda\", algorithm=\"HmacSHA256\", headers=\"host date (request-target) digest v-c-merchant-id\", signature=\"YEG/zhl0GQcBIP9H7eeeEzUYCO9gGEwLiQsV6gns6ZU=\""
[2023-05-06T10:30:43.225Z] [INFO] [ApiClient429159072] : "User-Agent : Mozilla/5.0"
[2023-05-06T10:30:43.225Z] [INFO] [ApiClient429159072] : "************************  LOGGING END  ************************"
[2023-05-06T10:32:24.073Z] [INFO] [MerchantConfig373870454] : "************************ LOGGING START ************************"
[2023-05-06T10:32:24.078Z] [INFO] [ApiClient617825269] : "Authentication Type : http_signature"
[2023-05-06T10:32:24.079Z] [INFO] [ApiClient617825269] : "Request Type : POST"
[2023-05-06T10:32:24.080Z] [INFO] [ApiClient617825269] : "signatureHeader : keyid=\"08c94330-f618-42a3-b09d-e1e43be5efda\", algorithm=\"HmacSHA256\", headers=\"host date (request-target) digest v-c-merchant-id\", signature=\"jHNNDkE0qp+PTZQCNttMXgrqdUtzouk/G8X6UEI/bcw=\""
[2023-05-06T10:32:24.080Z] [INFO] [ApiClient617825269] : "digest : SHA-256=SDBWlNJ/byXh31nDOuwD2+nNfMrOK3J6ML3QWj06aMg="
[2023-05-06T10:32:24.081Z] [INFO] [ApiClient617825269] : "v-c-merchant-id : testrest"
[2023-05-06T10:32:24.081Z] [INFO] [ApiClient617825269] : "date : Sat, 06 May 2023 10:32:24 GMT"
[2023-05-06T10:32:24.081Z] [INFO] [ApiClient617825269] : "host : apitest.cybersource.com"
[2023-05-06T10:32:24.082Z] [INFO] [ApiClient617825269] : "signature : keyid=\"08c94330-f618-42a3-b09d-e1e43be5efda\", algorithm=\"HmacSHA256\", headers=\"host date (request-target) digest v-c-merchant-id\", signature=\"jHNNDkE0qp+PTZQCNttMXgrqdUtzouk/G8X6UEI/bcw=\""
[2023-05-06T10:32:24.082Z] [INFO] [ApiClient617825269] : "User-Agent : Mozilla/5.0"
[2023-05-06T10:32:24.082Z] [INFO] [ApiClient617825269] : "************************  LOGGING END  ************************"
[2023-05-06T10:33:57.846Z] [INFO] [MerchantConfig28718661] : "************************ LOGGING START ************************"
[2023-05-06T10:33:57.851Z] [INFO] [ApiClient461192892] : "Authentication Type : http_signature"
[2023-05-06T10:33:57.852Z] [INFO] [ApiClient461192892] : "Request Type : POST"
[2023-05-06T10:33:57.853Z] [INFO] [ApiClient461192892] : "signatureHeader : keyid=\"08c94330-f618-42a3-b09d-e1e43be5efda\", algorithm=\"HmacSHA256\", headers=\"host date (request-target) digest v-c-merchant-id\", signature=\"y9Fl353ZiL1b83STdZTNBPW/WY2Jeg2u3QKHevO0dwA=\""
[2023-05-06T10:33:57.854Z] [INFO] [ApiClient461192892] : "digest : SHA-256=SDBWlNJ/byXh31nDOuwD2+nNfMrOK3J6ML3QWj06aMg="
[2023-05-06T10:33:57.854Z] [INFO] [ApiClient461192892] : "v-c-merchant-id : testrest"
[2023-05-06T10:33:57.854Z] [INFO] [ApiClient461192892] : "date : Sat, 06 May 2023 10:33:57 GMT"
[2023-05-06T10:33:57.855Z] [INFO] [ApiClient461192892] : "host : apitest.cybersource.com"
[2023-05-06T10:33:57.855Z] [INFO] [ApiClient461192892] : "signature : keyid=\"08c94330-f618-42a3-b09d-e1e43be5efda\", algorithm=\"HmacSHA256\", headers=\"host date (request-target) digest v-c-merchant-id\", signature=\"y9Fl353ZiL1b83STdZTNBPW/WY2Jeg2u3QKHevO0dwA=\""
[2023-05-06T10:33:57.856Z] [INFO] [ApiClient461192892] : "User-Agent : Mozilla/5.0"
[2023-05-06T10:33:57.856Z] [INFO] [ApiClient461192892] : "************************  LOGGING END  ************************"
[2023-05-06T10:37:03.884Z] [INFO] [MerchantConfig152341491] : "************************ LOGGING START ************************"
[2023-05-06T10:37:03.889Z] [INFO] [ApiClient314591715] : "Authentication Type : http_signature"
[2023-05-06T10:37:03.889Z] [INFO] [ApiClient314591715] : "Request Type : POST"
[2023-05-06T10:37:03.890Z] [INFO] [ApiClient314591715] : "signatureHeader : keyid=\"08c94330-f618-42a3-b09d-e1e43be5efda\", algorithm=\"HmacSHA256\", headers=\"host date (request-target) digest v-c-merchant-id\", signature=\"CuLgf9IvnyqpMuqJRjm0cW7Ix232Lmdjb5qcaX+4TSs=\""
[2023-05-06T10:37:03.890Z] [INFO] [ApiClient314591715] : "digest : SHA-256=SDBWlNJ/byXh31nDOuwD2+nNfMrOK3J6ML3QWj06aMg="
[2023-05-06T10:37:03.890Z] [INFO] [ApiClient314591715] : "v-c-merchant-id : testrest"
[2023-05-06T10:37:03.890Z] [INFO] [ApiClient314591715] : "date : Sat, 06 May 2023 10:37:03 GMT"
[2023-05-06T10:37:03.890Z] [INFO] [ApiClient314591715] : "host : apitest.cybersource.com"
[2023-05-06T10:37:03.891Z] [INFO] [ApiClient314591715] : "signature : keyid=\"08c94330-f618-42a3-b09d-e1e43be5efda\", algorithm=\"HmacSHA256\", headers=\"host date (request-target) digest v-c-merchant-id\", signature=\"CuLgf9IvnyqpMuqJRjm0cW7Ix232Lmdjb5qcaX+4TSs=\""
[2023-05-06T10:37:03.891Z] [INFO] [ApiClient314591715] : "User-Agent : Mozilla/5.0"
[2023-05-06T10:37:03.891Z] [INFO] [ApiClient314591715] : "************************  LOGGING END  ************************"
[2023-05-06T10:38:17.273Z] [INFO] [MerchantConfig297785379] : "************************ LOGGING START ************************"
[2023-05-06T10:38:17.276Z] [INFO] [ApiClient223797416] : "Authentication Type : http_signature"
[2023-05-06T10:38:17.277Z] [INFO] [ApiClient223797416] : "Request Type : POST"
[2023-05-06T10:38:17.277Z] [INFO] [ApiClient223797416] : "signatureHeader : keyid=\"08c94330-f618-42a3-b09d-e1e43be5efda\", algorithm=\"HmacSHA256\", headers=\"host date (request-target) digest v-c-merchant-id\", signature=\"92jilAdyuPb8qhmIidq6cWDnYktWLdQyvnHvdUZRoig=\""
[2023-05-06T10:38:17.277Z] [INFO] [ApiClient223797416] : "digest : SHA-256=zjJ9n64vkpC1CgrkkoEGJCCK54unE+kJR3h9RG899Ak="
[2023-05-06T10:38:17.277Z] [INFO] [ApiClient223797416] : "v-c-merchant-id : testrest"
[2023-05-06T10:38:17.278Z] [INFO] [ApiClient223797416] : "date : Sat, 06 May 2023 10:38:17 GMT"
[2023-05-06T10:38:17.278Z] [INFO] [ApiClient223797416] : "host : apitest.cybersource.com"
[2023-05-06T10:38:17.278Z] [INFO] [ApiClient223797416] : "signature : keyid=\"08c94330-f618-42a3-b09d-e1e43be5efda\", algorithm=\"HmacSHA256\", headers=\"host date (request-target) digest v-c-merchant-id\", signature=\"92jilAdyuPb8qhmIidq6cWDnYktWLdQyvnHvdUZRoig=\""
[2023-05-06T10:38:17.278Z] [INFO] [ApiClient223797416] : "User-Agent : Mozilla/5.0"
[2023-05-06T10:38:17.278Z] [INFO] [ApiClient223797416] : "************************  LOGGING END  ************************"
[2023-05-06T17:11:24.624Z] [INFO] [MerchantConfig267051269] : "************************ LOGGING START ************************"
[2023-05-06T17:11:24.631Z] [INFO] [ApiClient702455986] : "Authentication Type : http_signature"
[2023-05-06T17:11:24.631Z] [INFO] [ApiClient702455986] : "Request Type : POST"
[2023-05-06T17:11:24.659Z] [INFO] [ApiClient702455986] : "signatureHeader : keyid=\"08c94330-f618-42a3-b09d-e1e43be5efda\", algorithm=\"HmacSHA256\", headers=\"host date (request-target) digest v-c-merchant-id\", signature=\"HeX7RULs6aJkZ3n69AmPOSh4EL7hmHHDe48b+mFbMSg=\""
[2023-05-06T17:11:24.659Z] [INFO] [ApiClient702455986] : "digest : SHA-256=igVlyjUnoyAJIg408v73TEqZwcEzQABMKpNCFTFbljY="
[2023-05-06T17:11:24.659Z] [INFO] [ApiClient702455986] : "v-c-merchant-id : testrest"
[2023-05-06T17:11:24.660Z] [INFO] [ApiClient702455986] : "date : Sat, 06 May 2023 17:11:24 GMT"
[2023-05-06T17:11:24.660Z] [INFO] [ApiClient702455986] : "host : apitest.cybersource.com"
[2023-05-06T17:11:24.660Z] [INFO] [ApiClient702455986] : "signature : keyid=\"08c94330-f618-42a3-b09d-e1e43be5efda\", algorithm=\"HmacSHA256\", headers=\"host date (request-target) digest v-c-merchant-id\", signature=\"HeX7RULs6aJkZ3n69AmPOSh4EL7hmHHDe48b+mFbMSg=\""
[2023-05-06T17:11:24.661Z] [INFO] [ApiClient702455986] : "User-Agent : Mozilla/5.0"
[2023-05-06T17:11:24.661Z] [INFO] [ApiClient702455986] : "************************  LOGGING END  ************************"
[2023-05-06T17:15:05.376Z] [INFO] [MerchantConfig803648400] : "************************ LOGGING START ************************"
[2023-05-06T17:15:05.381Z] [INFO] [ApiClient881651011] : "Authentication Type : http_signature"
[2023-05-06T17:15:05.381Z] [INFO] [ApiClient881651011] : "Request Type : POST"
[2023-05-06T17:15:05.382Z] [INFO] [ApiClient881651011] : "signatureHeader : keyid=\"08c94330-f618-42a3-b09d-e1e43be5efda\", algorithm=\"HmacSHA256\", headers=\"host date (request-target) digest v-c-merchant-id\", signature=\"avUpjDJPh5B/dlU94z18AXLfKB1Hzf3BRiTJ4E4pmK0=\""
[2023-05-06T17:15:05.383Z] [INFO] [ApiClient881651011] : "digest : SHA-256=iiLyGCYMLLxqC7ANn0E1qPNTS2nYIeiX631OUEg3xQ0="
[2023-05-06T17:15:05.383Z] [INFO] [ApiClient881651011] : "v-c-merchant-id : testrest"
[2023-05-06T17:15:05.384Z] [INFO] [ApiClient881651011] : "date : Sat, 06 May 2023 17:15:05 GMT"
[2023-05-06T17:15:05.384Z] [INFO] [ApiClient881651011] : "host : apitest.cybersource.com"
[2023-05-06T17:15:05.384Z] [INFO] [ApiClient881651011] : "signature : keyid=\"08c94330-f618-42a3-b09d-e1e43be5efda\", algorithm=\"HmacSHA256\", headers=\"host date (request-target) digest v-c-merchant-id\", signature=\"avUpjDJPh5B/dlU94z18AXLfKB1Hzf3BRiTJ4E4pmK0=\""
[2023-05-06T17:15:05.385Z] [INFO] [ApiClient881651011] : "User-Agent : Mozilla/5.0"
[2023-05-06T17:15:05.386Z] [INFO] [ApiClient881651011] : "************************  LOGGING END  ************************"
[2023-05-06T17:20:22.854Z] [INFO] [MerchantConfig339746718] : "************************ LOGGING START ************************"
[2023-05-06T17:20:22.858Z] [INFO] [ApiClient724206840] : "Authentication Type : http_signature"
[2023-05-06T17:20:22.859Z] [INFO] [ApiClient724206840] : "Request Type : POST"
[2023-05-06T17:20:22.859Z] [INFO] [ApiClient724206840] : "signatureHeader : keyid=\"08c94330-f618-42a3-b09d-e1e43be5efda\", algorithm=\"HmacSHA256\", headers=\"host date (request-target) digest v-c-merchant-id\", signature=\"eJ8rATsT7CvH1aW/x/EJ/ROGcOGENfK8OY7gHJen/L4=\""
[2023-05-06T17:20:22.860Z] [INFO] [ApiClient724206840] : "digest : SHA-256=XzO+l4wVF2Q8ZEmreSyaqBU/g6T52FJGCBId5c7oZwI="
[2023-05-06T17:20:22.860Z] [INFO] [ApiClient724206840] : "v-c-merchant-id : testrest"
[2023-05-06T17:20:22.860Z] [INFO] [ApiClient724206840] : "date : Sat, 06 May 2023 17:20:22 GMT"
[2023-05-06T17:20:22.861Z] [INFO] [ApiClient724206840] : "host : apitest.cybersource.com"
[2023-05-06T17:20:22.861Z] [INFO] [ApiClient724206840] : "signature : keyid=\"08c94330-f618-42a3-b09d-e1e43be5efda\", algorithm=\"HmacSHA256\", headers=\"host date (request-target) digest v-c-merchant-id\", signature=\"eJ8rATsT7CvH1aW/x/EJ/ROGcOGENfK8OY7gHJen/L4=\""
[2023-05-06T17:20:22.861Z] [INFO] [ApiClient724206840] : "User-Agent : Mozilla/5.0"
[2023-05-06T17:20:22.861Z] [INFO] [ApiClient724206840] : "************************  LOGGING END  ************************"
[2023-05-06T17:32:07.445Z] [INFO] [MerchantConfig565859347] : "************************ LOGGING START ************************"
[2023-05-06T17:32:07.458Z] [INFO] [ApiClient60759273] : "Authentication Type : http_signature"
[2023-05-06T17:32:07.459Z] [INFO] [ApiClient60759273] : "Request Type : POST"
[2023-05-06T17:32:07.461Z] [INFO] [ApiClient60759273] : "signatureHeader : keyid=\"08c94330-f618-42a3-b09d-e1e43be5efda\", algorithm=\"HmacSHA256\", headers=\"host date (request-target) digest v-c-merchant-id\", signature=\"dN9to7ZbshaMXIVhvEb07E1ZAG8JeY5Mqbte2HVCb0M=\""
[2023-05-06T17:32:07.461Z] [INFO] [ApiClient60759273] : "digest : SHA-256=iuasxKCOlCzmifwj9fZEq4jcIg/5vnUNObojmxxy2c0="
[2023-05-06T17:32:07.461Z] [INFO] [ApiClient60759273] : "v-c-merchant-id : testrest"
[2023-05-06T17:32:07.462Z] [INFO] [ApiClient60759273] : "date : Sat, 06 May 2023 17:32:07 GMT"
[2023-05-06T17:32:07.463Z] [INFO] [ApiClient60759273] : "host : apitest.cybersource.com"
[2023-05-06T17:32:07.463Z] [INFO] [ApiClient60759273] : "signature : keyid=\"08c94330-f618-42a3-b09d-e1e43be5efda\", algorithm=\"HmacSHA256\", headers=\"host date (request-target) digest v-c-merchant-id\", signature=\"dN9to7ZbshaMXIVhvEb07E1ZAG8JeY5Mqbte2HVCb0M=\""
[2023-05-06T17:32:07.463Z] [INFO] [ApiClient60759273] : "User-Agent : Mozilla/5.0"
[2023-05-06T17:32:07.464Z] [INFO] [ApiClient60759273] : "************************  LOGGING END  ************************"
