[2023-06-15T19:52:24.605Z] [INFO] [MerchantConfig341776753] : "************************ LOGGING START ************************"
[2023-06-15T19:52:24.619Z] [INFO] [ApiClient321450994] : "Authentication Type : http_signature"
[2023-06-15T19:52:24.619Z] [INFO] [ApiClient321450994] : "Request Type : POST"
[2023-06-15T19:52:24.622Z] [INFO] [ApiClient321450994] : "signatureHeader : keyid=\"08c94330-f618-42a3-b09d-e1e43be5efda\", algorithm=\"HmacSHA256\", headers=\"host date (request-target) digest v-c-merchant-id\", signature=\"D6z6mZSY80I5ZTBS7A14J7WrYmWTtbKKtTiLpC05ebc=\""
[2023-06-15T19:52:24.622Z] [INFO] [ApiClient321450994] : "digest : SHA-256=GdLBStAgMlxLIjmNm6vibkuuWUa6YFrmdFH1J+7G6nc="
[2023-06-15T19:52:24.623Z] [INFO] [ApiClient321450994] : "v-c-merchant-id : testrest"
[2023-06-15T19:52:24.625Z] [INFO] [ApiClient321450994] : "date : Thu, 15 Jun 2023 19:52:24 GMT"
[2023-06-15T19:52:24.625Z] [INFO] [ApiClient321450994] : "host : apitest.cybersource.com"
[2023-06-15T19:52:24.626Z] [INFO] [ApiClient321450994] : "signature : keyid=\"08c94330-f618-42a3-b09d-e1e43be5efda\", algorithm=\"HmacSHA256\", headers=\"host date (request-target) digest v-c-merchant-id\", signature=\"D6z6mZSY80I5ZTBS7A14J7WrYmWTtbKKtTiLpC05ebc=\""
[2023-06-15T19:52:24.626Z] [INFO] [ApiClient321450994] : "User-Agent : Mozilla/5.0"
[2023-06-15T19:52:24.627Z] [INFO] [ApiClient321450994] : "************************  LOGGING END  ************************"
[2023-06-15T19:55:30.238Z] [INFO] [MerchantConfig811514996] : "************************ LOGGING START ************************"
[2023-06-15T19:55:30.251Z] [INFO] [ApiClient364644662] : "Authentication Type : http_signature"
[2023-06-15T19:55:30.251Z] [INFO] [ApiClient364644662] : "Request Type : POST"
[2023-06-15T19:55:30.253Z] [INFO] [ApiClient364644662] : "signatureHeader : keyid=\"08c94330-f618-42a3-b09d-e1e43be5efda\", algorithm=\"HmacSHA256\", headers=\"host date (request-target) digest v-c-merchant-id\", signature=\"DZFxKE72uaiEsN49Cdueg3ePn4O1P+QDlKURijIyP4g=\""
[2023-06-15T19:55:30.253Z] [INFO] [ApiClient364644662] : "digest : SHA-256=Ybihe51PHM3Kff39piWr15ckGlflyB132A/WkjcorAI="
[2023-06-15T19:55:30.253Z] [INFO] [ApiClient364644662] : "v-c-merchant-id : testrest"
[2023-06-15T19:55:30.253Z] [INFO] [ApiClient364644662] : "date : Thu, 15 Jun 2023 19:55:30 GMT"
[2023-06-15T19:55:30.253Z] [INFO] [ApiClient364644662] : "host : apitest.cybersource.com"
[2023-06-15T19:55:30.254Z] [INFO] [ApiClient364644662] : "signature : keyid=\"08c94330-f618-42a3-b09d-e1e43be5efda\", algorithm=\"HmacSHA256\", headers=\"host date (request-target) digest v-c-merchant-id\", signature=\"DZFxKE72uaiEsN49Cdueg3ePn4O1P+QDlKURijIyP4g=\""
[2023-06-15T19:55:30.254Z] [INFO] [ApiClient364644662] : "User-Agent : Mozilla/5.0"
[2023-06-15T19:55:30.254Z] [INFO] [ApiClient364644662] : "************************  LOGGING END  ************************"
[2023-06-15T20:01:48.448Z] [INFO] [MerchantConfig619326913] : "************************ LOGGING START ************************"
[2023-06-15T20:01:48.458Z] [INFO] [ApiClient794705725] : "Authentication Type : http_signature"
[2023-06-15T20:01:48.458Z] [INFO] [ApiClient794705725] : "Request Type : POST"
[2023-06-15T20:01:48.469Z] [INFO] [ApiClient794705725] : "signatureHeader : keyid=\"08c94330-f618-42a3-b09d-e1e43be5efda\", algorithm=\"HmacSHA256\", headers=\"host date (request-target) digest v-c-merchant-id\", signature=\"4vp+0WHT0W9iJCzgpLoA9O5772BN1uhstOYhJUWdgWs=\""
[2023-06-15T20:01:48.470Z] [INFO] [ApiClient794705725] : "digest : SHA-256=Ybihe51PHM3Kff39piWr15ckGlflyB132A/WkjcorAI="
[2023-06-15T20:01:48.470Z] [INFO] [ApiClient794705725] : "v-c-merchant-id : testrest"
[2023-06-15T20:01:48.470Z] [INFO] [ApiClient794705725] : "date : Thu, 15 Jun 2023 20:01:48 GMT"
[2023-06-15T20:01:48.470Z] [INFO] [ApiClient794705725] : "host : apitest.cybersource.com"
[2023-06-15T20:01:48.470Z] [INFO] [ApiClient794705725] : "signature : keyid=\"08c94330-f618-42a3-b09d-e1e43be5efda\", algorithm=\"HmacSHA256\", headers=\"host date (request-target) digest v-c-merchant-id\", signature=\"4vp+0WHT0W9iJCzgpLoA9O5772BN1uhstOYhJUWdgWs=\""
[2023-06-15T20:01:48.471Z] [INFO] [ApiClient794705725] : "User-Agent : Mozilla/5.0"
[2023-06-15T20:01:48.471Z] [INFO] [ApiClient794705725] : "************************  LOGGING END  ************************"
[2023-06-15T20:09:22.954Z] [INFO] [MerchantConfig245168625] : "************************ LOGGING START ************************"
[2023-06-15T20:09:22.966Z] [INFO] [ApiClient806775696] : "Authentication Type : http_signature"
[2023-06-15T20:09:22.967Z] [INFO] [ApiClient806775696] : "Request Type : POST"
[2023-06-15T20:09:22.968Z] [INFO] [ApiClient806775696] : "signatureHeader : keyid=\"08c94330-f618-42a3-b09d-e1e43be5efda\", algorithm=\"HmacSHA256\", headers=\"host date (request-target) digest v-c-merchant-id\", signature=\"ITIKrMe9lwoQxSSLqZo9t1h7FAzptOIRA8nILYVlZnk=\""
[2023-06-15T20:09:22.968Z] [INFO] [ApiClient806775696] : "digest : SHA-256=Ybihe51PHM3Kff39piWr15ckGlflyB132A/WkjcorAI="
[2023-06-15T20:09:22.968Z] [INFO] [ApiClient806775696] : "v-c-merchant-id : testrest"
[2023-06-15T20:09:22.969Z] [INFO] [ApiClient806775696] : "date : Thu, 15 Jun 2023 20:09:22 GMT"
[2023-06-15T20:09:22.969Z] [INFO] [ApiClient806775696] : "host : apitest.cybersource.com"
[2023-06-15T20:09:22.969Z] [INFO] [ApiClient806775696] : "signature : keyid=\"08c94330-f618-42a3-b09d-e1e43be5efda\", algorithm=\"HmacSHA256\", headers=\"host date (request-target) digest v-c-merchant-id\", signature=\"ITIKrMe9lwoQxSSLqZo9t1h7FAzptOIRA8nILYVlZnk=\""
[2023-06-15T20:09:22.969Z] [INFO] [ApiClient806775696] : "User-Agent : Mozilla/5.0"
[2023-06-15T20:09:22.969Z] [INFO] [ApiClient806775696] : "************************  LOGGING END  ************************"
[2023-06-15T20:11:42.426Z] [INFO] [MerchantConfig806992683] : "************************ LOGGING START ************************"
[2023-06-15T20:11:42.433Z] [INFO] [ApiClient373078372] : "Authentication Type : http_signature"
[2023-06-15T20:11:42.433Z] [INFO] [ApiClient373078372] : "Request Type : POST"
[2023-06-15T20:11:42.438Z] [INFO] [ApiClient373078372] : "signatureHeader : keyid=\"08c94330-f618-42a3-b09d-e1e43be5efda\", algorithm=\"HmacSHA256\", headers=\"host date (request-target) digest v-c-merchant-id\", signature=\"9+KwiKPxTY0QaKAZMk6VrksWmTrBRnJO0jFNk4DQjGc=\""
[2023-06-15T20:11:42.439Z] [INFO] [ApiClient373078372] : "digest : SHA-256=Ybihe51PHM3Kff39piWr15ckGlflyB132A/WkjcorAI="
[2023-06-15T20:11:42.439Z] [INFO] [ApiClient373078372] : "v-c-merchant-id : testrest"
[2023-06-15T20:11:42.439Z] [INFO] [ApiClient373078372] : "date : Thu, 15 Jun 2023 20:11:42 GMT"
[2023-06-15T20:11:42.440Z] [INFO] [ApiClient373078372] : "host : apitest.cybersource.com"
[2023-06-15T20:11:42.440Z] [INFO] [ApiClient373078372] : "signature : keyid=\"08c94330-f618-42a3-b09d-e1e43be5efda\", algorithm=\"HmacSHA256\", headers=\"host date (request-target) digest v-c-merchant-id\", signature=\"9+KwiKPxTY0QaKAZMk6VrksWmTrBRnJO0jFNk4DQjGc=\""
[2023-06-15T20:11:42.440Z] [INFO] [ApiClient373078372] : "User-Agent : Mozilla/5.0"
[2023-06-15T20:11:42.440Z] [INFO] [ApiClient373078372] : "************************  LOGGING END  ************************"
[2023-06-15T20:14:27.470Z] [INFO] [MerchantConfig782901408] : "************************ LOGGING START ************************"
[2023-06-15T20:14:27.481Z] [INFO] [ApiClient996299881] : "Authentication Type : http_signature"
[2023-06-15T20:14:27.481Z] [INFO] [ApiClient996299881] : "Request Type : POST"
[2023-06-15T20:14:27.483Z] [INFO] [ApiClient996299881] : "signatureHeader : keyid=\"08c94330-f618-42a3-b09d-e1e43be5efda\", algorithm=\"HmacSHA256\", headers=\"host date (request-target) digest v-c-merchant-id\", signature=\"9KfU2qJM6aE3oOh5vKtsbOIkJUHL22IjwOXXFNjQYZc=\""
[2023-06-15T20:14:27.483Z] [INFO] [ApiClient996299881] : "digest : SHA-256=GdLBStAgMlxLIjmNm6vibkuuWUa6YFrmdFH1J+7G6nc="
[2023-06-15T20:14:27.483Z] [INFO] [ApiClient996299881] : "v-c-merchant-id : testrest"
[2023-06-15T20:14:27.483Z] [INFO] [ApiClient996299881] : "date : Thu, 15 Jun 2023 20:14:27 GMT"
[2023-06-15T20:14:27.483Z] [INFO] [ApiClient996299881] : "host : apitest.cybersource.com"
[2023-06-15T20:14:27.484Z] [INFO] [ApiClient996299881] : "signature : keyid=\"08c94330-f618-42a3-b09d-e1e43be5efda\", algorithm=\"HmacSHA256\", headers=\"host date (request-target) digest v-c-merchant-id\", signature=\"9KfU2qJM6aE3oOh5vKtsbOIkJUHL22IjwOXXFNjQYZc=\""
[2023-06-15T20:14:27.484Z] [INFO] [ApiClient996299881] : "User-Agent : Mozilla/5.0"
[2023-06-15T20:14:27.485Z] [INFO] [ApiClient996299881] : "************************  LOGGING END  ************************"
[2023-06-15T20:14:58.456Z] [INFO] [MerchantConfig193914690] : "************************ LOGGING START ************************"
[2023-06-15T20:14:58.469Z] [INFO] [ApiClient918263445] : "Authentication Type : http_signature"
[2023-06-15T20:14:58.469Z] [INFO] [ApiClient918263445] : "Request Type : POST"
[2023-06-15T20:14:58.471Z] [INFO] [ApiClient918263445] : "signatureHeader : keyid=\"08c94330-f618-42a3-b09d-e1e43be5efda\", algorithm=\"HmacSHA256\", headers=\"host date (request-target) digest v-c-merchant-id\", signature=\"Zr03+92z8ouXYJFR/uyHiEhZeDTbPAA1q5o+Ozt8sEk=\""
[2023-06-15T20:14:58.471Z] [INFO] [ApiClient918263445] : "digest : SHA-256=GdLBStAgMlxLIjmNm6vibkuuWUa6YFrmdFH1J+7G6nc="
[2023-06-15T20:14:58.471Z] [INFO] [ApiClient918263445] : "v-c-merchant-id : testrest"
[2023-06-15T20:14:58.471Z] [INFO] [ApiClient918263445] : "date : Thu, 15 Jun 2023 20:14:58 GMT"
[2023-06-15T20:14:58.471Z] [INFO] [ApiClient918263445] : "host : apitest.cybersource.com"
[2023-06-15T20:14:58.472Z] [INFO] [ApiClient918263445] : "signature : keyid=\"08c94330-f618-42a3-b09d-e1e43be5efda\", algorithm=\"HmacSHA256\", headers=\"host date (request-target) digest v-c-merchant-id\", signature=\"Zr03+92z8ouXYJFR/uyHiEhZeDTbPAA1q5o+Ozt8sEk=\""
[2023-06-15T20:14:58.472Z] [INFO] [ApiClient918263445] : "User-Agent : Mozilla/5.0"
[2023-06-15T20:14:58.472Z] [INFO] [ApiClient918263445] : "************************  LOGGING END  ************************"
[2023-06-15T20:15:28.531Z] [INFO] [MerchantConfig30479067] : "************************ LOGGING START ************************"
[2023-06-15T20:15:28.543Z] [INFO] [ApiClient319526245] : "Authentication Type : http_signature"
[2023-06-15T20:15:28.543Z] [INFO] [ApiClient319526245] : "Request Type : POST"
[2023-06-15T20:15:28.545Z] [INFO] [ApiClient319526245] : "signatureHeader : keyid=\"08c94330-f618-42a3-b09d-e1e43be5efda\", algorithm=\"HmacSHA256\", headers=\"host date (request-target) digest v-c-merchant-id\", signature=\"JDpUOqh4XIKNmsFUC6+VJVXhHXKBryoa7T40Icy9al0=\""
[2023-06-15T20:15:28.545Z] [INFO] [ApiClient319526245] : "digest : SHA-256=Ybihe51PHM3Kff39piWr15ckGlflyB132A/WkjcorAI="
[2023-06-15T20:15:28.545Z] [INFO] [ApiClient319526245] : "v-c-merchant-id : testrest"
[2023-06-15T20:15:28.545Z] [INFO] [ApiClient319526245] : "date : Thu, 15 Jun 2023 20:15:28 GMT"
[2023-06-15T20:15:28.546Z] [INFO] [ApiClient319526245] : "host : apitest.cybersource.com"
[2023-06-15T20:15:28.548Z] [INFO] [ApiClient319526245] : "signature : keyid=\"08c94330-f618-42a3-b09d-e1e43be5efda\", algorithm=\"HmacSHA256\", headers=\"host date (request-target) digest v-c-merchant-id\", signature=\"JDpUOqh4XIKNmsFUC6+VJVXhHXKBryoa7T40Icy9al0=\""
[2023-06-15T20:15:28.548Z] [INFO] [ApiClient319526245] : "User-Agent : Mozilla/5.0"
[2023-06-15T20:15:28.550Z] [INFO] [ApiClient319526245] : "************************  LOGGING END  ************************"
[2023-06-15T20:22:28.466Z] [INFO] [MerchantConfig148041064] : "************************ LOGGING START ************************"
[2023-06-15T20:22:28.471Z] [INFO] [ApiClient525862747] : "Authentication Type : http_signature"
[2023-06-15T20:22:28.471Z] [INFO] [ApiClient525862747] : "Request Type : POST"
[2023-06-15T20:22:28.478Z] [INFO] [ApiClient525862747] : "signatureHeader : keyid=\"08c94330-f618-42a3-b09d-e1e43be5efda\", algorithm=\"HmacSHA256\", headers=\"host date (request-target) digest v-c-merchant-id\", signature=\"fZd3JfNlqU83OFY8AvAceK0IFeqbNCfnOqAzPMSvD9M=\""
[2023-06-15T20:22:28.480Z] [INFO] [ApiClient525862747] : "digest : SHA-256=GdLBStAgMlxLIjmNm6vibkuuWUa6YFrmdFH1J+7G6nc="
[2023-06-15T20:22:28.480Z] [INFO] [ApiClient525862747] : "v-c-merchant-id : testrest"
[2023-06-15T20:22:28.480Z] [INFO] [ApiClient525862747] : "date : Thu, 15 Jun 2023 20:22:28 GMT"
[2023-06-15T20:22:28.481Z] [INFO] [ApiClient525862747] : "host : apitest.cybersource.com"
[2023-06-15T20:22:28.481Z] [INFO] [ApiClient525862747] : "signature : keyid=\"08c94330-f618-42a3-b09d-e1e43be5efda\", algorithm=\"HmacSHA256\", headers=\"host date (request-target) digest v-c-merchant-id\", signature=\"fZd3JfNlqU83OFY8AvAceK0IFeqbNCfnOqAzPMSvD9M=\""
[2023-06-15T20:22:28.481Z] [INFO] [ApiClient525862747] : "User-Agent : Mozilla/5.0"
[2023-06-15T20:22:28.481Z] [INFO] [ApiClient525862747] : "************************  LOGGING END  ************************"
[2023-06-15T21:20:41.070Z] [INFO] [MerchantConfig993090491] : "************************ LOGGING START ************************"
[2023-06-15T21:20:41.079Z] [INFO] [ApiClient377125076] : "Authentication Type : http_signature"
[2023-06-15T21:20:41.080Z] [INFO] [ApiClient377125076] : "Request Type : POST"
[2023-06-15T21:20:41.083Z] [INFO] [ApiClient377125076] : "signatureHeader : keyid=\"08c94330-f618-42a3-b09d-e1e43be5efda\", algorithm=\"HmacSHA256\", headers=\"host date (request-target) digest v-c-merchant-id\", signature=\"cw1Mo80IoQuueJq1IZthSCLR1weJQR5QtHNcf7eprYY=\""
[2023-06-15T21:20:41.083Z] [INFO] [ApiClient377125076] : "digest : SHA-256=Ybihe51PHM3Kff39piWr15ckGlflyB132A/WkjcorAI="
[2023-06-15T21:20:41.083Z] [INFO] [ApiClient377125076] : "v-c-merchant-id : testrest"
[2023-06-15T21:20:41.083Z] [INFO] [ApiClient377125076] : "date : Thu, 15 Jun 2023 21:20:41 GMT"
[2023-06-15T21:20:41.084Z] [INFO] [ApiClient377125076] : "host : apitest.cybersource.com"
[2023-06-15T21:20:41.084Z] [INFO] [ApiClient377125076] : "signature : keyid=\"08c94330-f618-42a3-b09d-e1e43be5efda\", algorithm=\"HmacSHA256\", headers=\"host date (request-target) digest v-c-merchant-id\", signature=\"cw1Mo80IoQuueJq1IZthSCLR1weJQR5QtHNcf7eprYY=\""
[2023-06-15T21:20:41.084Z] [INFO] [ApiClient377125076] : "User-Agent : Mozilla/5.0"
[2023-06-15T21:20:41.084Z] [INFO] [ApiClient377125076] : "************************  LOGGING END  ************************"
[2023-06-15T21:22:17.458Z] [INFO] [MerchantConfig529238561] : "************************ LOGGING START ************************"
[2023-06-15T21:22:17.463Z] [INFO] [ApiClient569597767] : "Authentication Type : http_signature"
[2023-06-15T21:22:17.463Z] [INFO] [ApiClient569597767] : "Request Type : POST"
[2023-06-15T21:22:17.466Z] [INFO] [ApiClient569597767] : "signatureHeader : keyid=\"08c94330-f618-42a3-b09d-e1e43be5efda\", algorithm=\"HmacSHA256\", headers=\"host date (request-target) digest v-c-merchant-id\", signature=\"B4maF+S2txPWV+SeyzMk9vz7Nr/w92qUa3vQmHUmK54=\""
[2023-06-15T21:22:17.467Z] [INFO] [ApiClient569597767] : "digest : SHA-256=GdLBStAgMlxLIjmNm6vibkuuWUa6YFrmdFH1J+7G6nc="
[2023-06-15T21:22:17.467Z] [INFO] [ApiClient569597767] : "v-c-merchant-id : testrest"
[2023-06-15T21:22:17.468Z] [INFO] [ApiClient569597767] : "date : Thu, 15 Jun 2023 21:22:17 GMT"
[2023-06-15T21:22:17.468Z] [INFO] [ApiClient569597767] : "host : apitest.cybersource.com"
[2023-06-15T21:22:17.471Z] [INFO] [ApiClient569597767] : "signature : keyid=\"08c94330-f618-42a3-b09d-e1e43be5efda\", algorithm=\"HmacSHA256\", headers=\"host date (request-target) digest v-c-merchant-id\", signature=\"B4maF+S2txPWV+SeyzMk9vz7Nr/w92qUa3vQmHUmK54=\""
[2023-06-15T21:22:17.472Z] [INFO] [ApiClient569597767] : "User-Agent : Mozilla/5.0"
[2023-06-15T21:22:17.472Z] [INFO] [ApiClient569597767] : "************************  LOGGING END  ************************"
[2023-06-15T21:25:05.958Z] [INFO] [MerchantConfig673053653] : "************************ LOGGING START ************************"
[2023-06-15T21:25:05.971Z] [INFO] [ApiClient392446283] : "Authentication Type : http_signature"
[2023-06-15T21:25:05.971Z] [INFO] [ApiClient392446283] : "Request Type : POST"
[2023-06-15T21:25:05.973Z] [INFO] [ApiClient392446283] : "signatureHeader : keyid=\"08c94330-f618-42a3-b09d-e1e43be5efda\", algorithm=\"HmacSHA256\", headers=\"host date (request-target) digest v-c-merchant-id\", signature=\"N1OnGK8ySqYNAlcUWSI5+sTUdGI7oBuGPrsmfbQdpPY=\""
[2023-06-15T21:25:05.973Z] [INFO] [ApiClient392446283] : "digest : SHA-256=Ybihe51PHM3Kff39piWr15ckGlflyB132A/WkjcorAI="
[2023-06-15T21:25:05.973Z] [INFO] [ApiClient392446283] : "v-c-merchant-id : testrest"
[2023-06-15T21:25:05.973Z] [INFO] [ApiClient392446283] : "date : Thu, 15 Jun 2023 21:25:05 GMT"
[2023-06-15T21:25:05.974Z] [INFO] [ApiClient392446283] : "host : apitest.cybersource.com"
[2023-06-15T21:25:05.974Z] [INFO] [ApiClient392446283] : "signature : keyid=\"08c94330-f618-42a3-b09d-e1e43be5efda\", algorithm=\"HmacSHA256\", headers=\"host date (request-target) digest v-c-merchant-id\", signature=\"N1OnGK8ySqYNAlcUWSI5+sTUdGI7oBuGPrsmfbQdpPY=\""
[2023-06-15T21:25:05.974Z] [INFO] [ApiClient392446283] : "User-Agent : Mozilla/5.0"
[2023-06-15T21:25:05.974Z] [INFO] [ApiClient392446283] : "************************  LOGGING END  ************************"
[2023-06-15T21:25:50.927Z] [INFO] [MerchantConfig672184798] : "************************ LOGGING START ************************"
[2023-06-15T21:25:50.986Z] [INFO] [ApiClient811411091] : "Authentication Type : http_signature"
[2023-06-15T21:25:50.987Z] [INFO] [ApiClient811411091] : "Request Type : POST"
[2023-06-15T21:25:50.993Z] [INFO] [ApiClient811411091] : "signatureHeader : keyid=\"08c94330-f618-42a3-b09d-e1e43be5efda\", algorithm=\"HmacSHA256\", headers=\"host date (request-target) digest v-c-merchant-id\", signature=\"4ZqhOhRz9fGZcEPJeQqooXRJEsz7JBaVKzEQzXMiZ0c=\""
[2023-06-15T21:25:50.993Z] [INFO] [ApiClient811411091] : "digest : SHA-256=GdLBStAgMlxLIjmNm6vibkuuWUa6YFrmdFH1J+7G6nc="
[2023-06-15T21:25:50.994Z] [INFO] [ApiClient811411091] : "v-c-merchant-id : testrest"
[2023-06-15T21:25:50.994Z] [INFO] [ApiClient811411091] : "date : Thu, 15 Jun 2023 21:25:50 GMT"
[2023-06-15T21:25:50.995Z] [INFO] [ApiClient811411091] : "host : apitest.cybersource.com"
[2023-06-15T21:25:50.995Z] [INFO] [ApiClient811411091] : "signature : keyid=\"08c94330-f618-42a3-b09d-e1e43be5efda\", algorithm=\"HmacSHA256\", headers=\"host date (request-target) digest v-c-merchant-id\", signature=\"4ZqhOhRz9fGZcEPJeQqooXRJEsz7JBaVKzEQzXMiZ0c=\""
[2023-06-15T21:25:50.995Z] [INFO] [ApiClient811411091] : "User-Agent : Mozilla/5.0"
[2023-06-15T21:25:50.995Z] [INFO] [ApiClient811411091] : "************************  LOGGING END  ************************"
[2023-06-15T21:31:45.803Z] [INFO] [MerchantConfig276612621] : "************************ LOGGING START ************************"
[2023-06-15T21:31:45.809Z] [INFO] [ApiClient54928494] : "Authentication Type : http_signature"
[2023-06-15T21:31:45.809Z] [INFO] [ApiClient54928494] : "Request Type : POST"
[2023-06-15T21:31:45.814Z] [INFO] [ApiClient54928494] : "signatureHeader : keyid=\"08c94330-f618-42a3-b09d-e1e43be5efda\", algorithm=\"HmacSHA256\", headers=\"host date (request-target) digest v-c-merchant-id\", signature=\"X8RDEBiZkG580kVaHT78tqDhtTxsC8wNU3I2qSxXQpM=\""
[2023-06-15T21:31:45.815Z] [INFO] [ApiClient54928494] : "digest : SHA-256=GdLBStAgMlxLIjmNm6vibkuuWUa6YFrmdFH1J+7G6nc="
[2023-06-15T21:31:45.816Z] [INFO] [ApiClient54928494] : "v-c-merchant-id : testrest"
[2023-06-15T21:31:45.816Z] [INFO] [ApiClient54928494] : "date : Thu, 15 Jun 2023 21:31:45 GMT"
[2023-06-15T21:31:45.817Z] [INFO] [ApiClient54928494] : "host : apitest.cybersource.com"
[2023-06-15T21:31:45.818Z] [INFO] [ApiClient54928494] : "signature : keyid=\"08c94330-f618-42a3-b09d-e1e43be5efda\", algorithm=\"HmacSHA256\", headers=\"host date (request-target) digest v-c-merchant-id\", signature=\"X8RDEBiZkG580kVaHT78tqDhtTxsC8wNU3I2qSxXQpM=\""
[2023-06-15T21:31:45.818Z] [INFO] [ApiClient54928494] : "User-Agent : Mozilla/5.0"
[2023-06-15T21:31:45.818Z] [INFO] [ApiClient54928494] : "************************  LOGGING END  ************************"
[2023-06-15T21:34:48.771Z] [INFO] [MerchantConfig183247627] : "************************ LOGGING START ************************"
[2023-06-15T21:34:48.779Z] [INFO] [ApiClient1162611] : "Authentication Type : http_signature"
[2023-06-15T21:34:48.779Z] [INFO] [ApiClient1162611] : "Request Type : POST"
[2023-06-15T21:34:48.784Z] [INFO] [ApiClient1162611] : "signatureHeader : keyid=\"08c94330-f618-42a3-b09d-e1e43be5efda\", algorithm=\"HmacSHA256\", headers=\"host date (request-target) digest v-c-merchant-id\", signature=\"oP0Obl6XWIrvVaSbGkm8VRwij43hdghCVyt1LfmxEdg=\""
[2023-06-15T21:34:48.785Z] [INFO] [ApiClient1162611] : "digest : SHA-256=GdLBStAgMlxLIjmNm6vibkuuWUa6YFrmdFH1J+7G6nc="
[2023-06-15T21:34:48.785Z] [INFO] [ApiClient1162611] : "v-c-merchant-id : testrest"
[2023-06-15T21:34:48.785Z] [INFO] [ApiClient1162611] : "date : Thu, 15 Jun 2023 21:34:48 GMT"
[2023-06-15T21:34:48.785Z] [INFO] [ApiClient1162611] : "host : apitest.cybersource.com"
[2023-06-15T21:34:48.786Z] [INFO] [ApiClient1162611] : "signature : keyid=\"08c94330-f618-42a3-b09d-e1e43be5efda\", algorithm=\"HmacSHA256\", headers=\"host date (request-target) digest v-c-merchant-id\", signature=\"oP0Obl6XWIrvVaSbGkm8VRwij43hdghCVyt1LfmxEdg=\""
[2023-06-15T21:34:48.786Z] [INFO] [ApiClient1162611] : "User-Agent : Mozilla/5.0"
[2023-06-15T21:34:48.786Z] [INFO] [ApiClient1162611] : "************************  LOGGING END  ************************"
[2023-06-15T21:41:27.739Z] [INFO] [MerchantConfig304039353] : "************************ LOGGING START ************************"
[2023-06-15T21:41:27.749Z] [INFO] [ApiClient149320426] : "Authentication Type : http_signature"
[2023-06-15T21:41:27.750Z] [INFO] [ApiClient149320426] : "Request Type : POST"
[2023-06-15T21:41:27.751Z] [INFO] [ApiClient149320426] : "signatureHeader : keyid=\"08c94330-f618-42a3-b09d-e1e43be5efda\", algorithm=\"HmacSHA256\", headers=\"host date (request-target) digest v-c-merchant-id\", signature=\"pfTZvQKeli+WF7gTcgqNvqgbOvgApQonXODrrxPayNY=\""
[2023-06-15T21:41:27.751Z] [INFO] [ApiClient149320426] : "digest : SHA-256=Ybihe51PHM3Kff39piWr15ckGlflyB132A/WkjcorAI="
[2023-06-15T21:41:27.751Z] [INFO] [ApiClient149320426] : "v-c-merchant-id : testrest"
[2023-06-15T21:41:27.751Z] [INFO] [ApiClient149320426] : "date : Thu, 15 Jun 2023 21:41:27 GMT"
[2023-06-15T21:41:27.752Z] [INFO] [ApiClient149320426] : "host : apitest.cybersource.com"
[2023-06-15T21:41:27.752Z] [INFO] [ApiClient149320426] : "signature : keyid=\"08c94330-f618-42a3-b09d-e1e43be5efda\", algorithm=\"HmacSHA256\", headers=\"host date (request-target) digest v-c-merchant-id\", signature=\"pfTZvQKeli+WF7gTcgqNvqgbOvgApQonXODrrxPayNY=\""
[2023-06-15T21:41:27.752Z] [INFO] [ApiClient149320426] : "User-Agent : Mozilla/5.0"
[2023-06-15T21:41:27.752Z] [INFO] [ApiClient149320426] : "************************  LOGGING END  ************************"
[2023-06-15T21:45:51.035Z] [INFO] [MerchantConfig285310394] : "************************ LOGGING START ************************"
[2023-06-15T21:45:51.050Z] [INFO] [ApiClient206793325] : "Authentication Type : http_signature"
[2023-06-15T21:45:51.050Z] [INFO] [ApiClient206793325] : "Request Type : POST"
[2023-06-15T21:45:51.052Z] [INFO] [ApiClient206793325] : "signatureHeader : keyid=\"08c94330-f618-42a3-b09d-e1e43be5efda\", algorithm=\"HmacSHA256\", headers=\"host date (request-target) digest v-c-merchant-id\", signature=\"6bGEPY1GCYiw5g+n6aFBU9uc6acEhII7oV75VFimiSY=\""
[2023-06-15T21:45:51.052Z] [INFO] [ApiClient206793325] : "digest : SHA-256=GdLBStAgMlxLIjmNm6vibkuuWUa6YFrmdFH1J+7G6nc="
[2023-06-15T21:45:51.052Z] [INFO] [ApiClient206793325] : "v-c-merchant-id : testrest"
[2023-06-15T21:45:51.055Z] [INFO] [ApiClient206793325] : "date : Thu, 15 Jun 2023 21:45:51 GMT"
[2023-06-15T21:45:51.057Z] [INFO] [ApiClient206793325] : "host : apitest.cybersource.com"
[2023-06-15T21:45:51.057Z] [INFO] [ApiClient206793325] : "signature : keyid=\"08c94330-f618-42a3-b09d-e1e43be5efda\", algorithm=\"HmacSHA256\", headers=\"host date (request-target) digest v-c-merchant-id\", signature=\"6bGEPY1GCYiw5g+n6aFBU9uc6acEhII7oV75VFimiSY=\""
[2023-06-15T21:45:51.059Z] [INFO] [ApiClient206793325] : "User-Agent : Mozilla/5.0"
[2023-06-15T21:45:51.061Z] [INFO] [ApiClient206793325] : "************************  LOGGING END  ************************"
[2023-06-15T21:47:40.846Z] [INFO] [MerchantConfig488266050] : "************************ LOGGING START ************************"
[2023-06-15T21:47:40.855Z] [INFO] [ApiClient794742408] : "Authentication Type : http_signature"
[2023-06-15T21:47:40.856Z] [INFO] [ApiClient794742408] : "Request Type : POST"
[2023-06-15T21:47:40.857Z] [INFO] [ApiClient794742408] : "signatureHeader : keyid=\"08c94330-f618-42a3-b09d-e1e43be5efda\", algorithm=\"HmacSHA256\", headers=\"host date (request-target) digest v-c-merchant-id\", signature=\"22ZCI14GsxRH4NnLWo04FIIV2+Jb5oqGFxbjBkTu9Q4=\""
[2023-06-15T21:47:40.857Z] [INFO] [ApiClient794742408] : "digest : SHA-256=Ybihe51PHM3Kff39piWr15ckGlflyB132A/WkjcorAI="
[2023-06-15T21:47:40.858Z] [INFO] [ApiClient794742408] : "v-c-merchant-id : testrest"
[2023-06-15T21:47:40.860Z] [INFO] [ApiClient794742408] : "date : Thu, 15 Jun 2023 21:47:40 GMT"
[2023-06-15T21:47:40.861Z] [INFO] [ApiClient794742408] : "host : apitest.cybersource.com"
[2023-06-15T21:47:40.861Z] [INFO] [ApiClient794742408] : "signature : keyid=\"08c94330-f618-42a3-b09d-e1e43be5efda\", algorithm=\"HmacSHA256\", headers=\"host date (request-target) digest v-c-merchant-id\", signature=\"22ZCI14GsxRH4NnLWo04FIIV2+Jb5oqGFxbjBkTu9Q4=\""
[2023-06-15T21:47:40.862Z] [INFO] [ApiClient794742408] : "User-Agent : Mozilla/5.0"
[2023-06-15T21:47:40.863Z] [INFO] [ApiClient794742408] : "************************  LOGGING END  ************************"
[2023-06-15T21:49:47.009Z] [INFO] [MerchantConfig802158633] : "************************ LOGGING START ************************"
[2023-06-15T21:49:47.019Z] [INFO] [ApiClient946612135] : "Authentication Type : http_signature"
[2023-06-15T21:49:47.022Z] [INFO] [ApiClient946612135] : "Request Type : POST"
[2023-06-15T21:49:47.029Z] [INFO] [ApiClient946612135] : "signatureHeader : keyid=\"08c94330-f618-42a3-b09d-e1e43be5efda\", algorithm=\"HmacSHA256\", headers=\"host date (request-target) digest v-c-merchant-id\", signature=\"L6siF9wNmFRt7b+MAWiPv9ue5M/Usqy0W0P0bDgsMWE=\""
[2023-06-15T21:49:47.030Z] [INFO] [ApiClient946612135] : "digest : SHA-256=GdLBStAgMlxLIjmNm6vibkuuWUa6YFrmdFH1J+7G6nc="
[2023-06-15T21:49:47.030Z] [INFO] [ApiClient946612135] : "v-c-merchant-id : testrest"
[2023-06-15T21:49:47.030Z] [INFO] [ApiClient946612135] : "date : Thu, 15 Jun 2023 21:49:47 GMT"
[2023-06-15T21:49:47.030Z] [INFO] [ApiClient946612135] : "host : apitest.cybersource.com"
[2023-06-15T21:49:47.031Z] [INFO] [ApiClient946612135] : "signature : keyid=\"08c94330-f618-42a3-b09d-e1e43be5efda\", algorithm=\"HmacSHA256\", headers=\"host date (request-target) digest v-c-merchant-id\", signature=\"L6siF9wNmFRt7b+MAWiPv9ue5M/Usqy0W0P0bDgsMWE=\""
[2023-06-15T21:49:47.031Z] [INFO] [ApiClient946612135] : "User-Agent : Mozilla/5.0"
[2023-06-15T21:49:47.031Z] [INFO] [ApiClient946612135] : "************************  LOGGING END  ************************"
[2023-06-15T21:52:31.828Z] [INFO] [MerchantConfig914134689] : "************************ LOGGING START ************************"
[2023-06-15T21:52:31.833Z] [INFO] [ApiClient67791754] : "Authentication Type : http_signature"
[2023-06-15T21:52:31.833Z] [INFO] [ApiClient67791754] : "Request Type : POST"
[2023-06-15T21:52:31.835Z] [INFO] [ApiClient67791754] : "signatureHeader : keyid=\"08c94330-f618-42a3-b09d-e1e43be5efda\", algorithm=\"HmacSHA256\", headers=\"host date (request-target) digest v-c-merchant-id\", signature=\"F5EcNAw5JAg3ljsI0bkjgUbqlcGIwpPwgPQg72+dWbA=\""
[2023-06-15T21:52:31.835Z] [INFO] [ApiClient67791754] : "digest : SHA-256=GdLBStAgMlxLIjmNm6vibkuuWUa6YFrmdFH1J+7G6nc="
[2023-06-15T21:52:31.835Z] [INFO] [ApiClient67791754] : "v-c-merchant-id : testrest"
[2023-06-15T21:52:31.836Z] [INFO] [ApiClient67791754] : "date : Thu, 15 Jun 2023 21:52:31 GMT"
[2023-06-15T21:52:31.837Z] [INFO] [ApiClient67791754] : "host : apitest.cybersource.com"
[2023-06-15T21:52:31.838Z] [INFO] [ApiClient67791754] : "signature : keyid=\"08c94330-f618-42a3-b09d-e1e43be5efda\", algorithm=\"HmacSHA256\", headers=\"host date (request-target) digest v-c-merchant-id\", signature=\"F5EcNAw5JAg3ljsI0bkjgUbqlcGIwpPwgPQg72+dWbA=\""
[2023-06-15T21:52:31.838Z] [INFO] [ApiClient67791754] : "User-Agent : Mozilla/5.0"
[2023-06-15T21:52:31.838Z] [INFO] [ApiClient67791754] : "************************  LOGGING END  ************************"
[2023-06-15T21:54:01.287Z] [INFO] [MerchantConfig249490604] : "************************ LOGGING START ************************"
[2023-06-15T21:54:01.295Z] [INFO] [ApiClient34018034] : "Authentication Type : http_signature"
[2023-06-15T21:54:01.301Z] [INFO] [ApiClient34018034] : "Request Type : POST"
[2023-06-15T21:54:01.306Z] [INFO] [ApiClient34018034] : "signatureHeader : keyid=\"08c94330-f618-42a3-b09d-e1e43be5efda\", algorithm=\"HmacSHA256\", headers=\"host date (request-target) digest v-c-merchant-id\", signature=\"PQgTddy43jq44q+Hv2Qr5mKgyV09vFBRzBYaAnl2Up8=\""
[2023-06-15T21:54:01.306Z] [INFO] [ApiClient34018034] : "digest : SHA-256=Ybihe51PHM3Kff39piWr15ckGlflyB132A/WkjcorAI="
[2023-06-15T21:54:01.306Z] [INFO] [ApiClient34018034] : "v-c-merchant-id : testrest"
[2023-06-15T21:54:01.307Z] [INFO] [ApiClient34018034] : "date : Thu, 15 Jun 2023 21:54:01 GMT"
[2023-06-15T21:54:01.307Z] [INFO] [ApiClient34018034] : "host : apitest.cybersource.com"
[2023-06-15T21:54:01.307Z] [INFO] [ApiClient34018034] : "signature : keyid=\"08c94330-f618-42a3-b09d-e1e43be5efda\", algorithm=\"HmacSHA256\", headers=\"host date (request-target) digest v-c-merchant-id\", signature=\"PQgTddy43jq44q+Hv2Qr5mKgyV09vFBRzBYaAnl2Up8=\""
[2023-06-15T21:54:01.307Z] [INFO] [ApiClient34018034] : "User-Agent : Mozilla/5.0"
[2023-06-15T21:54:01.307Z] [INFO] [ApiClient34018034] : "************************  LOGGING END  ************************"
[2023-06-15T21:54:32.968Z] [INFO] [MerchantConfig20176525] : "************************ LOGGING START ************************"
[2023-06-15T21:54:32.977Z] [INFO] [ApiClient523126943] : "Authentication Type : http_signature"
[2023-06-15T21:54:32.978Z] [INFO] [ApiClient523126943] : "Request Type : POST"
[2023-06-15T21:54:32.983Z] [INFO] [ApiClient523126943] : "signatureHeader : keyid=\"08c94330-f618-42a3-b09d-e1e43be5efda\", algorithm=\"HmacSHA256\", headers=\"host date (request-target) digest v-c-merchant-id\", signature=\"ooUUUagJM2ACnbGqgqNuUkAac+VacTRKvmnAsNtWO3Y=\""
[2023-06-15T21:54:32.983Z] [INFO] [ApiClient523126943] : "digest : SHA-256=Ybihe51PHM3Kff39piWr15ckGlflyB132A/WkjcorAI="
[2023-06-15T21:54:32.983Z] [INFO] [ApiClient523126943] : "v-c-merchant-id : testrest"
[2023-06-15T21:54:32.983Z] [INFO] [ApiClient523126943] : "date : Thu, 15 Jun 2023 21:54:32 GMT"
[2023-06-15T21:54:32.984Z] [INFO] [ApiClient523126943] : "host : apitest.cybersource.com"
[2023-06-15T21:54:32.984Z] [INFO] [ApiClient523126943] : "signature : keyid=\"08c94330-f618-42a3-b09d-e1e43be5efda\", algorithm=\"HmacSHA256\", headers=\"host date (request-target) digest v-c-merchant-id\", signature=\"ooUUUagJM2ACnbGqgqNuUkAac+VacTRKvmnAsNtWO3Y=\""
[2023-06-15T21:54:32.984Z] [INFO] [ApiClient523126943] : "User-Agent : Mozilla/5.0"
[2023-06-15T21:54:32.984Z] [INFO] [ApiClient523126943] : "************************  LOGGING END  ************************"
[2023-06-16T06:28:12.867Z] [INFO] [MerchantConfig676217213] : "************************ LOGGING START ************************"
[2023-06-16T06:28:12.881Z] [INFO] [ApiClient50116795] : "Authentication Type : http_signature"
[2023-06-16T06:28:12.882Z] [INFO] [ApiClient50116795] : "Request Type : POST"
[2023-06-16T06:28:12.883Z] [INFO] [ApiClient50116795] : "signatureHeader : keyid=\"08c94330-f618-42a3-b09d-e1e43be5efda\", algorithm=\"HmacSHA256\", headers=\"host date (request-target) digest v-c-merchant-id\", signature=\"R/n7mov+EhXD+G66t7XGUJLPK1i5MzUlo9Q0AjEQMdY=\""
[2023-06-16T06:28:12.883Z] [INFO] [ApiClient50116795] : "digest : SHA-256=eQzY6g7fWmSmeeHU2tRScz5MzhHmyQ+pdvYMW1ZXOnc="
[2023-06-16T06:28:12.883Z] [INFO] [ApiClient50116795] : "v-c-merchant-id : testrest"
[2023-06-16T06:28:12.883Z] [INFO] [ApiClient50116795] : "date : Fri, 16 Jun 2023 06:28:12 GMT"
[2023-06-16T06:28:12.884Z] [INFO] [ApiClient50116795] : "host : apitest.cybersource.com"
[2023-06-16T06:28:12.884Z] [INFO] [ApiClient50116795] : "signature : keyid=\"08c94330-f618-42a3-b09d-e1e43be5efda\", algorithm=\"HmacSHA256\", headers=\"host date (request-target) digest v-c-merchant-id\", signature=\"R/n7mov+EhXD+G66t7XGUJLPK1i5MzUlo9Q0AjEQMdY=\""
[2023-06-16T06:28:12.884Z] [INFO] [ApiClient50116795] : "User-Agent : Mozilla/5.0"
[2023-06-16T06:28:12.884Z] [INFO] [ApiClient50116795] : "************************  LOGGING END  ************************"
[2023-06-16T06:30:03.590Z] [INFO] [MerchantConfig729158084] : "************************ LOGGING START ************************"
[2023-06-16T06:30:03.594Z] [INFO] [ApiClient571790040] : "Authentication Type : http_signature"
[2023-06-16T06:30:03.594Z] [INFO] [ApiClient571790040] : "Request Type : POST"
[2023-06-16T06:30:03.595Z] [INFO] [ApiClient571790040] : "signatureHeader : keyid=\"08c94330-f618-42a3-b09d-e1e43be5efda\", algorithm=\"HmacSHA256\", headers=\"host date (request-target) digest v-c-merchant-id\", signature=\"J5AIJOFli1E6bf0zrPyawR7D1lCWHMxhKAiPTwK3ia0=\""
[2023-06-16T06:30:03.595Z] [INFO] [ApiClient571790040] : "digest : SHA-256=eQzY6g7fWmSmeeHU2tRScz5MzhHmyQ+pdvYMW1ZXOnc="
[2023-06-16T06:30:03.595Z] [INFO] [ApiClient571790040] : "v-c-merchant-id : testrest"
[2023-06-16T06:30:03.595Z] [INFO] [ApiClient571790040] : "date : Fri, 16 Jun 2023 06:30:03 GMT"
[2023-06-16T06:30:03.595Z] [INFO] [ApiClient571790040] : "host : apitest.cybersource.com"
[2023-06-16T06:30:03.595Z] [INFO] [ApiClient571790040] : "signature : keyid=\"08c94330-f618-42a3-b09d-e1e43be5efda\", algorithm=\"HmacSHA256\", headers=\"host date (request-target) digest v-c-merchant-id\", signature=\"J5AIJOFli1E6bf0zrPyawR7D1lCWHMxhKAiPTwK3ia0=\""
[2023-06-16T06:30:03.595Z] [INFO] [ApiClient571790040] : "User-Agent : Mozilla/5.0"
[2023-06-16T06:30:03.596Z] [INFO] [ApiClient571790040] : "************************  LOGGING END  ************************"
[2023-06-16T06:31:39.385Z] [INFO] [MerchantConfig619083151] : "************************ LOGGING START ************************"
[2023-06-16T06:31:39.396Z] [INFO] [ApiClient703312088] : "Authentication Type : http_signature"
[2023-06-16T06:31:39.397Z] [INFO] [ApiClient703312088] : "Request Type : POST"
[2023-06-16T06:31:39.401Z] [INFO] [ApiClient703312088] : "signatureHeader : keyid=\"08c94330-f618-42a3-b09d-e1e43be5efda\", algorithm=\"HmacSHA256\", headers=\"host date (request-target) digest v-c-merchant-id\", signature=\"HjfNNcoPKACmHRgWElUIy9rGoZMFaAEiS4VYFwmbbx8=\""
[2023-06-16T06:31:39.401Z] [INFO] [ApiClient703312088] : "digest : SHA-256=eQzY6g7fWmSmeeHU2tRScz5MzhHmyQ+pdvYMW1ZXOnc="
[2023-06-16T06:31:39.402Z] [INFO] [ApiClient703312088] : "v-c-merchant-id : testrest"
[2023-06-16T06:31:39.402Z] [INFO] [ApiClient703312088] : "date : Fri, 16 Jun 2023 06:31:39 GMT"
[2023-06-16T06:31:39.402Z] [INFO] [ApiClient703312088] : "host : apitest.cybersource.com"
[2023-06-16T06:31:39.402Z] [INFO] [ApiClient703312088] : "signature : keyid=\"08c94330-f618-42a3-b09d-e1e43be5efda\", algorithm=\"HmacSHA256\", headers=\"host date (request-target) digest v-c-merchant-id\", signature=\"HjfNNcoPKACmHRgWElUIy9rGoZMFaAEiS4VYFwmbbx8=\""
[2023-06-16T06:31:39.403Z] [INFO] [ApiClient703312088] : "User-Agent : Mozilla/5.0"
[2023-06-16T06:31:39.403Z] [INFO] [ApiClient703312088] : "************************  LOGGING END  ************************"
[2023-06-16T06:31:51.192Z] [INFO] [MerchantConfig138924689] : "************************ LOGGING START ************************"
[2023-06-16T06:31:51.202Z] [INFO] [ApiClient849566989] : "Authentication Type : http_signature"
[2023-06-16T06:31:51.202Z] [INFO] [ApiClient849566989] : "Request Type : POST"
[2023-06-16T06:31:51.203Z] [INFO] [ApiClient849566989] : "signatureHeader : keyid=\"08c94330-f618-42a3-b09d-e1e43be5efda\", algorithm=\"HmacSHA256\", headers=\"host date (request-target) digest v-c-merchant-id\", signature=\"l0m7fbR5dTkuI4TPRg3HRYbLLZ1lAzeptdU5hSO63vM=\""
[2023-06-16T06:31:51.203Z] [INFO] [ApiClient849566989] : "digest : SHA-256=eQzY6g7fWmSmeeHU2tRScz5MzhHmyQ+pdvYMW1ZXOnc="
[2023-06-16T06:31:51.203Z] [INFO] [ApiClient849566989] : "v-c-merchant-id : testrest"
[2023-06-16T06:31:51.203Z] [INFO] [ApiClient849566989] : "date : Fri, 16 Jun 2023 06:31:51 GMT"
[2023-06-16T06:31:51.203Z] [INFO] [ApiClient849566989] : "host : apitest.cybersource.com"
[2023-06-16T06:31:51.204Z] [INFO] [ApiClient849566989] : "signature : keyid=\"08c94330-f618-42a3-b09d-e1e43be5efda\", algorithm=\"HmacSHA256\", headers=\"host date (request-target) digest v-c-merchant-id\", signature=\"l0m7fbR5dTkuI4TPRg3HRYbLLZ1lAzeptdU5hSO63vM=\""
[2023-06-16T06:31:51.204Z] [INFO] [ApiClient849566989] : "User-Agent : Mozilla/5.0"
[2023-06-16T06:31:51.204Z] [INFO] [ApiClient849566989] : "************************  LOGGING END  ************************"
[2023-06-16T06:32:22.815Z] [INFO] [MerchantConfig907636422] : "************************ LOGGING START ************************"
[2023-06-16T06:32:22.817Z] [INFO] [ApiClient647370085] : "Authentication Type : http_signature"
[2023-06-16T06:32:22.817Z] [INFO] [ApiClient647370085] : "Request Type : POST"
[2023-06-16T06:32:22.817Z] [INFO] [ApiClient647370085] : "signatureHeader : keyid=\"08c94330-f618-42a3-b09d-e1e43be5efda\", algorithm=\"HmacSHA256\", headers=\"host date (request-target) digest v-c-merchant-id\", signature=\"wOh+cCeui+G/ad+ti4Kj+GOIehmLb9qx9yaIDL74DFs=\""
[2023-06-16T06:32:22.818Z] [INFO] [ApiClient647370085] : "digest : SHA-256=eQzY6g7fWmSmeeHU2tRScz5MzhHmyQ+pdvYMW1ZXOnc="
[2023-06-16T06:32:22.818Z] [INFO] [ApiClient647370085] : "v-c-merchant-id : testrest"
[2023-06-16T06:32:22.818Z] [INFO] [ApiClient647370085] : "date : Fri, 16 Jun 2023 06:32:22 GMT"
[2023-06-16T06:32:22.818Z] [INFO] [ApiClient647370085] : "host : apitest.cybersource.com"
[2023-06-16T06:32:22.819Z] [INFO] [ApiClient647370085] : "signature : keyid=\"08c94330-f618-42a3-b09d-e1e43be5efda\", algorithm=\"HmacSHA256\", headers=\"host date (request-target) digest v-c-merchant-id\", signature=\"wOh+cCeui+G/ad+ti4Kj+GOIehmLb9qx9yaIDL74DFs=\""
[2023-06-16T06:32:22.819Z] [INFO] [ApiClient647370085] : "User-Agent : Mozilla/5.0"
[2023-06-16T06:32:22.819Z] [INFO] [ApiClient647370085] : "************************  LOGGING END  ************************"
[2023-06-16T06:32:30.446Z] [INFO] [MerchantConfig829890936] : "************************ LOGGING START ************************"
[2023-06-16T06:32:30.450Z] [INFO] [ApiClient190104596] : "Authentication Type : http_signature"
[2023-06-16T06:32:30.450Z] [INFO] [ApiClient190104596] : "Request Type : POST"
[2023-06-16T06:32:30.450Z] [INFO] [ApiClient190104596] : "signatureHeader : keyid=\"08c94330-f618-42a3-b09d-e1e43be5efda\", algorithm=\"HmacSHA256\", headers=\"host date (request-target) digest v-c-merchant-id\", signature=\"z9Lf/JyYx3oD0PU0XnmemgJdwudX66KxI1gt74+7GDc=\""
[2023-06-16T06:32:30.451Z] [INFO] [ApiClient190104596] : "digest : SHA-256=eQzY6g7fWmSmeeHU2tRScz5MzhHmyQ+pdvYMW1ZXOnc="
[2023-06-16T06:32:30.451Z] [INFO] [ApiClient190104596] : "v-c-merchant-id : testrest"
[2023-06-16T06:32:30.451Z] [INFO] [ApiClient190104596] : "date : Fri, 16 Jun 2023 06:32:30 GMT"
[2023-06-16T06:32:30.452Z] [INFO] [ApiClient190104596] : "host : apitest.cybersource.com"
[2023-06-16T06:32:30.452Z] [INFO] [ApiClient190104596] : "signature : keyid=\"08c94330-f618-42a3-b09d-e1e43be5efda\", algorithm=\"HmacSHA256\", headers=\"host date (request-target) digest v-c-merchant-id\", signature=\"z9Lf/JyYx3oD0PU0XnmemgJdwudX66KxI1gt74+7GDc=\""
[2023-06-16T06:32:30.452Z] [INFO] [ApiClient190104596] : "User-Agent : Mozilla/5.0"
[2023-06-16T06:32:30.452Z] [INFO] [ApiClient190104596] : "************************  LOGGING END  ************************"
[2023-06-16T06:45:01.418Z] [INFO] [MerchantConfig650937175] : "************************ LOGGING START ************************"
[2023-06-16T06:45:01.433Z] [INFO] [ApiClient647324512] : "Authentication Type : http_signature"
[2023-06-16T06:45:01.434Z] [INFO] [ApiClient647324512] : "Request Type : POST"
[2023-06-16T06:45:01.437Z] [INFO] [ApiClient647324512] : "signatureHeader : keyid=\"08c94330-f618-42a3-b09d-e1e43be5efda\", algorithm=\"HmacSHA256\", headers=\"host date (request-target) digest v-c-merchant-id\", signature=\"IJ9JH1u1zhI88JleLsO7hG0FmmMtKDRDmkFEbjVU/LA=\""
[2023-06-16T06:45:01.438Z] [INFO] [ApiClient647324512] : "digest : SHA-256=eQzY6g7fWmSmeeHU2tRScz5MzhHmyQ+pdvYMW1ZXOnc="
[2023-06-16T06:45:01.438Z] [INFO] [ApiClient647324512] : "v-c-merchant-id : testrest"
[2023-06-16T06:45:01.438Z] [INFO] [ApiClient647324512] : "date : Fri, 16 Jun 2023 06:45:01 GMT"
[2023-06-16T06:45:01.439Z] [INFO] [ApiClient647324512] : "host : apitest.cybersource.com"
[2023-06-16T06:45:01.440Z] [INFO] [ApiClient647324512] : "signature : keyid=\"08c94330-f618-42a3-b09d-e1e43be5efda\", algorithm=\"HmacSHA256\", headers=\"host date (request-target) digest v-c-merchant-id\", signature=\"IJ9JH1u1zhI88JleLsO7hG0FmmMtKDRDmkFEbjVU/LA=\""
[2023-06-16T06:45:01.440Z] [INFO] [ApiClient647324512] : "User-Agent : Mozilla/5.0"
[2023-06-16T06:45:01.441Z] [INFO] [ApiClient647324512] : "************************  LOGGING END  ************************"
[2023-06-16T06:45:07.099Z] [INFO] [MerchantConfig612067693] : "************************ LOGGING START ************************"
[2023-06-16T06:45:07.105Z] [INFO] [ApiClient853007914] : "Authentication Type : http_signature"
[2023-06-16T06:45:07.105Z] [INFO] [ApiClient853007914] : "Request Type : POST"
[2023-06-16T06:45:07.106Z] [INFO] [ApiClient853007914] : "signatureHeader : keyid=\"08c94330-f618-42a3-b09d-e1e43be5efda\", algorithm=\"HmacSHA256\", headers=\"host date (request-target) digest v-c-merchant-id\", signature=\"n76I/fRqfgf6JhNw4ORFv7xIimGdoPVO+5tHsEpnlUc=\""
[2023-06-16T06:45:07.107Z] [INFO] [ApiClient853007914] : "digest : SHA-256=eQzY6g7fWmSmeeHU2tRScz5MzhHmyQ+pdvYMW1ZXOnc="
[2023-06-16T06:45:07.108Z] [INFO] [ApiClient853007914] : "v-c-merchant-id : testrest"
[2023-06-16T06:45:07.108Z] [INFO] [ApiClient853007914] : "date : Fri, 16 Jun 2023 06:45:07 GMT"
[2023-06-16T06:45:07.108Z] [INFO] [ApiClient853007914] : "host : apitest.cybersource.com"
[2023-06-16T06:45:07.109Z] [INFO] [ApiClient853007914] : "signature : keyid=\"08c94330-f618-42a3-b09d-e1e43be5efda\", algorithm=\"HmacSHA256\", headers=\"host date (request-target) digest v-c-merchant-id\", signature=\"n76I/fRqfgf6JhNw4ORFv7xIimGdoPVO+5tHsEpnlUc=\""
[2023-06-16T06:45:07.109Z] [INFO] [ApiClient853007914] : "User-Agent : Mozilla/5.0"
[2023-06-16T06:45:07.109Z] [INFO] [ApiClient853007914] : "************************  LOGGING END  ************************"
[2023-06-16T06:45:25.272Z] [INFO] [MerchantConfig103296412] : "************************ LOGGING START ************************"
[2023-06-16T06:45:25.275Z] [INFO] [ApiClient253510013] : "Authentication Type : http_signature"
[2023-06-16T06:45:25.276Z] [INFO] [ApiClient253510013] : "Request Type : POST"
[2023-06-16T06:45:25.276Z] [INFO] [ApiClient253510013] : "signatureHeader : keyid=\"08c94330-f618-42a3-b09d-e1e43be5efda\", algorithm=\"HmacSHA256\", headers=\"host date (request-target) digest v-c-merchant-id\", signature=\"yy16lhZe+xESDvHtVj641EMUMxa2oxdb7ck/CLwGOsw=\""
[2023-06-16T06:45:25.277Z] [INFO] [ApiClient253510013] : "digest : SHA-256=eQzY6g7fWmSmeeHU2tRScz5MzhHmyQ+pdvYMW1ZXOnc="
[2023-06-16T06:45:25.278Z] [INFO] [ApiClient253510013] : "v-c-merchant-id : testrest"
[2023-06-16T06:45:25.278Z] [INFO] [ApiClient253510013] : "date : Fri, 16 Jun 2023 06:45:25 GMT"
[2023-06-16T06:45:25.278Z] [INFO] [ApiClient253510013] : "host : apitest.cybersource.com"
[2023-06-16T06:45:25.278Z] [INFO] [ApiClient253510013] : "signature : keyid=\"08c94330-f618-42a3-b09d-e1e43be5efda\", algorithm=\"HmacSHA256\", headers=\"host date (request-target) digest v-c-merchant-id\", signature=\"yy16lhZe+xESDvHtVj641EMUMxa2oxdb7ck/CLwGOsw=\""
[2023-06-16T06:45:25.279Z] [INFO] [ApiClient253510013] : "User-Agent : Mozilla/5.0"
[2023-06-16T06:45:25.279Z] [INFO] [ApiClient253510013] : "************************  LOGGING END  ************************"
[2023-06-16T06:45:45.594Z] [INFO] [MerchantConfig524307401] : "************************ LOGGING START ************************"
[2023-06-16T06:45:45.597Z] [INFO] [ApiClient385746855] : "Authentication Type : http_signature"
[2023-06-16T06:45:45.597Z] [INFO] [ApiClient385746855] : "Request Type : POST"
[2023-06-16T06:45:45.597Z] [INFO] [ApiClient385746855] : "signatureHeader : keyid=\"08c94330-f618-42a3-b09d-e1e43be5efda\", algorithm=\"HmacSHA256\", headers=\"host date (request-target) digest v-c-merchant-id\", signature=\"8vV5/1NaT4NLmV7r8R96Ljlqihcw51s7Vz4rb3ydBWU=\""
[2023-06-16T06:45:45.598Z] [INFO] [ApiClient385746855] : "digest : SHA-256=eQzY6g7fWmSmeeHU2tRScz5MzhHmyQ+pdvYMW1ZXOnc="
[2023-06-16T06:45:45.599Z] [INFO] [ApiClient385746855] : "v-c-merchant-id : testrest"
[2023-06-16T06:45:45.599Z] [INFO] [ApiClient385746855] : "date : Fri, 16 Jun 2023 06:45:45 GMT"
[2023-06-16T06:45:45.600Z] [INFO] [ApiClient385746855] : "host : apitest.cybersource.com"
[2023-06-16T06:45:45.600Z] [INFO] [ApiClient385746855] : "signature : keyid=\"08c94330-f618-42a3-b09d-e1e43be5efda\", algorithm=\"HmacSHA256\", headers=\"host date (request-target) digest v-c-merchant-id\", signature=\"8vV5/1NaT4NLmV7r8R96Ljlqihcw51s7Vz4rb3ydBWU=\""
[2023-06-16T06:45:45.600Z] [INFO] [ApiClient385746855] : "User-Agent : Mozilla/5.0"
[2023-06-16T06:45:45.600Z] [INFO] [ApiClient385746855] : "************************  LOGGING END  ************************"
[2023-06-16T06:46:10.332Z] [INFO] [ApiClient621244095] : "Authentication Type : http_signature"
[2023-06-16T06:46:10.333Z] [INFO] [ApiClient621244095] : "Request Type : POST"
[2023-06-16T06:46:10.333Z] [INFO] [ApiClient621244095] : "signatureHeader : keyid=\"08c94330-f618-42a3-b09d-e1e43be5efda\", algorithm=\"HmacSHA256\", headers=\"host date (request-target) digest v-c-merchant-id\", signature=\"QzeJf3Mtc/yltQu+qPGNOj87QcCVbKJbkQSttB/3aPU=\""
[2023-06-16T06:46:10.334Z] [INFO] [ApiClient621244095] : "digest : SHA-256=eQzY6g7fWmSmeeHU2tRScz5MzhHmyQ+pdvYMW1ZXOnc="
[2023-06-16T06:46:10.334Z] [INFO] [ApiClient621244095] : "v-c-merchant-id : testrest"
[2023-06-16T06:46:10.335Z] [INFO] [ApiClient621244095] : "date : Fri, 16 Jun 2023 06:46:10 GMT"
[2023-06-16T06:46:10.335Z] [INFO] [ApiClient621244095] : "host : apitest.cybersource.com"
[2023-06-16T06:46:10.335Z] [INFO] [ApiClient621244095] : "signature : keyid=\"08c94330-f618-42a3-b09d-e1e43be5efda\", algorithm=\"HmacSHA256\", headers=\"host date (request-target) digest v-c-merchant-id\", signature=\"QzeJf3Mtc/yltQu+qPGNOj87QcCVbKJbkQSttB/3aPU=\""
[2023-06-16T06:46:10.335Z] [INFO] [ApiClient621244095] : "User-Agent : Mozilla/5.0"
[2023-06-16T06:46:10.336Z] [INFO] [ApiClient621244095] : "************************  LOGGING END  ************************"
[2023-06-16T06:46:10.328Z] [INFO] [MerchantConfig129874408] : "************************ LOGGING START ************************"
[2023-06-16T07:04:02.525Z] [INFO] [MerchantConfig689327516] : "************************ LOGGING START ************************"
[2023-06-16T07:04:02.530Z] [INFO] [ApiClient455311396] : "Authentication Type : http_signature"
[2023-06-16T07:04:02.530Z] [INFO] [ApiClient455311396] : "Request Type : POST"
[2023-06-16T07:04:02.531Z] [INFO] [ApiClient455311396] : "signatureHeader : keyid=\"08c94330-f618-42a3-b09d-e1e43be5efda\", algorithm=\"HmacSHA256\", headers=\"host date (request-target) digest v-c-merchant-id\", signature=\"trMfZkcjIQ4CZ7yRMhwleK+ClLfiCcelBQmNPHTSNW0=\""
[2023-06-16T07:04:02.532Z] [INFO] [ApiClient455311396] : "digest : SHA-256=eQzY6g7fWmSmeeHU2tRScz5MzhHmyQ+pdvYMW1ZXOnc="
[2023-06-16T07:04:02.532Z] [INFO] [ApiClient455311396] : "v-c-merchant-id : testrest"
[2023-06-16T07:04:02.534Z] [INFO] [ApiClient455311396] : "date : Fri, 16 Jun 2023 07:04:02 GMT"
[2023-06-16T07:04:02.534Z] [INFO] [ApiClient455311396] : "host : apitest.cybersource.com"
[2023-06-16T07:04:02.534Z] [INFO] [ApiClient455311396] : "signature : keyid=\"08c94330-f618-42a3-b09d-e1e43be5efda\", algorithm=\"HmacSHA256\", headers=\"host date (request-target) digest v-c-merchant-id\", signature=\"trMfZkcjIQ4CZ7yRMhwleK+ClLfiCcelBQmNPHTSNW0=\""
[2023-06-16T07:04:02.534Z] [INFO] [ApiClient455311396] : "User-Agent : Mozilla/5.0"
[2023-06-16T07:04:02.534Z] [INFO] [ApiClient455311396] : "************************  LOGGING END  ************************"
[2023-06-16T07:04:43.517Z] [INFO] [MerchantConfig648220381] : "************************ LOGGING START ************************"
[2023-06-16T07:04:43.524Z] [INFO] [ApiClient842335482] : "Authentication Type : http_signature"
[2023-06-16T07:04:43.525Z] [INFO] [ApiClient842335482] : "Request Type : POST"
[2023-06-16T07:04:43.525Z] [INFO] [ApiClient842335482] : "signatureHeader : keyid=\"08c94330-f618-42a3-b09d-e1e43be5efda\", algorithm=\"HmacSHA256\", headers=\"host date (request-target) digest v-c-merchant-id\", signature=\"mbRpAd4MUl2Uq79A71QwJP0T5V/tyzymE+8s1LdRTuw=\""
[2023-06-16T07:04:43.525Z] [INFO] [ApiClient842335482] : "digest : SHA-256=eQzY6g7fWmSmeeHU2tRScz5MzhHmyQ+pdvYMW1ZXOnc="
[2023-06-16T07:04:43.525Z] [INFO] [ApiClient842335482] : "v-c-merchant-id : testrest"
[2023-06-16T07:04:43.525Z] [INFO] [ApiClient842335482] : "date : Fri, 16 Jun 2023 07:04:43 GMT"
[2023-06-16T07:04:43.526Z] [INFO] [ApiClient842335482] : "host : apitest.cybersource.com"
[2023-06-16T07:04:43.526Z] [INFO] [ApiClient842335482] : "signature : keyid=\"08c94330-f618-42a3-b09d-e1e43be5efda\", algorithm=\"HmacSHA256\", headers=\"host date (request-target) digest v-c-merchant-id\", signature=\"mbRpAd4MUl2Uq79A71QwJP0T5V/tyzymE+8s1LdRTuw=\""
[2023-06-16T07:04:43.526Z] [INFO] [ApiClient842335482] : "User-Agent : Mozilla/5.0"
[2023-06-16T07:04:43.526Z] [INFO] [ApiClient842335482] : "************************  LOGGING END  ************************"
[2023-06-16T07:07:06.379Z] [INFO] [MerchantConfig11369874] : "************************ LOGGING START ************************"
[2023-06-16T07:07:06.404Z] [INFO] [ApiClient824740676] : "Authentication Type : http_signature"
[2023-06-16T07:07:06.404Z] [INFO] [ApiClient824740676] : "Request Type : POST"
[2023-06-16T07:07:06.406Z] [INFO] [ApiClient824740676] : "signatureHeader : keyid=\"08c94330-f618-42a3-b09d-e1e43be5efda\", algorithm=\"HmacSHA256\", headers=\"host date (request-target) digest v-c-merchant-id\", signature=\"12QarJz0oCHzXUB9BcDwQtrFDDW8FhA6CeaiK9fybuM=\""
[2023-06-16T07:07:06.407Z] [INFO] [ApiClient824740676] : "digest : SHA-256=eQzY6g7fWmSmeeHU2tRScz5MzhHmyQ+pdvYMW1ZXOnc="
[2023-06-16T07:07:06.407Z] [INFO] [ApiClient824740676] : "v-c-merchant-id : testrest"
[2023-06-16T07:07:06.407Z] [INFO] [ApiClient824740676] : "date : Fri, 16 Jun 2023 07:07:06 GMT"
[2023-06-16T07:07:06.407Z] [INFO] [ApiClient824740676] : "host : apitest.cybersource.com"
[2023-06-16T07:07:06.408Z] [INFO] [ApiClient824740676] : "signature : keyid=\"08c94330-f618-42a3-b09d-e1e43be5efda\", algorithm=\"HmacSHA256\", headers=\"host date (request-target) digest v-c-merchant-id\", signature=\"12QarJz0oCHzXUB9BcDwQtrFDDW8FhA6CeaiK9fybuM=\""
[2023-06-16T07:07:06.408Z] [INFO] [ApiClient824740676] : "User-Agent : Mozilla/5.0"
[2023-06-16T07:07:06.408Z] [INFO] [ApiClient824740676] : "************************  LOGGING END  ************************"
[2023-06-16T07:08:21.379Z] [INFO] [MerchantConfig496164692] : "************************ LOGGING START ************************"
[2023-06-16T07:08:21.386Z] [INFO] [ApiClient520680376] : "Authentication Type : http_signature"
[2023-06-16T07:08:21.387Z] [INFO] [ApiClient520680376] : "Request Type : POST"
[2023-06-16T07:08:21.388Z] [INFO] [ApiClient520680376] : "signatureHeader : keyid=\"08c94330-f618-42a3-b09d-e1e43be5efda\", algorithm=\"HmacSHA256\", headers=\"host date (request-target) digest v-c-merchant-id\", signature=\"MjYNRYJS/iaXeI2Q9pSLB2CEWNUMcSvTxyj7B/8Mr+k=\""
[2023-06-16T07:08:21.389Z] [INFO] [ApiClient520680376] : "digest : SHA-256=eQzY6g7fWmSmeeHU2tRScz5MzhHmyQ+pdvYMW1ZXOnc="
[2023-06-16T07:08:21.389Z] [INFO] [ApiClient520680376] : "v-c-merchant-id : testrest"
[2023-06-16T07:08:21.390Z] [INFO] [ApiClient520680376] : "date : Fri, 16 Jun 2023 07:08:21 GMT"
[2023-06-16T07:08:21.390Z] [INFO] [ApiClient520680376] : "host : apitest.cybersource.com"
[2023-06-16T07:08:21.391Z] [INFO] [ApiClient520680376] : "signature : keyid=\"08c94330-f618-42a3-b09d-e1e43be5efda\", algorithm=\"HmacSHA256\", headers=\"host date (request-target) digest v-c-merchant-id\", signature=\"MjYNRYJS/iaXeI2Q9pSLB2CEWNUMcSvTxyj7B/8Mr+k=\""
[2023-06-16T07:08:21.392Z] [INFO] [ApiClient520680376] : "User-Agent : Mozilla/5.0"
[2023-06-16T07:08:21.393Z] [INFO] [ApiClient520680376] : "************************  LOGGING END  ************************"
[2023-06-16T07:09:00.554Z] [INFO] [MerchantConfig943354380] : "************************ LOGGING START ************************"
[2023-06-16T07:09:00.558Z] [INFO] [ApiClient310032345] : "Authentication Type : http_signature"
[2023-06-16T07:09:00.560Z] [INFO] [ApiClient310032345] : "Request Type : POST"
[2023-06-16T07:09:00.561Z] [INFO] [ApiClient310032345] : "signatureHeader : keyid=\"08c94330-f618-42a3-b09d-e1e43be5efda\", algorithm=\"HmacSHA256\", headers=\"host date (request-target) digest v-c-merchant-id\", signature=\"e69T+Wx0zhwKe2By2xLVlTxHvthUhphl8JOl4zSzpbk=\""
[2023-06-16T07:09:00.563Z] [INFO] [ApiClient310032345] : "digest : SHA-256=eQzY6g7fWmSmeeHU2tRScz5MzhHmyQ+pdvYMW1ZXOnc="
[2023-06-16T07:09:00.564Z] [INFO] [ApiClient310032345] : "v-c-merchant-id : testrest"
[2023-06-16T07:09:00.564Z] [INFO] [ApiClient310032345] : "date : Fri, 16 Jun 2023 07:09:00 GMT"
[2023-06-16T07:09:00.564Z] [INFO] [ApiClient310032345] : "host : apitest.cybersource.com"
[2023-06-16T07:09:00.565Z] [INFO] [ApiClient310032345] : "signature : keyid=\"08c94330-f618-42a3-b09d-e1e43be5efda\", algorithm=\"HmacSHA256\", headers=\"host date (request-target) digest v-c-merchant-id\", signature=\"e69T+Wx0zhwKe2By2xLVlTxHvthUhphl8JOl4zSzpbk=\""
[2023-06-16T07:09:00.565Z] [INFO] [ApiClient310032345] : "User-Agent : Mozilla/5.0"
[2023-06-16T07:09:00.565Z] [INFO] [ApiClient310032345] : "************************  LOGGING END  ************************"
[2023-06-16T07:10:05.018Z] [INFO] [MerchantConfig103233503] : "************************ LOGGING START ************************"
[2023-06-16T07:10:05.022Z] [INFO] [ApiClient666143451] : "Authentication Type : http_signature"
[2023-06-16T07:10:05.022Z] [INFO] [ApiClient666143451] : "Request Type : POST"
[2023-06-16T07:10:05.023Z] [INFO] [ApiClient666143451] : "signatureHeader : keyid=\"08c94330-f618-42a3-b09d-e1e43be5efda\", algorithm=\"HmacSHA256\", headers=\"host date (request-target) digest v-c-merchant-id\", signature=\"qeex4QccANkuuIT1oEi03ZXksz+10TdyAL8/2/ZG3uM=\""
[2023-06-16T07:10:05.023Z] [INFO] [ApiClient666143451] : "digest : SHA-256=eQzY6g7fWmSmeeHU2tRScz5MzhHmyQ+pdvYMW1ZXOnc="
[2023-06-16T07:10:05.024Z] [INFO] [ApiClient666143451] : "v-c-merchant-id : testrest"
[2023-06-16T07:10:05.024Z] [INFO] [ApiClient666143451] : "date : Fri, 16 Jun 2023 07:10:05 GMT"
[2023-06-16T07:10:05.024Z] [INFO] [ApiClient666143451] : "host : apitest.cybersource.com"
[2023-06-16T07:10:05.024Z] [INFO] [ApiClient666143451] : "signature : keyid=\"08c94330-f618-42a3-b09d-e1e43be5efda\", algorithm=\"HmacSHA256\", headers=\"host date (request-target) digest v-c-merchant-id\", signature=\"qeex4QccANkuuIT1oEi03ZXksz+10TdyAL8/2/ZG3uM=\""
[2023-06-16T07:10:05.025Z] [INFO] [ApiClient666143451] : "User-Agent : Mozilla/5.0"
[2023-06-16T07:10:05.025Z] [INFO] [ApiClient666143451] : "************************  LOGGING END  ************************"
[2023-06-16T07:12:58.164Z] [INFO] [MerchantConfig777457336] : "************************ LOGGING START ************************"
[2023-06-16T07:12:58.178Z] [INFO] [ApiClient381638732] : "Authentication Type : http_signature"
[2023-06-16T07:12:58.178Z] [INFO] [ApiClient381638732] : "Request Type : POST"
[2023-06-16T07:12:58.179Z] [INFO] [ApiClient381638732] : "signatureHeader : keyid=\"08c94330-f618-42a3-b09d-e1e43be5efda\", algorithm=\"HmacSHA256\", headers=\"host date (request-target) digest v-c-merchant-id\", signature=\"sQCOShNDG9GFHaikmdL/Rw9Lu1I3fELN9sIPvGpP8uo=\""
[2023-06-16T07:12:58.180Z] [INFO] [ApiClient381638732] : "digest : SHA-256=33bjGVoLZnoyaNGq1zEB9Za1e6c/IsGrZZeNuQUTwPA="
[2023-06-16T07:12:58.180Z] [INFO] [ApiClient381638732] : "v-c-merchant-id : testrest"
[2023-06-16T07:12:58.180Z] [INFO] [ApiClient381638732] : "date : Fri, 16 Jun 2023 07:12:58 GMT"
[2023-06-16T07:12:58.180Z] [INFO] [ApiClient381638732] : "host : apitest.cybersource.com"
[2023-06-16T07:12:58.180Z] [INFO] [ApiClient381638732] : "signature : keyid=\"08c94330-f618-42a3-b09d-e1e43be5efda\", algorithm=\"HmacSHA256\", headers=\"host date (request-target) digest v-c-merchant-id\", signature=\"sQCOShNDG9GFHaikmdL/Rw9Lu1I3fELN9sIPvGpP8uo=\""
[2023-06-16T07:12:58.181Z] [INFO] [ApiClient381638732] : "User-Agent : Mozilla/5.0"
[2023-06-16T07:12:58.181Z] [INFO] [ApiClient381638732] : "************************  LOGGING END  ************************"
[2023-06-16T07:33:58.114Z] [INFO] [MerchantConfig477342641] : "************************ LOGGING START ************************"
[2023-06-16T07:33:58.121Z] [INFO] [ApiClient302819958] : "Authentication Type : http_signature"
[2023-06-16T07:33:58.121Z] [INFO] [ApiClient302819958] : "Request Type : POST"
[2023-06-16T07:33:58.121Z] [INFO] [ApiClient302819958] : "signatureHeader : keyid=\"08c94330-f618-42a3-b09d-e1e43be5efda\", algorithm=\"HmacSHA256\", headers=\"host date (request-target) digest v-c-merchant-id\", signature=\"Y6GN4IHHjgeAT29GsF44P6fJlYvz/HMO4Oi2NqCqveE=\""
[2023-06-16T07:33:58.122Z] [INFO] [ApiClient302819958] : "digest : SHA-256=33bjGVoLZnoyaNGq1zEB9Za1e6c/IsGrZZeNuQUTwPA="
[2023-06-16T07:33:58.124Z] [INFO] [ApiClient302819958] : "v-c-merchant-id : testrest"
[2023-06-16T07:33:58.124Z] [INFO] [ApiClient302819958] : "date : Fri, 16 Jun 2023 07:33:58 GMT"
[2023-06-16T07:33:58.124Z] [INFO] [ApiClient302819958] : "host : apitest.cybersource.com"
[2023-06-16T07:33:58.124Z] [INFO] [ApiClient302819958] : "signature : keyid=\"08c94330-f618-42a3-b09d-e1e43be5efda\", algorithm=\"HmacSHA256\", headers=\"host date (request-target) digest v-c-merchant-id\", signature=\"Y6GN4IHHjgeAT29GsF44P6fJlYvz/HMO4Oi2NqCqveE=\""
[2023-06-16T07:33:58.125Z] [INFO] [ApiClient302819958] : "User-Agent : Mozilla/5.0"
[2023-06-16T07:33:58.125Z] [INFO] [ApiClient302819958] : "************************  LOGGING END  ************************"
[2023-06-16T07:37:46.173Z] [INFO] [MerchantConfig916247360] : "************************ LOGGING START ************************"
[2023-06-16T07:37:46.177Z] [INFO] [ApiClient874397466] : "Authentication Type : http_signature"
[2023-06-16T07:37:46.178Z] [INFO] [ApiClient874397466] : "Request Type : POST"
[2023-06-16T07:37:46.178Z] [INFO] [ApiClient874397466] : "signatureHeader : keyid=\"08c94330-f618-42a3-b09d-e1e43be5efda\", algorithm=\"HmacSHA256\", headers=\"host date (request-target) digest v-c-merchant-id\", signature=\"XWf6l5jyh+naE85jRcbk/132o7STt+D9hp9rburqnsA=\""
[2023-06-16T07:37:46.179Z] [INFO] [ApiClient874397466] : "digest : SHA-256=fY+ryq5oBASU+m+DEZfom1z7bzkWTrTkXJC24o2Ih0Q="
[2023-06-16T07:37:46.179Z] [INFO] [ApiClient874397466] : "v-c-merchant-id : testrest"
[2023-06-16T07:37:46.179Z] [INFO] [ApiClient874397466] : "date : Fri, 16 Jun 2023 07:37:46 GMT"
[2023-06-16T07:37:46.179Z] [INFO] [ApiClient874397466] : "host : apitest.cybersource.com"
[2023-06-16T07:37:46.180Z] [INFO] [ApiClient874397466] : "signature : keyid=\"08c94330-f618-42a3-b09d-e1e43be5efda\", algorithm=\"HmacSHA256\", headers=\"host date (request-target) digest v-c-merchant-id\", signature=\"XWf6l5jyh+naE85jRcbk/132o7STt+D9hp9rburqnsA=\""
[2023-06-16T07:37:46.181Z] [INFO] [ApiClient874397466] : "User-Agent : Mozilla/5.0"
[2023-06-16T07:37:46.181Z] [INFO] [ApiClient874397466] : "************************  LOGGING END  ************************"
[2023-06-16T07:38:06.272Z] [INFO] [ApiClient424985482] : "Authentication Type : http_signature"
[2023-06-16T07:38:06.272Z] [INFO] [ApiClient424985482] : "Request Type : POST"
[2023-06-16T07:38:06.273Z] [INFO] [ApiClient424985482] : "signatureHeader : keyid=\"08c94330-f618-42a3-b09d-e1e43be5efda\", algorithm=\"HmacSHA256\", headers=\"host date (request-target) digest v-c-merchant-id\", signature=\"S7d1/JcrMrJLUD/9i9ZM4w3oLO28keoX3EhLdNudR64=\""
[2023-06-16T07:38:06.274Z] [INFO] [ApiClient424985482] : "digest : SHA-256=IOyyYfjSBVLSt3wyGG1V74s9qqUAVMlgUncRYPcks2M="
[2023-06-16T07:38:06.274Z] [INFO] [ApiClient424985482] : "v-c-merchant-id : testrest"
[2023-06-16T07:38:06.274Z] [INFO] [ApiClient424985482] : "date : Fri, 16 Jun 2023 07:38:06 GMT"
[2023-06-16T07:38:06.274Z] [INFO] [ApiClient424985482] : "host : apitest.cybersource.com"
[2023-06-16T07:38:06.275Z] [INFO] [ApiClient424985482] : "signature : keyid=\"08c94330-f618-42a3-b09d-e1e43be5efda\", algorithm=\"HmacSHA256\", headers=\"host date (request-target) digest v-c-merchant-id\", signature=\"S7d1/JcrMrJLUD/9i9ZM4w3oLO28keoX3EhLdNudR64=\""
[2023-06-16T07:38:06.275Z] [INFO] [ApiClient424985482] : "User-Agent : Mozilla/5.0"
[2023-06-16T07:38:06.276Z] [INFO] [ApiClient424985482] : "************************  LOGGING END  ************************"
[2023-06-16T07:38:06.265Z] [INFO] [MerchantConfig567730427] : "************************ LOGGING START ************************"
